<?xml version="1.0" encoding="utf-8"?>
<TestRun id="d1f764e8-20bb-47aa-9743-8e7eccb3a110" name="@Yuriys-MacBook-Pro 2026-08-10 23:56:50" xmlns="http://microsoft.com/schemas/VisualStudio/TeamTest/2010">
  <Times creation="2026-08-10T23:56:50.7026750+01:00" queuing="2026-08-10T23:56:50.7026750+01:00" start="2026-08-10T23:56:48.8288550+01:00" finish="2026-08-10T23:56:58.2261050+01:00" />
  <TestSettings name="default" id="db8ba87c-f3eb-4476-9ffd-150cae63e3e3">
    <Deployment runDeploymentRoot="_Yuriys-MacBook-Pro_2026-08-10_23_56_50" />
  </TestSettings>
  <Results>
    <UnitTestResult executionId="65766477-e91a-4170-9c0f-4e2d562ac354" testId="472b3e88-b076-1ea7-599d-3b5d984a797b" testName="StreamsForge.Engine.Tests.ValidatorTests.UnknownFunctionIsError" computerName="Yuriys-MacBook-Pro" duration="00:00:00.0001137" startTime="2026-08-10T23:56:51.0456670+01:00" endTime="2026-08-10T23:56:51.0456670+01:00" testType="13cdc9d9-ddb5-4fa4-a97d-d965ccfc6d4b" outcome="Passed" testListId="8c84fa94-04c1-424b-9868-57a2d4851a1d" relativeResultsDirectory="65766477-e91a-4170-9c0f-4e2d562ac354" />
    <UnitTestResult executionId="73dbdf74-0130-4d93-b8e8-997f126fa6ee" testId="c649711a-36f5-645f-f1cd-e16eb5d64887" testName="StreamsForge.Engine.Tests.TableOuterJoinOpUnitTests.Residual_NonEmptyBucketButNoPassingCandidate_StillPads_ThenUnpadsWhenOnePasses" computerName="Yuriys-MacBook-Pro" duration="00:00:00.0229622" startTime="2026-08-10T23:56:50.7291620+01:00" endTime="2026-08-10T23:56:50.7291620+01:00" testType="13cdc9d9-ddb5-4fa4-a97d-d965ccfc6d4b" outcome="Passed" testListId="8c84fa94-04c1-424b-9868-57a2d4851a1d" relativeResultsDirectory="73dbdf74-0130-4d93-b8e8-997f126fa6ee" />
    <UnitTestResult executionId="2da92358-e666-40db-95e3-c8ae1a7192b8" testId="ad5dad91-19a2-1300-ab2f-2c538e34b900" testName="StreamsForge.Engine.Tests.TableZSetTests.MinRetractionWithDuplicates_RemovingOneLeavesMinUnchanged_RemovingBothExposesNextValue" computerName="Yuriys-MacBook-Pro" duration="00:00:00.0085694" startTime="2026-08-10T23:56:50.6778420+01:00" endTime="2026-08-10T23:56:50.6778420+01:00" testType="13cdc9d9-ddb5-4fa4-a97d-d965ccfc6d4b" outcome="Passed" testListId="8c84fa94-04c1-424b-9868-57a2d4851a1d" relativeResultsDirectory="2da92358-e666-40db-95e3-c8ae1a7192b8" />
    <UnitTestResult executionId="23d55398-6e77-4f36-9682-32d0020a81aa" testId="29917594-2821-2262-868d-3303512ecedc" testName="StreamsForge.Engine.Tests.TableSearchIndexTests.RemoveMakesRowUnsearchable" computerName="Yuriys-MacBook-Pro" duration="00:00:00.0000763" startTime="2026-08-10T23:56:50.8261130+01:00" endTime="2026-08-10T23:56:50.8261130+01:00" testType="13cdc9d9-ddb5-4fa4-a97d-d965ccfc6d4b" outcome="Passed" testListId="8c84fa94-04c1-424b-9868-57a2d4851a1d" relativeResultsDirectory="23d55398-6e77-4f36-9682-32d0020a81aa" />
    <UnitTestResult executionId="1ebca0f5-3d64-4b5a-8690-9869823ef89d" testId="5a2bf317-87db-477f-5b32-94941ec486fc" testName="StreamsForge.Engine.Tests.NestedQueriesN2N3N4Tests.NotInNullRuleIgnoresNullSubqueryValues" computerName="Yuriys-MacBook-Pro" duration="00:00:00.0004203" startTime="2026-08-10T23:56:50.7292410+01:00" endTime="2026-08-10T23:56:50.7292410+01:00" testType="13cdc9d9-ddb5-4fa4-a97d-d965ccfc6d4b" outcome="Passed" testListId="8c84fa94-04c1-424b-9868-57a2d4851a1d" relativeResultsDirectory="1ebca0f5-3d64-4b5a-8690-9869823ef89d" />
    <UnitTestResult executionId="9df450c1-7cf5-448f-a40d-d1e3141d7edc" testId="b8b302b2-b47d-6418-d0ec-69b149824eef" testName="StreamsForge.Engine.Tests.NestedQueriesN2N3N4Tests.ExistsRetroactivelyAssertsPreviouslyFilteredRowsWhenBBecomesNonEmpty" computerName="Yuriys-MacBook-Pro" duration="00:00:00.0002795" startTime="2026-08-10T23:56:50.7294730+01:00" endTime="2026-08-10T23:56:50.7294730+01:00" testType="13cdc9d9-ddb5-4fa4-a97d-d965ccfc6d4b" outcome="Passed" testListId="8c84fa94-04c1-424b-9868-57a2d4851a1d" relativeResultsDirectory="9df450c1-7cf5-448f-a40d-d1e3141d7edc" />
    <UnitTestResult executionId="f2d153b2-c886-492a-a219-5e2cef3b67c2" testId="eabdc5fb-d339-a7ca-2d33-5f5168a3df91" testName="StreamsForge.Engine.Tests.TableOuterJoinPartitionedTests.FullJoin_Deterministic_FifoVsLifo" computerName="Yuriys-MacBook-Pro" duration="00:00:00.0019347" startTime="2026-08-10T23:56:51.0259680+01:00" endTime="2026-08-10T23:56:51.0259680+01:00" testType="13cdc9d9-ddb5-4fa4-a97d-d965ccfc6d4b" outcome="Passed" testListId="8c84fa94-04c1-424b-9868-57a2d4851a1d" relativeResultsDirectory="f2d153b2-c886-492a-a219-5e2cef3b67c2" />
    <UnitTestResult executionId="1596be0b-6b64-4d54-b999-d0d5c6446516" testId="bc769e2a-9b8a-a395-ef36-33d115117a63" testName="StreamsForge.Engine.Tests.NestedQueriesN1Tests.DerivedTableOutputSchemaFeedsOuterColumnResolutionWithRenamedColumn" computerName="Yuriys-MacBook-Pro" duration="00:00:00.0001145" startTime="2026-08-10T23:56:50.7080030+01:00" endTime="2026-08-10T23:56:50.7080030+01:00" testType="13cdc9d9-ddb5-4fa4-a97d-d965ccfc6d4b" outcome="Passed" testListId="8c84fa94-04c1-424b-9868-57a2d4851a1d" relativeResultsDirectory="1596be0b-6b64-4d54-b999-d0d5c6446516" />
    <UnitTestResult executionId="bb7151fa-29e1-4991-9525-8b2375803e74" testId="5c257c31-2927-0bca-3d03-7800ebba52dd" testName="StreamsForge.Engine.Tests.NestedQueriesN2N3N4Tests.SemiJoinBRetractionCascadesFlippingARows" computerName="Yuriys-MacBook-Pro" duration="00:00:00.0044043" startTime="2026-08-10T23:56:50.7179350+01:00" endTime="2026-08-10T23:56:50.7179350+01:00" testType="13cdc9d9-ddb5-4fa4-a97d-d965ccfc6d4b" outcome="Passed" testListId="8c84fa94-04c1-424b-9868-57a2d4851a1d" relativeResultsDirectory="bb7151fa-29e1-4991-9525-8b2375803e74" />
    <UnitTestResult executionId="72945327-7989-4ed5-b4c3-691e538a964e" testId="963b2215-d395-a5cc-da78-e1cf51d88058" testName="StreamsForge.Engine.Tests.ExpressionSemanticsTests.ThreeValuedAndLogic" computerName="Yuriys-MacBook-Pro" duration="00:00:00.0015132" startTime="2026-08-10T23:56:51.0265440+01:00" endTime="2026-08-10T23:56:51.0265440+01:00" testType="13cdc9d9-ddb5-4fa4-a97d-d965ccfc6d4b" outcome="Passed" testListId="8c84fa94-04c1-424b-9868-57a2d4851a1d" relativeResultsDirectory="72945327-7989-4ed5-b4c3-691e538a964e" />
    <UnitTestResult executionId="e8e59776-017b-4ee4-99b6-bbdaa90a0ed8" testId="56f8f6ee-d16a-3a98-4d38-f498e0202a6d" testName="StreamsForge.Engine.Tests.TableSearchIndexTests.FuzzyModeReportsItsOwnConfiguredMode" computerName="Yuriys-MacBook-Pro" duration="00:00:00.0000434" startTime="2026-08-10T23:56:50.8273290+01:00" endTime="2026-08-10T23:56:50.8273300+01:00" testType="13cdc9d9-ddb5-4fa4-a97d-d965ccfc6d4b" outcome="Passed" testListId="8c84fa94-04c1-424b-9868-57a2d4851a1d" relativeResultsDirectory="e8e59776-017b-4ee4-99b6-bbdaa90a0ed8" />
    <UnitTestResult executionId="1039bc47-7511-4b9d-b66d-63802bdfb0a5" testId="47458b3e-d385-5c97-8f91-e379ac99fdf4" testName="StreamsForge.Engine.Tests.TokenizerAndParserTests.LineCommentIsSkipped" computerName="Yuriys-MacBook-Pro" duration="00:00:00.0003299" startTime="2026-08-10T23:56:51.0160120+01:00" endTime="2026-08-10T23:56:51.0160120+01:00" testType="13cdc9d9-ddb5-4fa4-a97d-d965ccfc6d4b" outcome="Passed" testListId="8c84fa94-04c1-424b-9868-57a2d4851a1d" relativeResultsDirectory="1039bc47-7511-4b9d-b66d-63802bdfb0a5" />
    <UnitTestResult executionId="150e0c39-43b2-42fd-956c-f1511099ac06" testId="86bc34c9-7bf7-95b0-2377-2e22df5f63ed" testName="StreamsForge.Engine.Tests.TableOpsUnitTests.JoinOp_RightArrivalMatchesAlreadyIndexedLeftSide_StateHoldsBothRows" computerName="Yuriys-MacBook-Pro" duration="00:00:00.0176439" startTime="2026-08-10T23:56:50.6835030+01:00" endTime="2026-08-10T23:56:50.6835030+01:00" testType="13cdc9d9-ddb5-4fa4-a97d-d965ccfc6d4b" outcome="Passed" testListId="8c84fa94-04c1-424b-9868-57a2d4851a1d" relativeResultsDirectory="150e0c39-43b2-42fd-956c-f1511099ac06" />
    <UnitTestResult executionId="7049770b-453b-4396-813e-a35e0da452ae" testId="61d06816-9dad-29b7-6c32-c309e7228d8c" testName="StreamsForge.Engine.Tests.DataflowFrontierTrackerTests.UnknownUpstreamThrows" computerName="Yuriys-MacBook-Pro" duration="00:00:00.0008441" startTime="2026-08-10T23:56:50.6343830+01:00" endTime="2026-08-10T23:56:50.6343830+01:00" testType="13cdc9d9-ddb5-4fa4-a97d-d965ccfc6d4b" outcome="Passed" testListId="8c84fa94-04c1-424b-9868-57a2d4851a1d" relativeResultsDirectory="7049770b-453b-4396-813e-a35e0da452ae" />
    <UnitTestResult executionId="a4935b86-85ca-445f-87cc-794450595dca" testId="f9bb24b5-75af-50a2-9183-6f037dc85048" testName="StreamsForge.Engine.Tests.ExpressionSemanticsTests.BareJsonColumnProjectsAsIsInSelect" computerName="Yuriys-MacBook-Pro" duration="00:00:00.0001343" startTime="2026-08-10T23:56:51.0460060+01:00" endTime="2026-08-10T23:56:51.0460060+01:00" testType="13cdc9d9-ddb5-4fa4-a97d-d965ccfc6d4b" outcome="Passed" testListId="8c84fa94-04c1-424b-9868-57a2d4851a1d" relativeResultsDirectory="a4935b86-85ca-445f-87cc-794450595dca" />
    <UnitTestResult executionId="f8feb199-f0c3-4692-85b5-764dfedae6ee" testId="3a5bf130-666b-f239-7a03-50a427182126" testName="StreamsForge.Engine.Tests.ExpressionSemanticsTests.NotNullIsNull" computerName="Yuriys-MacBook-Pro" duration="00:00:00.0001221" startTime="2026-08-10T23:56:51.0492230+01:00" endTime="2026-08-10T23:56:51.0492230+01:00" testType="13cdc9d9-ddb5-4fa4-a97d-d965ccfc6d4b" outcome="Passed" testListId="8c84fa94-04c1-424b-9868-57a2d4851a1d" relativeResultsDirectory="f8feb199-f0c3-4692-85b5-764dfedae6ee" />
    <UnitTestResult executionId="d2587ab9-0032-43cd-b987-e68975cbb802" testId="ba14f2cc-daed-a831-e3b2-6af17f375205" testName="StreamsForge.Engine.Tests.ExpressionSemanticsTests.LongPlusLongStaysLong" computerName="Yuriys-MacBook-Pro" duration="00:00:00.0001705" startTime="2026-08-10T23:56:51.0499440+01:00" endTime="2026-08-10T23:56:51.0499440+01:00" testType="13cdc9d9-ddb5-4fa4-a97d-d965ccfc6d4b" outcome="Passed" testListId="8c84fa94-04c1-424b-9868-57a2d4851a1d" relativeResultsDirectory="d2587ab9-0032-43cd-b987-e68975cbb802" />
    <UnitTestResult executionId="af3d90f1-2c7d-4596-a660-80b242d49be6" testId="cc8090b6-686d-b3f5-959a-e208ef50e85e" testName="StreamsForge.Engine.Tests.TableOuterJoinOpUnitTests.RightRetract_NotLastRow_NoPadTraffic" computerName="Yuriys-MacBook-Pro" duration="00:00:00.0006177" startTime="2026-08-10T23:56:50.6877510+01:00" endTime="2026-08-10T23:56:50.6877510+01:00" testType="13cdc9d9-ddb5-4fa4-a97d-d965ccfc6d4b" outcome="Passed" testListId="8c84fa94-04c1-424b-9868-57a2d4851a1d" relativeResultsDirectory="af3d90f1-2c7d-4596-a660-80b242d49be6" />
    <UnitTestResult executionId="e09d0c7e-8fcb-4ae2-8a28-b71b7d852dba" testId="7ed4d82d-5c39-cc71-215b-934161a6f0f4" testName="StreamsForge.Engine.Tests.TableOuterJoinPartitionedTests.RightJoin_Equivalence" computerName="Yuriys-MacBook-Pro" duration="00:00:00.0666461" startTime="2026-08-10T23:56:50.9728730+01:00" endTime="2026-08-10T23:56:50.9728730+01:00" testType="13cdc9d9-ddb5-4fa4-a97d-d965ccfc6d4b" outcome="Passed" testListId="8c84fa94-04c1-424b-9868-57a2d4851a1d" relativeResultsDirectory="e09d0c7e-8fcb-4ae2-8a28-b71b7d852dba" />
    <UnitTestResult executionId="b973cd89-91cd-4e29-8c01-5053a524ae0a" testId="4a5ed2f5-5482-220e-fc73-4d42feea2305" testName="StreamsForge.Engine.Tests.TableValidatorTests.EmitIsForbiddenInTableMode" computerName="Yuriys-MacBook-Pro" duration="00:00:00.0001157" startTime="2026-08-10T23:56:51.0160870+01:00" endTime="2026-08-10T23:56:51.0160870+01:00" testType="13cdc9d9-ddb5-4fa4-a97d-d965ccfc6d4b" outcome="Passed" testListId="8c84fa94-04c1-424b-9868-57a2d4851a1d" relativeResultsDirectory="b973cd89-91cd-4e29-8c01-5053a524ae0a" />
    <UnitTestResult executionId="3e86bb5b-b21b-4bd2-adca-e148f0a1516a" testId="d83f6dd1-bf80-6d29-d69a-d7ee5c561db9" testName="StreamsForge.Engine.Tests.TokenizerAndParserTests.SingularDurationUnitsAreAccepted" computerName="Yuriys-MacBook-Pro" duration="00:00:00.0001037" startTime="2026-08-10T23:56:51.0518320+01:00" endTime="2026-08-10T23:56:51.0518320+01:00" testType="13cdc9d9-ddb5-4fa4-a97d-d965ccfc6d4b" outcome="Passed" testListId="8c84fa94-04c1-424b-9868-57a2d4851a1d" relativeResultsDirectory="3e86bb5b-b21b-4bd2-adca-e148f0a1516a" />
    <UnitTestResult executionId="95db84eb-8793-4aa2-b4fb-27bb9904ad47" testId="6b670c4e-47af-b67d-f9c2-4aa447b16d36" testName="StreamsForge.Engine.Tests.ValidatorTests.JoinEquiComparisonWithResidualCompiles" computerName="Yuriys-MacBook-Pro" duration="00:00:00.0001117" startTime="2026-08-10T23:56:51.0471170+01:00" endTime="2026-08-10T23:56:51.0471170+01:00" testType="13cdc9d9-ddb5-4fa4-a97d-d965ccfc6d4b" outcome="Passed" testListId="8c84fa94-04c1-424b-9868-57a2d4851a1d" relativeResultsDirectory="95db84eb-8793-4aa2-b4fb-27bb9904ad47" />
    <UnitTestResult executionId="c2393ef4-768c-4c1f-9660-75063481994f" testId="064d8582-7d2a-2160-eb6b-0791f40d8205" testName="StreamsForge.Engine.Tests.DataflowExchangeRouterTests.IsDeterministicAcrossRepeatedCalls_SameKeySamePartitionEveryTime" computerName="Yuriys-MacBook-Pro" duration="00:00:00.0000681" startTime="2026-08-10T23:56:50.8447770+01:00" endTime="2026-08-10T23:56:50.8447770+01:00" testType="13cdc9d9-ddb5-4fa4-a97d-d965ccfc6d4b" outcome="Passed" testListId="8c84fa94-04c1-424b-9868-57a2d4851a1d" relativeResultsDirectory="c2393ef4-768c-4c1f-9660-75063481994f" />
    <UnitTestResult executionId="3f11c6fe-a93c-4bf7-a7b0-e07f9c1363a8" testId="f75d5e6d-483d-b3ee-115d-5f7eb13fc843" testName="StreamsForge.Engine.Tests.ValidatorTests.ArrowArrowOnNonJsonColumnIsError" computerName="Yuriys-MacBook-Pro" duration="00:00:00.0002526" startTime="2026-08-10T23:56:51.0470490+01:00" endTime="2026-08-10T23:56:51.0470490+01:00" testType="13cdc9d9-ddb5-4fa4-a97d-d965ccfc6d4b" outcome="Passed" testListId="8c84fa94-04c1-424b-9868-57a2d4851a1d" relativeResultsDirectory="3f11c6fe-a93c-4bf7-a7b0-e07f9c1363a8" />
    <UnitTestResult executionId="5914e639-9567-482a-a479-e07d69f19555" testId="8224b7fb-c1a2-fea5-0cb4-941a677994ab" testName="StreamsForge.Engine.Tests.TableOpsUnitTests.IngestOp_BatchOfMultipleDeltasPreservesOrderAndEachWeight" computerName="Yuriys-MacBook-Pro" duration="00:00:00.0006909" startTime="2026-08-10T23:56:50.6976710+01:00" endTime="2026-08-10T23:56:50.6976710+01:00" testType="13cdc9d9-ddb5-4fa4-a97d-d965ccfc6d4b" outcome="Passed" testListId="8c84fa94-04c1-424b-9868-57a2d4851a1d" relativeResultsDirectory="5914e639-9567-482a-a479-e07d69f19555" />
    <UnitTestResult executionId="ebff0f1a-5a6f-4c32-93ad-da4cffdbec2a" testId="455693ea-7409-05aa-bc95-fd3fa5f2c4c6" testName="StreamsForge.Engine.Tests.PartitionedDataflowTests.SemiJoin_Equivalence" computerName="Yuriys-MacBook-Pro" duration="00:00:00.0016289" startTime="2026-08-10T23:56:51.0507280+01:00" endTime="2026-08-10T23:56:51.0507280+01:00" testType="13cdc9d9-ddb5-4fa4-a97d-d965ccfc6d4b" outcome="Passed" testListId="8c84fa94-04c1-424b-9868-57a2d4851a1d" relativeResultsDirectory="ebff0f1a-5a6f-4c32-93ad-da4cffdbec2a" />
    <UnitTestResult executionId="ea902c3e-2058-47d2-9c08-7c59a50383bc" testId="10a77383-2c67-2fa4-78b6-93da1d05523b" testName="StreamsForge.Engine.Tests.NestedQueriesN2N3N4Tests.InSubqueryMustSelectExactlyOneColumnIsEnforced" computerName="Yuriys-MacBook-Pro" duration="00:00:00.0001254" startTime="2026-08-10T23:56:50.7293020+01:00" endTime="2026-08-10T23:56:50.7293020+01:00" testType="13cdc9d9-ddb5-4fa4-a97d-d965ccfc6d4b" outcome="Passed" testListId="8c84fa94-04c1-424b-9868-57a2d4851a1d" relativeResultsDirectory="ea902c3e-2058-47d2-9c08-7c59a50383bc" />
    <UnitTestResult executionId="15d7297a-221b-4c16-8b1b-dd589b737f8e" testId="aea9764c-5ffd-1b97-526b-27924a4d31d7" testName="StreamsForge.Engine.Tests.TableOuterJoinPartitionedTests.RightJoin_Deterministic" computerName="Yuriys-MacBook-Pro" duration="00:00:00.0100851" startTime="2026-08-10T23:56:51.0119260+01:00" endTime="2026-08-10T23:56:51.0119260+01:00" testType="13cdc9d9-ddb5-4fa4-a97d-d965ccfc6d4b" outcome="Passed" testListId="8c84fa94-04c1-424b-9868-57a2d4851a1d" relativeResultsDirectory="15d7297a-221b-4c16-8b1b-dd589b737f8e" />
    <UnitTestResult executionId="35ee165e-860e-4ff3-88df-8c024efe9e49" testId="50e0a2e6-8e96-f069-717f-4bf5cf6bdad7" testName="StreamsForge.Engine.Tests.TableGrainClusterSmokeTest.TableGrain_AggregatesFromRealStream_AndUpdatesInPlaceRatherThanAppending" computerName="Yuriys-MacBook-Pro" duration="00:00:04.2077644" startTime="2026-08-10T23:56:58.0776910+01:00" endTime="2026-08-10T23:56:58.0776910+01:00" testType="13cdc9d9-ddb5-4fa4-a97d-d965ccfc6d4b" outcome="Passed" testListId="8c84fa94-04c1-424b-9868-57a2d4851a1d" relativeResultsDirectory="35ee165e-860e-4ff3-88df-8c024efe9e49" />
    <UnitTestResult executionId="f8b70fed-e955-4511-9823-0c918ef73cf8" testId="f869256a-5cd4-5d48-daab-5091a3707719" testName="StreamsForge.Engine.Tests.TableOuterJoinValidatorTests.OuterJoinStillRequiresAnOnClause(kind: &quot;RIGHT&quot;)" computerName="Yuriys-MacBook-Pro" duration="00:00:00.0000252" startTime="2026-08-10T23:56:50.6646290+01:00" endTime="2026-08-10T23:56:50.6646290+01:00" testType="13cdc9d9-ddb5-4fa4-a97d-d965ccfc6d4b" outcome="Passed" testListId="8c84fa94-04c1-424b-9868-57a2d4851a1d" relativeResultsDirectory="f8b70fed-e955-4511-9823-0c918ef73cf8" />
    <UnitTestResult executionId="ad401815-4015-4d3d-b801-9830e9483c6f" testId="57c964b0-2948-7b5e-57d0-13c0e492d75c" testName="StreamsForge.Engine.Tests.TableValidatorTests.InnerJoinRequiresEquiComparisonInTableMode" computerName="Yuriys-MacBook-Pro" duration="00:00:00.0001262" startTime="2026-08-10T23:56:51.0162360+01:00" endTime="2026-08-10T23:56:51.0162360+01:00" testType="13cdc9d9-ddb5-4fa4-a97d-d965ccfc6d4b" outcome="Passed" testListId="8c84fa94-04c1-424b-9868-57a2d4851a1d" relativeResultsDirectory="ad401815-4015-4d3d-b801-9830e9483c6f" />
    <UnitTestResult executionId="1d1a776a-3d47-49f8-8b52-66be81a68ff2" testId="75abf1ff-1c5d-51d5-9bc1-6363581742d9" testName="StreamsForge.Engine.Tests.NestedQueriesN1Tests.TableModeDerivedTablesMayNestTwoLevelsDeep" computerName="Yuriys-MacBook-Pro" duration="00:00:00.0007291" startTime="2026-08-10T23:56:50.7392780+01:00" endTime="2026-08-10T23:56:50.7392780+01:00" testType="13cdc9d9-ddb5-4fa4-a97d-d965ccfc6d4b" outcome="Passed" testListId="8c84fa94-04c1-424b-9868-57a2d4851a1d" relativeResultsDirectory="1d1a776a-3d47-49f8-8b52-66be81a68ff2" />
    <UnitTestResult executionId="0ab422e1-d6df-40fc-a17c-368117089a77" testId="15ab47d0-f6b7-e1cd-a67b-867187e98f3b" testName="StreamsForge.Engine.Tests.PipelineOpsUnitTests.WindowOp_TumblingWindow_TracksOneStateEntryPerWindowGroup" computerName="Yuriys-MacBook-Pro" duration="00:00:00.0006689" startTime="2026-08-10T23:56:50.8758960+01:00" endTime="2026-08-10T23:56:50.8758960+01:00" testType="13cdc9d9-ddb5-4fa4-a97d-d965ccfc6d4b" outcome="Passed" testListId="8c84fa94-04c1-424b-9868-57a2d4851a1d" relativeResultsDirectory="0ab422e1-d6df-40fc-a17c-368117089a77" />
    <UnitTestResult executionId="9fa876f8-d619-49a1-bcd8-b18c0825b374" testId="62d51549-37f2-2bb5-5c94-a070c33b36c9" testName="StreamsForge.Engine.Tests.NestedQueriesN2N3N4Tests.NonAggregateScalarSubqueryIsRejected" computerName="Yuriys-MacBook-Pro" duration="00:00:00.0001655" startTime="2026-08-10T23:56:50.7292610+01:00" endTime="2026-08-10T23:56:50.7292610+01:00" testType="13cdc9d9-ddb5-4fa4-a97d-d965ccfc6d4b" outcome="Passed" testListId="8c84fa94-04c1-424b-9868-57a2d4851a1d" relativeResultsDirectory="9fa876f8-d619-49a1-bcd8-b18c0825b374" />
    <UnitTestResult executionId="7adc8909-1336-4ae3-9562-0b2f45e1a55d" testId="a56d206e-0125-efba-4519-7d7d5414cd5f" testName="StreamsForge.Engine.Tests.TokenizerAndParserTests.CompileNeverThrowsOnGarbageInput" computerName="Yuriys-MacBook-Pro" duration="00:00:00.0005495" startTime="2026-08-10T23:56:51.0514260+01:00" endTime="2026-08-10T23:56:51.0514260+01:00" testType="13cdc9d9-ddb5-4fa4-a97d-d965ccfc6d4b" outcome="Passed" testListId="8c84fa94-04c1-424b-9868-57a2d4851a1d" relativeResultsDirectory="7adc8909-1336-4ae3-9562-0b2f45e1a55d" />
    <UnitTestResult executionId="c25b3d9f-532b-45e5-bdc1-65e1c0e4b023" testId="b6f1531d-17cd-65f1-0186-ef3bec20e7c8" testName="StreamsForge.Engine.Tests.DataflowEpochTests.EqualityIsValueBased" computerName="Yuriys-MacBook-Pro" duration="00:00:00.0022686" startTime="2026-08-10T23:56:50.7623220+01:00" endTime="2026-08-10T23:56:50.7623220+01:00" testType="13cdc9d9-ddb5-4fa4-a97d-d965ccfc6d4b" outcome="Passed" testListId="8c84fa94-04c1-424b-9868-57a2d4851a1d" relativeResultsDirectory="c25b3d9f-532b-45e5-bdc1-65e1c0e4b023" />
    <UnitTestResult executionId="65984034-1426-463a-8bbf-9f3a78d7344a" testId="225a1c32-4c45-1a9b-03a5-424e299f4a81" testName="StreamsForge.Engine.Tests.DataflowEpochBufferTests.EmptyEpochMarkerIsFlushedLikeAnyOtherBatch" computerName="Yuriys-MacBook-Pro" duration="00:00:00.0002793" startTime="2026-08-10T23:56:51.1624330+01:00" endTime="2026-08-10T23:56:51.1624330+01:00" testType="13cdc9d9-ddb5-4fa4-a97d-d965ccfc6d4b" outcome="Passed" testListId="8c84fa94-04c1-424b-9868-57a2d4851a1d" relativeResultsDirectory="65984034-1426-463a-8bbf-9f3a78d7344a" />
    <UnitTestResult executionId="fed3a243-63a0-4efa-b063-56a0d0782ff9" testId="1f17692f-bfb8-05ae-93fd-a9b3b2864cfc" testName="StreamsForge.Engine.Tests.ExpressionSemanticsTests.NullPlusNumberIsNull" computerName="Yuriys-MacBook-Pro" duration="00:00:00.0003176" startTime="2026-08-10T23:56:51.0278760+01:00" endTime="2026-08-10T23:56:51.0278760+01:00" testType="13cdc9d9-ddb5-4fa4-a97d-d965ccfc6d4b" outcome="Passed" testListId="8c84fa94-04c1-424b-9868-57a2d4851a1d" relativeResultsDirectory="fed3a243-63a0-4efa-b063-56a0d0782ff9" />
    <UnitTestResult executionId="68ede57c-87d7-4778-a059-41e37e327198" testId="2657abc0-b2a3-20d6-8d83-cb212d983c00" testName="StreamsForge.Engine.Tests.PartitionedDataflowTests.DerivedTableInFromPosition_CreateDataflowThrows" computerName="Yuriys-MacBook-Pro" duration="00:00:00.0002256" startTime="2026-08-10T23:56:51.0516980+01:00" endTime="2026-08-10T23:56:51.0516980+01:00" testType="13cdc9d9-ddb5-4fa4-a97d-d965ccfc6d4b" outcome="Passed" testListId="8c84fa94-04c1-424b-9868-57a2d4851a1d" relativeResultsDirectory="68ede57c-87d7-4778-a059-41e37e327198" />
    <UnitTestResult executionId="0c502109-40f1-48e9-bfed-74f4aca9737c" testId="0ae4eb0a-2563-d02a-09cd-ad67f893004c" testName="StreamsForge.Engine.Tests.TokenizerAndParserTests.UnexpectedCharacterProducesDiagnosticWithPosition" computerName="Yuriys-MacBook-Pro" duration="00:00:00.0007542" startTime="2026-08-10T23:56:51.0521180+01:00" endTime="2026-08-10T23:56:51.0521180+01:00" testType="13cdc9d9-ddb5-4fa4-a97d-d965ccfc6d4b" outcome="Passed" testListId="8c84fa94-04c1-424b-9868-57a2d4851a1d" relativeResultsDirectory="0c502109-40f1-48e9-bfed-74f4aca9737c" />
    <UnitTestResult executionId="cfa3b1f3-e4de-4011-b32f-017cb11284bb" testId="9edc3bf2-1fd9-4a6a-2a86-4d894d09b640" testName="StreamsForge.Engine.Tests.PipelineOutputSchemaTests.WindowedAggregate_DerivesKindsFromProjection" computerName="Yuriys-MacBook-Pro" duration="00:00:00.0134718" startTime="2026-08-10T23:56:50.6641830+01:00" endTime="2026-08-10T23:56:50.6641830+01:00" testType="13cdc9d9-ddb5-4fa4-a97d-d965ccfc6d4b" outcome="Passed" testListId="8c84fa94-04c1-424b-9868-57a2d4851a1d" relativeResultsDirectory="cfa3b1f3-e4de-4011-b32f-017cb11284bb" />
    <UnitTestResult executionId="19e38627-0ceb-42ce-8004-8ab1476a319c" testId="8c9eee30-f77d-cd02-75a2-ede150c4e6ae" testName="StreamsForge.Engine.Tests.TokenizerAndParserTests.AllJoinKindsParse(kind: &quot;RIGHT&quot;)" computerName="Yuriys-MacBook-Pro" duration="00:00:00.0017268" startTime="2026-08-10T23:56:51.0154620+01:00" endTime="2026-08-10T23:56:51.0154620+01:00" testType="13cdc9d9-ddb5-4fa4-a97d-d965ccfc6d4b" outcome="Passed" testListId="8c84fa94-04c1-424b-9868-57a2d4851a1d" relativeResultsDirectory="19e38627-0ceb-42ce-8004-8ab1476a319c" />
    <UnitTestResult executionId="9008c343-73b8-4965-bfce-bc5177e14537" testId="44bb1573-d6ea-dd04-9a9d-8e69f23ff6a1" testName="StreamsForge.Engine.Tests.ExpressionSemanticsTests.ArrowArrayIndexOutOfRangeIsNull" computerName="Yuriys-MacBook-Pro" duration="00:00:00.0000795" startTime="2026-08-10T23:56:51.0460390+01:00" endTime="2026-08-10T23:56:51.0460390+01:00" testType="13cdc9d9-ddb5-4fa4-a97d-d965ccfc6d4b" outcome="Passed" testListId="8c84fa94-04c1-424b-9868-57a2d4851a1d" relativeResultsDirectory="9008c343-73b8-4965-bfce-bc5177e14537" />
    <UnitTestResult executionId="ec36af11-c3f3-40b0-98c3-d71b0db73f39" testId="a7932631-ece6-a807-522a-29434671b511" testName="StreamsForge.Engine.Tests.TokenizerAndParserTests.AllJoinKindsParse(kind: &quot;INNER&quot;)" computerName="Yuriys-MacBook-Pro" duration="00:00:00.0000760" startTime="2026-08-10T23:56:51.0154770+01:00" endTime="2026-08-10T23:56:51.0154770+01:00" testType="13cdc9d9-ddb5-4fa4-a97d-d965ccfc6d4b" outcome="Passed" testListId="8c84fa94-04c1-424b-9868-57a2d4851a1d" relativeResultsDirectory="ec36af11-c3f3-40b0-98c3-d71b0db73f39" />
    <UnitTestResult executionId="77c4baba-3539-49b7-99c6-890590a6246f" testId="371f1403-72a7-82ec-0371-be0f24e18c46" testName="StreamsForge.Engine.Tests.ValidatorTests.UnknownAliasQualifierIsError" computerName="Yuriys-MacBook-Pro" duration="00:00:00.0000980" startTime="2026-08-10T23:56:51.0474500+01:00" endTime="2026-08-10T23:56:51.0474500+01:00" testType="13cdc9d9-ddb5-4fa4-a97d-d965ccfc6d4b" outcome="Passed" testListId="8c84fa94-04c1-424b-9868-57a2d4851a1d" relativeResultsDirectory="77c4baba-3539-49b7-99c6-890590a6246f" />
    <UnitTestResult executionId="6b694a55-55d6-405d-bddc-f39ad713e516" testId="47d813e3-15d6-6d2b-89d9-3bf1a1d62ca6" testName="StreamsForge.Engine.Tests.TableOuterJoinValidatorTests.OuterJoinStillRequiresAnOnClause(kind: &quot;FULL&quot;)" computerName="Yuriys-MacBook-Pro" duration="00:00:00.0002288" startTime="2026-08-10T23:56:50.6646150+01:00" endTime="2026-08-10T23:56:50.6646150+01:00" testType="13cdc9d9-ddb5-4fa4-a97d-d965ccfc6d4b" outcome="Passed" testListId="8c84fa94-04c1-424b-9868-57a2d4851a1d" relativeResultsDirectory="6b694a55-55d6-405d-bddc-f39ad713e516" />
    <UnitTestResult executionId="b59312f6-9c05-4c66-9940-a514dd15db58" testId="3063d514-f35b-6109-8033-923029b2fd3c" testName="StreamsForge.Engine.Tests.NestedQueriesN2N3N4Tests.ScalarSubqueryInGroupedSelectListIsRejected" computerName="Yuriys-MacBook-Pro" duration="00:00:00.0002540" startTime="2026-08-10T23:56:50.7114130+01:00" endTime="2026-08-10T23:56:50.7114130+01:00" testType="13cdc9d9-ddb5-4fa4-a97d-d965ccfc6d4b" outcome="Passed" testListId="8c84fa94-04c1-424b-9868-57a2d4851a1d" relativeResultsDirectory="b59312f6-9c05-4c66-9940-a514dd15db58" />
    <UnitTestResult executionId="5aa13a2d-1d4d-4834-bffa-57b39498282c" testId="dde98bfa-dcf8-428f-b50d-2dea64662dd0" testName="StreamsForge.Engine.Tests.DataflowFrontierTrackerTests.DuplicateObservationIsIdempotentAndReportsNoChange" computerName="Yuriys-MacBook-Pro" duration="00:00:00.0001328" startTime="2026-08-10T23:56:50.6350080+01:00" endTime="2026-08-10T23:56:50.6350080+01:00" testType="13cdc9d9-ddb5-4fa4-a97d-d965ccfc6d4b" outcome="Passed" testListId="8c84fa94-04c1-424b-9868-57a2d4851a1d" relativeResultsDirectory="5aa13a2d-1d4d-4834-bffa-57b39498282c" />
    <UnitTestResult executionId="f95d768d-dac2-4e9c-b05d-10590a43ca86" testId="6caf00d6-39d5-426c-cfe7-cb4acb08d8fc" testName="StreamsForge.Engine.Tests.UnnestTests.CommaFormUnnestCompiles" computerName="Yuriys-MacBook-Pro" duration="00:00:00.0012774" startTime="2026-08-10T23:56:50.7623570+01:00" endTime="2026-08-10T23:56:50.7623570+01:00" testType="13cdc9d9-ddb5-4fa4-a97d-d965ccfc6d4b" outcome="Passed" testListId="8c84fa94-04c1-424b-9868-57a2d4851a1d" relativeResultsDirectory="f95d768d-dac2-4e9c-b05d-10590a43ca86" />
    <UnitTestResult executionId="981f4792-0779-4b41-ba74-aca137ae3fb7" testId="ae323509-b37d-f198-8ed6-1f28c37dc442" testName="StreamsForge.Engine.Tests.TableSearchIndexTests.NumbersAndBoolsAreStringifiedInvariantAndSearchable" computerName="Yuriys-MacBook-Pro" duration="00:00:00.0001744" startTime="2026-08-10T23:56:50.8250000+01:00" endTime="2026-08-10T23:56:50.8250000+01:00" testType="13cdc9d9-ddb5-4fa4-a97d-d965ccfc6d4b" outcome="Passed" testListId="8c84fa94-04c1-424b-9868-57a2d4851a1d" relativeResultsDirectory="981f4792-0779-4b41-ba74-aca137ae3fb7" />
    <UnitTestResult executionId="f8728370-623a-425a-a0fd-a5ef99aafdf0" testId="a920939c-bf7b-0c7f-43c6-ad129c669b2d" testName="StreamsForge.Engine.Tests.ValidatorTests.ArrowArrowResultComparesAsStringWithoutError" computerName="Yuriys-MacBook-Pro" duration="00:00:00.0003780" startTime="2026-08-10T23:56:51.0464730+01:00" endTime="2026-08-10T23:56:51.0464730+01:00" testType="13cdc9d9-ddb5-4fa4-a97d-d965ccfc6d4b" outcome="Passed" testListId="8c84fa94-04c1-424b-9868-57a2d4851a1d" relativeResultsDirectory="f8728370-623a-425a-a0fd-a5ef99aafdf0" />
    <UnitTestResult executionId="ddcc6141-c11c-4db4-bb96-5fd5b127411f" testId="b2cd8ee5-090a-bbed-c757-535c7f1633eb" testName="StreamsForge.Engine.Tests.TableZSetTests.EndToEndSnapshotReflectsConsolidatedState" computerName="Yuriys-MacBook-Pro" duration="00:00:00.0019954" startTime="2026-08-10T23:56:50.6834580+01:00" endTime="2026-08-10T23:56:50.6834580+01:00" testType="13cdc9d9-ddb5-4fa4-a97d-d965ccfc6d4b" outcome="Passed" testListId="8c84fa94-04c1-424b-9868-57a2d4851a1d" relativeResultsDirectory="ddcc6141-c11c-4db4-bb96-5fd5b127411f" />
    <UnitTestResult executionId="ab272cdd-e34b-475f-a666-75abd97bbff8" testId="f7e8e35a-8de5-e3f3-4061-daeea1fce768" testName="StreamsForge.Engine.Tests.TableStageKindLabelTests.Of_MatchesExpectedWording" computerName="Yuriys-MacBook-Pro" duration="00:00:00.0000635" startTime="2026-08-10T23:56:51.0508010+01:00" endTime="2026-08-10T23:56:51.0508020+01:00" testType="13cdc9d9-ddb5-4fa4-a97d-d965ccfc6d4b" outcome="Passed" testListId="8c84fa94-04c1-424b-9868-57a2d4851a1d" relativeResultsDirectory="ab272cdd-e34b-475f-a666-75abd97bbff8" />
    <UnitTestResult executionId="ff8cf699-3077-4976-b671-926a34cb9e5f" testId="5bcb7c8f-359b-764c-69ab-4e247e24a865" testName="StreamsForge.Engine.Tests.TableZSetTests.FirstContributionToAGroupEmitsOnlyAnAssertion" computerName="Yuriys-MacBook-Pro" duration="00:00:00.0012979" startTime="2026-08-10T23:56:50.6816050+01:00" endTime="2026-08-10T23:56:50.6816050+01:00" testType="13cdc9d9-ddb5-4fa4-a97d-d965ccfc6d4b" outcome="Passed" testListId="8c84fa94-04c1-424b-9868-57a2d4851a1d" relativeResultsDirectory="ff8cf699-3077-4976-b671-926a34cb9e5f" />
    <UnitTestResult executionId="bbc3c95b-bd31-412d-b22f-5629e924789a" testId="c46bfd69-6d4b-f1f6-1431-112833edeee3" testName="StreamsForge.Engine.Tests.ExpressionSemanticsTests.ArrowOnNonObjectWithStringKeyIsNull" computerName="Yuriys-MacBook-Pro" duration="00:00:00.0000720" startTime="2026-08-10T23:56:51.0507140+01:00" endTime="2026-08-10T23:56:51.0507140+01:00" testType="13cdc9d9-ddb5-4fa4-a97d-d965ccfc6d4b" outcome="Passed" testListId="8c84fa94-04c1-424b-9868-57a2d4851a1d" relativeResultsDirectory="bbc3c95b-bd31-412d-b22f-5629e924789a" />
    <UnitTestResult executionId="c62e858c-a737-4822-93a7-4aa276c097d5" testId="d948e339-149a-3d8f-75bb-95c0c24d4c02" testName="StreamsForge.Engine.Tests.NestedQueriesN2N3N4Tests.N4DecorrelatedScalarSubqueryMatchesHandWrittenEquivalentJoin" computerName="Yuriys-MacBook-Pro" duration="00:00:00.0023644" startTime="2026-08-10T23:56:50.7265220+01:00" endTime="2026-08-10T23:56:50.7265220+01:00" testType="13cdc9d9-ddb5-4fa4-a97d-d965ccfc6d4b" outcome="Passed" testListId="8c84fa94-04c1-424b-9868-57a2d4851a1d" relativeResultsDirectory="c62e858c-a737-4822-93a7-4aa276c097d5" />
    <UnitTestResult executionId="7d05efcf-96d1-4f52-8824-ee77d16544b8" testId="3042aad1-e572-0f59-5d62-8ccb749c71fc" testName="StreamsForge.Engine.Tests.LatestByTests.ChainedLatestByTableFeedsAnotherTable" computerName="Yuriys-MacBook-Pro" duration="00:00:00.0004140" startTime="2026-08-10T23:56:50.8431230+01:00" endTime="2026-08-10T23:56:50.8431230+01:00" testType="13cdc9d9-ddb5-4fa4-a97d-d965ccfc6d4b" outcome="Passed" testListId="8c84fa94-04c1-424b-9868-57a2d4851a1d" relativeResultsDirectory="7d05efcf-96d1-4f52-8824-ee77d16544b8" />
    <UnitTestResult executionId="3e4d64ee-92b2-4223-9ca1-255e05735deb" testId="ce159eea-97e1-7e5a-14d5-404570b6d5dd" testName="StreamsForge.Engine.Tests.DataflowEpochBufferTests.DeterministicReplay_SameBatchesInAnyArrivalOrderProduceIdenticalFlushSequence(seed: 0)" computerName="Yuriys-MacBook-Pro" duration="00:00:00.0278357" startTime="2026-08-10T23:56:51.0161050+01:00" endTime="2026-08-10T23:56:51.0161050+01:00" testType="13cdc9d9-ddb5-4fa4-a97d-d965ccfc6d4b" outcome="Passed" testListId="8c84fa94-04c1-424b-9868-57a2d4851a1d" relativeResultsDirectory="3e4d64ee-92b2-4223-9ca1-255e05735deb" />
    <UnitTestResult executionId="c3aed1ee-b358-4af8-ae4e-06c0216d5128" testId="242c1906-927c-cb10-efc0-e98be5f1bd20" testName="StreamsForge.Engine.Tests.TokenizerAndParserTests.CrossJoinParsesAndForbidsOn" computerName="Yuriys-MacBook-Pro" duration="00:00:00.0027843" startTime="2026-08-10T23:56:51.0513880+01:00" endTime="2026-08-10T23:56:51.0513880+01:00" testType="13cdc9d9-ddb5-4fa4-a97d-d965ccfc6d4b" outcome="Passed" testListId="8c84fa94-04c1-424b-9868-57a2d4851a1d" relativeResultsDirectory="c3aed1ee-b358-4af8-ae4e-06c0216d5128" />
    <UnitTestResult executionId="80732b4b-ebfc-408c-9648-738987f77fb3" testId="88bc1c5a-54e2-2d0b-9bc3-81945483843f" testName="StreamsForge.Engine.Tests.TableValidatorTests.UnknownSourceListsBothStreamsAndTables" computerName="Yuriys-MacBook-Pro" duration="00:00:00.0002525" startTime="2026-08-10T23:56:51.0113560+01:00" endTime="2026-08-10T23:56:51.0113560+01:00" testType="13cdc9d9-ddb5-4fa4-a97d-d965ccfc6d4b" outcome="Passed" testListId="8c84fa94-04c1-424b-9868-57a2d4851a1d" relativeResultsDirectory="80732b4b-ebfc-408c-9648-738987f77fb3" />
    <UnitTestResult executionId="89195cbc-33af-41fa-8923-3ac329f6cab3" testId="be7c9973-0505-6964-e644-54224efe27db" testName="StreamsForge.Engine.Tests.TableFilterProjectTests.QualifiedStarWithJoinPrefixesAndCombinesWithExtraColumn" computerName="Yuriys-MacBook-Pro" duration="00:00:00.1054320" startTime="2026-08-10T23:56:50.6754210+01:00" endTime="2026-08-10T23:56:50.6754210+01:00" testType="13cdc9d9-ddb5-4fa4-a97d-d965ccfc6d4b" outcome="Passed" testListId="8c84fa94-04c1-424b-9868-57a2d4851a1d" relativeResultsDirectory="89195cbc-33af-41fa-8923-3ac329f6cab3" />
    <UnitTestResult executionId="1d0d67eb-0ea7-4d63-96eb-1062a2d99f81" testId="48c75436-48be-68df-3a1f-d68718631a28" testName="StreamsForge.Engine.Tests.TableOuterJoinCompositeKeyTests.RowMatchingBothComponents_Products_NoPad" computerName="Yuriys-MacBook-Pro" duration="00:00:00.0004293" startTime="2026-08-10T23:56:50.8267930+01:00" endTime="2026-08-10T23:56:50.8267930+01:00" testType="13cdc9d9-ddb5-4fa4-a97d-d965ccfc6d4b" outcome="Passed" testListId="8c84fa94-04c1-424b-9868-57a2d4851a1d" relativeResultsDirectory="1d0d67eb-0ea7-4d63-96eb-1062a2d99f81" />
    <UnitTestResult executionId="2001ab18-a17d-4e16-9198-cd127e179b87" testId="ed0d547b-90c8-05f8-d0b8-ff4e43196d9d" testName="StreamsForge.Engine.Tests.TokenizerAndParserTests.AllJoinKindsParse(kind: &quot;RIGHT OUTER&quot;)" computerName="Yuriys-MacBook-Pro" duration="00:00:00.0000327" startTime="2026-08-10T23:56:51.0154930+01:00" endTime="2026-08-10T23:56:51.0154930+01:00" testType="13cdc9d9-ddb5-4fa4-a97d-d965ccfc6d4b" outcome="Passed" testListId="8c84fa94-04c1-424b-9868-57a2d4851a1d" relativeResultsDirectory="2001ab18-a17d-4e16-9198-cd127e179b87" />
    <UnitTestResult executionId="dc14406e-bacf-481c-91d9-4edb30812935" testId="79550e14-4f8e-826a-e6b1-9cfbe627e720" testName="StreamsForge.Engine.Tests.TableStageKindLabelTests.Of_NeverThrows_And_ReturnsNonEmptyLabel(kind: Reduce)" computerName="Yuriys-MacBook-Pro" duration="00:00:00.0223177" startTime="2026-08-10T23:56:51.0499980+01:00" endTime="2026-08-10T23:56:51.0499980+01:00" testType="13cdc9d9-ddb5-4fa4-a97d-d965ccfc6d4b" outcome="Passed" testListId="8c84fa94-04c1-424b-9868-57a2d4851a1d" relativeResultsDirectory="dc14406e-bacf-481c-91d9-4edb30812935" />
    <UnitTestResult executionId="91e20202-5685-42f6-b2de-1d10d4567b75" testId="9fce6e65-fcc2-7f9a-714b-89da05a050ba" testName="StreamsForge.Engine.Tests.TableFilterProjectTests.QualifiedStarExpandsAllColumnsOfThatAliasUnprefixedWithSingleSource" computerName="Yuriys-MacBook-Pro" duration="00:00:00.0023594" startTime="2026-08-10T23:56:50.6835710+01:00" endTime="2026-08-10T23:56:50.6835710+01:00" testType="13cdc9d9-ddb5-4fa4-a97d-d965ccfc6d4b" outcome="Passed" testListId="8c84fa94-04c1-424b-9868-57a2d4851a1d" relativeResultsDirectory="91e20202-5685-42f6-b2de-1d10d4567b75" />
    <UnitTestResult executionId="b7937b15-ab51-402d-bb9a-339a8c2f7605" testId="1e42db38-3c0c-0cfb-8ca5-5db32548e2af" testName="StreamsForge.Engine.Tests.TokenizerAndParserTests.GroupByMultipleColumnsParses" computerName="Yuriys-MacBook-Pro" duration="00:00:00.0004782" startTime="2026-08-10T23:56:51.0515010+01:00" endTime="2026-08-10T23:56:51.0515010+01:00" testType="13cdc9d9-ddb5-4fa4-a97d-d965ccfc6d4b" outcome="Passed" testListId="8c84fa94-04c1-424b-9868-57a2d4851a1d" relativeResultsDirectory="b7937b15-ab51-402d-bb9a-339a8c2f7605" />
    <UnitTestResult executionId="9004febb-e81a-4fd1-9f65-4d5bcad1bf62" testId="58e36e0f-3fed-007a-f058-66a0b5ce8fa5" testName="StreamsForge.Engine.Tests.TableOuterJoinPartitionedTests.OuterJoin_StageGraph_BothEdgesHashPartitioned_StageKindStillJoin_RoutingKeyCarriesFullList(kind: &quot;LEFT&quot;)" computerName="Yuriys-MacBook-Pro" duration="00:00:00.0000479" startTime="2026-08-10T23:56:50.8755750+01:00" endTime="2026-08-10T23:56:50.8755750+01:00" testType="13cdc9d9-ddb5-4fa4-a97d-d965ccfc6d4b" outcome="Passed" testListId="8c84fa94-04c1-424b-9868-57a2d4851a1d" relativeResultsDirectory="9004febb-e81a-4fd1-9f65-4d5bcad1bf62" />
    <UnitTestResult executionId="1ea0da47-a176-45e5-9a6d-fbd0f14ee519" testId="6e3bf448-e9f2-708b-d562-b7a9d743a41c" testName="StreamsForge.Engine.Tests.TableSearchIndexTests.FuzzyModeExactMatchScoresAtOrNearOne" computerName="Yuriys-MacBook-Pro" duration="00:00:00.0002684" startTime="2026-08-10T23:56:50.8235690+01:00" endTime="2026-08-10T23:56:50.8235690+01:00" testType="13cdc9d9-ddb5-4fa4-a97d-d965ccfc6d4b" outcome="Passed" testListId="8c84fa94-04c1-424b-9868-57a2d4851a1d" relativeResultsDirectory="1ea0da47-a176-45e5-9a6d-fbd0f14ee519" />
    <UnitTestResult executionId="758c3bd6-e41f-459e-ac28-080dd8982d9f" testId="98ee1dd8-cf48-8791-d4a7-13c82c48924c" testName="StreamsForge.Engine.Tests.NestedQueriesN1Tests.TableModeDerivedTableForbidsWindow" computerName="Yuriys-MacBook-Pro" duration="00:00:00.0001597" startTime="2026-08-10T23:56:50.7291980+01:00" endTime="2026-08-10T23:56:50.7291980+01:00" testType="13cdc9d9-ddb5-4fa4-a97d-d965ccfc6d4b" outcome="Passed" testListId="8c84fa94-04c1-424b-9868-57a2d4851a1d" relativeResultsDirectory="758c3bd6-e41f-459e-ac28-080dd8982d9f" />
    <UnitTestResult executionId="c5eba6d9-bf2a-4a26-8a9e-500738a2e101" testId="5e4c8813-2c72-28fd-96d9-6597b1612994" testName="StreamsForge.Engine.Tests.TableSearchIndexTests.ExactMultiWordRequiresAllWordsPresent" computerName="Yuriys-MacBook-Pro" duration="00:00:00.0000611" startTime="2026-08-10T23:56:50.8246000+01:00" endTime="2026-08-10T23:56:50.8246000+01:00" testType="13cdc9d9-ddb5-4fa4-a97d-d965ccfc6d4b" outcome="Passed" testListId="8c84fa94-04c1-424b-9868-57a2d4851a1d" relativeResultsDirectory="c5eba6d9-bf2a-4a26-8a9e-500738a2e101" />
    <UnitTestResult executionId="d6788e66-1479-488a-9792-db5463d8235f" testId="a36a55e3-bfc0-e309-8638-fd7506bd4d08" testName="StreamsForge.Engine.Tests.TableZSetTests.AvgIsCorrectUnderRetraction" computerName="Yuriys-MacBook-Pro" duration="00:00:00.1205685" startTime="2026-08-10T23:56:50.6704120+01:00" endTime="2026-08-10T23:56:50.6704120+01:00" testType="13cdc9d9-ddb5-4fa4-a97d-d965ccfc6d4b" outcome="Passed" testListId="8c84fa94-04c1-424b-9868-57a2d4851a1d" relativeResultsDirectory="d6788e66-1479-488a-9792-db5463d8235f" />
    <UnitTestResult executionId="8ea068c0-afa3-440e-9f08-db96e0fd33bc" testId="b74d3d32-9d9b-8adf-2169-995fee592e41" testName="StreamsForge.Engine.Tests.NestedQueriesN2N3N4Tests.InSubqueryParsesAndCompilesInTableMode" computerName="Yuriys-MacBook-Pro" duration="00:00:00.0001493" startTime="2026-08-10T23:56:50.7399410+01:00" endTime="2026-08-10T23:56:50.7399410+01:00" testType="13cdc9d9-ddb5-4fa4-a97d-d965ccfc6d4b" outcome="Passed" testListId="8c84fa94-04c1-424b-9868-57a2d4851a1d" relativeResultsDirectory="8ea068c0-afa3-440e-9f08-db96e0fd33bc" />
    <UnitTestResult executionId="9a46955c-68ad-474b-bc78-6c11e0c9fb97" testId="064cde9b-13ee-505d-4033-7c69fc12cb11" testName="StreamsForge.Engine.Tests.TableStageKindLabelTests.Of_NeverThrows_And_ReturnsNonEmptyLabel(kind: SemiAnti)" computerName="Yuriys-MacBook-Pro" duration="00:00:00.0000007" startTime="2026-08-10T23:56:51.0504500+01:00" endTime="2026-08-10T23:56:51.0504500+01:00" testType="13cdc9d9-ddb5-4fa4-a97d-d965ccfc6d4b" outcome="Passed" testListId="8c84fa94-04c1-424b-9868-57a2d4851a1d" relativeResultsDirectory="9a46955c-68ad-474b-bc78-6c11e0c9fb97" />
    <UnitTestResult executionId="f1571e72-e3a0-4925-adfb-60d2645153bd" testId="be1e99ea-66d8-6843-2cd1-e9bedaa2d575" testName="StreamsForge.Engine.Tests.DataflowFrontierTrackerTests.RegressionOnOneUpstreamDoesNotCorruptAnotherUpstreamsState" computerName="Yuriys-MacBook-Pro" duration="00:00:00.0001475" startTime="2026-08-10T23:56:50.6350270+01:00" endTime="2026-08-10T23:56:50.6350270+01:00" testType="13cdc9d9-ddb5-4fa4-a97d-d965ccfc6d4b" outcome="Passed" testListId="8c84fa94-04c1-424b-9868-57a2d4851a1d" relativeResultsDirectory="f1571e72-e3a0-4925-adfb-60d2645153bd" />
    <UnitTestResult executionId="4a354973-51ad-4725-931b-741ebb8088c3" testId="fab6ebe6-d080-8f34-985c-295b04cd1f35" testName="StreamsForge.Engine.Tests.PartitionedDataflowTests.ScalarBroadcast_Equivalence" computerName="Yuriys-MacBook-Pro" duration="00:00:00.0020336" startTime="2026-08-10T23:56:51.0600170+01:00" endTime="2026-08-10T23:56:51.0600170+01:00" testType="13cdc9d9-ddb5-4fa4-a97d-d965ccfc6d4b" outcome="Passed" testListId="8c84fa94-04c1-424b-9868-57a2d4851a1d" relativeResultsDirectory="4a354973-51ad-4725-931b-741ebb8088c3" />
    <UnitTestResult executionId="87253f04-07af-4444-9e22-030e5d17f92e" testId="04225a82-f318-22bd-71f0-4367c92473c7" testName="StreamsForge.Engine.Tests.ArrangementTests.Builder_NoJoin_NothingArrangeable" computerName="Yuriys-MacBook-Pro" duration="00:00:00.0054450" startTime="2026-08-10T23:56:50.6972590+01:00" endTime="2026-08-10T23:56:50.6972590+01:00" testType="13cdc9d9-ddb5-4fa4-a97d-d965ccfc6d4b" outcome="Passed" testListId="8c84fa94-04c1-424b-9868-57a2d4851a1d" relativeResultsDirectory="87253f04-07af-4444-9e22-030e5d17f92e" />
    <UnitTestResult executionId="91aa92f5-d5e7-4ef8-89ac-1f17fa0d134d" testId="5135840e-e9d0-8e47-5c3d-e49f036523d0" testName="StreamsForge.Engine.Tests.TokenizerAndParserTests.QualifiedStarWithAsAliasIsParseError" computerName="Yuriys-MacBook-Pro" duration="00:00:00.0064923" startTime="2026-08-10T23:56:50.9969260+01:00" endTime="2026-08-10T23:56:50.9969260+01:00" testType="13cdc9d9-ddb5-4fa4-a97d-d965ccfc6d4b" outcome="Passed" testListId="8c84fa94-04c1-424b-9868-57a2d4851a1d" relativeResultsDirectory="91aa92f5-d5e7-4ef8-89ac-1f17fa0d134d" />
    <UnitTestResult executionId="2503b683-3dd4-4728-9b04-8c2bce6d70b1" testId="a053dca0-57bf-184d-d024-af5f5caf49a1" testName="StreamsForge.Engine.Tests.ExecutorUnwindowedTests.WhereFiltersOnJsonArrowArrowExtractedValue" computerName="Yuriys-MacBook-Pro" duration="00:00:00.0003453" startTime="2026-08-10T23:56:50.8174210+01:00" endTime="2026-08-10T23:56:50.8174210+01:00" testType="13cdc9d9-ddb5-4fa4-a97d-d965ccfc6d4b" outcome="Passed" testListId="8c84fa94-04c1-424b-9868-57a2d4851a1d" relativeResultsDirectory="2503b683-3dd4-4728-9b04-8c2bce6d70b1" />
    <UnitTestResult executionId="0856b06e-82d3-4411-a6fe-93d91ace5d0b" testId="889e32cc-c0cf-bf68-2812-530cb05d0084" testName="StreamsForge.Engine.Tests.ValidatorTests.JoinWithoutEquiComparisonIsError" computerName="Yuriys-MacBook-Pro" duration="00:00:00.0001621" startTime="2026-08-10T23:56:51.0470980+01:00" endTime="2026-08-10T23:56:51.0470980+01:00" testType="13cdc9d9-ddb5-4fa4-a97d-d965ccfc6d4b" outcome="Passed" testListId="8c84fa94-04c1-424b-9868-57a2d4851a1d" relativeResultsDirectory="0856b06e-82d3-4411-a6fe-93d91ace5d0b" />
    <UnitTestResult executionId="5d3ce71b-c357-49cc-8e94-7db13387cb1a" testId="31368735-4abc-b0c4-db32-938904c30a79" testName="StreamsForge.Engine.Tests.ValidatorTests.UnknownColumnHasPosition" computerName="Yuriys-MacBook-Pro" duration="00:00:00.0001722" startTime="2026-08-10T23:56:51.0463350+01:00" endTime="2026-08-10T23:56:51.0463350+01:00" testType="13cdc9d9-ddb5-4fa4-a97d-d965ccfc6d4b" outcome="Passed" testListId="8c84fa94-04c1-424b-9868-57a2d4851a1d" relativeResultsDirectory="5d3ce71b-c357-49cc-8e94-7db13387cb1a" />
    <UnitTestResult executionId="e1c66279-9455-4c89-b1f3-bce9348fb083" testId="bacb66c1-7cf5-9200-fa20-1c369852e074" testName="StreamsForge.Engine.Tests.NestedQueriesN2N3N4Tests.PipelineScalarSubquerySnapshotValueUsedAtArrival" computerName="Yuriys-MacBook-Pro" duration="00:00:00.0029484" startTime="2026-08-10T23:56:50.7248210+01:00" endTime="2026-08-10T23:56:50.7248210+01:00" testType="13cdc9d9-ddb5-4fa4-a97d-d965ccfc6d4b" outcome="Passed" testListId="8c84fa94-04c1-424b-9868-57a2d4851a1d" relativeResultsDirectory="e1c66279-9455-4c89-b1f3-bce9348fb083" />
    <UnitTestResult executionId="47e84aeb-16d3-4ed6-911b-e3909378632b" testId="e2978f8f-f45c-fc85-3b70-3a368e561b27" testName="StreamsForge.Engine.Tests.NestedQueriesN1Tests.WithSelfReferenceIsRejectedAsRecursion" computerName="Yuriys-MacBook-Pro" duration="00:00:00.0001583" startTime="2026-08-10T23:56:50.6887800+01:00" endTime="2026-08-10T23:56:50.6887800+01:00" testType="13cdc9d9-ddb5-4fa4-a97d-d965ccfc6d4b" outcome="Passed" testListId="8c84fa94-04c1-424b-9868-57a2d4851a1d" relativeResultsDirectory="47e84aeb-16d3-4ed6-911b-e3909378632b" />
    <UnitTestResult executionId="d3e8da1b-1b23-4318-83f5-0c2f3c976235" testId="9cbb8622-6193-d637-ef10-c3ce642aeec0" testName="StreamsForge.Engine.Tests.ArrangementTests.Builder_TransformedJoinKey_ThatSideNotArrangeable_OtherSideStillIs" computerName="Yuriys-MacBook-Pro" duration="00:00:00.0004229" startTime="2026-08-10T23:56:50.8268340+01:00" endTime="2026-08-10T23:56:50.8268340+01:00" testType="13cdc9d9-ddb5-4fa4-a97d-d965ccfc6d4b" outcome="Passed" testListId="8c84fa94-04c1-424b-9868-57a2d4851a1d" relativeResultsDirectory="d3e8da1b-1b23-4318-83f5-0c2f3c976235" />
    <UnitTestResult executionId="83801567-6ba2-4141-a7cf-f5762637ea6c" testId="2cca79fc-6bc8-3505-bb52-5360e465b471" testName="StreamsForge.Engine.Tests.ExecutorJoinTests.InnerJoinNoMatchNoNullPadOnEviction" computerName="Yuriys-MacBook-Pro" duration="00:00:00.0002623" startTime="2026-08-10T23:56:50.8116070+01:00" endTime="2026-08-10T23:56:50.8116070+01:00" testType="13cdc9d9-ddb5-4fa4-a97d-d965ccfc6d4b" outcome="Passed" testListId="8c84fa94-04c1-424b-9868-57a2d4851a1d" relativeResultsDirectory="83801567-6ba2-4141-a7cf-f5762637ea6c" />
    <UnitTestResult executionId="44542cd0-ced8-47d8-8b39-367c97c74a79" testId="9470be87-1dbc-ab0c-28ac-8449e9ff4619" testName="StreamsForge.Engine.Tests.TableSearchIndexTests.ExactSubstringWithinTokenFallsBackAndFindsRow" computerName="Yuriys-MacBook-Pro" duration="00:00:00.0176761" startTime="2026-08-10T23:56:50.6661140+01:00" endTime="2026-08-10T23:56:50.6661140+01:00" testType="13cdc9d9-ddb5-4fa4-a97d-d965ccfc6d4b" outcome="Passed" testListId="8c84fa94-04c1-424b-9868-57a2d4851a1d" relativeResultsDirectory="44542cd0-ced8-47d8-8b39-367c97c74a79" />
    <UnitTestResult executionId="9add2d3e-6930-4e04-aa89-c134942a474f" testId="21403061-3fd4-07b2-73a9-d81c81653142" testName="StreamsForge.Engine.Tests.ExpressionSemanticsTests.ArrowArrowStringifiesEachPrimitiveTypeAndPropagatesNull" computerName="Yuriys-MacBook-Pro" duration="00:00:00.0003161" startTime="2026-08-10T23:56:51.0497670+01:00" endTime="2026-08-10T23:56:51.0497670+01:00" testType="13cdc9d9-ddb5-4fa4-a97d-d965ccfc6d4b" outcome="Passed" testListId="8c84fa94-04c1-424b-9868-57a2d4851a1d" relativeResultsDirectory="9add2d3e-6930-4e04-aa89-c134942a474f" />
    <UnitTestResult executionId="9faf1d91-904a-4ee6-9d7c-c1961c3d4851" testId="323aad7e-eff6-c6b9-6b11-e9df81b6263e" testName="StreamsForge.Engine.Tests.NestedQueriesN1Tests.WithForwardReferenceIsRejectedAsRecursion" computerName="Yuriys-MacBook-Pro" duration="00:00:00.0004596" startTime="2026-08-10T23:56:50.7091720+01:00" endTime="2026-08-10T23:56:50.7091720+01:00" testType="13cdc9d9-ddb5-4fa4-a97d-d965ccfc6d4b" outcome="Passed" testListId="8c84fa94-04c1-424b-9868-57a2d4851a1d" relativeResultsDirectory="9faf1d91-904a-4ee6-9d7c-c1961c3d4851" />
    <UnitTestResult executionId="57b12c80-f801-4c04-bff1-8bcbcdfd0331" testId="1b410be8-fe48-3461-e630-92c862c68c90" testName="StreamsForge.Engine.Tests.ValidatorTests.TerminalArrowInComparisonIsErrorAndHintsArrowArrow" computerName="Yuriys-MacBook-Pro" duration="00:00:00.0001187" startTime="2026-08-10T23:56:51.0472850+01:00" endTime="2026-08-10T23:56:51.0472850+01:00" testType="13cdc9d9-ddb5-4fa4-a97d-d965ccfc6d4b" outcome="Passed" testListId="8c84fa94-04c1-424b-9868-57a2d4851a1d" relativeResultsDirectory="57b12c80-f801-4c04-bff1-8bcbcdfd0331" />
    <UnitTestResult executionId="dcacf66f-099a-481e-b159-0ef13647b07a" testId="6a00acd6-3452-666f-15fc-731eb30de7b1" testName="StreamsForge.Engine.Tests.TableOuterJoinOpUnitTests.RightNullKey_NotIndexed_DoesNotMakeKeyPresent" computerName="Yuriys-MacBook-Pro" duration="00:00:00.0005231" startTime="2026-08-10T23:56:50.7092520+01:00" endTime="2026-08-10T23:56:50.7092520+01:00" testType="13cdc9d9-ddb5-4fa4-a97d-d965ccfc6d4b" outcome="Passed" testListId="8c84fa94-04c1-424b-9868-57a2d4851a1d" relativeResultsDirectory="dcacf66f-099a-481e-b159-0ef13647b07a" />
    <UnitTestResult executionId="3b9f7d8e-ecf4-47ed-be00-a4eaa653995e" testId="d4e7d134-e01e-5ce1-b405-a35373bc6da3" testName="StreamsForge.Engine.Tests.TableOuterJoinOpUnitTests.CompositeKey_NonMatching_OneComponentDiffers_Pads" computerName="Yuriys-MacBook-Pro" duration="00:00:00.0602747" startTime="2026-08-10T23:56:50.7885700+01:00" endTime="2026-08-10T23:56:50.7885700+01:00" testType="13cdc9d9-ddb5-4fa4-a97d-d965ccfc6d4b" outcome="Passed" testListId="8c84fa94-04c1-424b-9868-57a2d4851a1d" relativeResultsDirectory="3b9f7d8e-ecf4-47ed-be00-a4eaa653995e" />
    <UnitTestResult executionId="ab9ec764-d6f6-4d5f-a775-580e146b9cb8" testId="7ca69784-171d-216e-9782-d71fde92aa5a" testName="StreamsForge.Engine.Tests.TableOuterJoinOpUnitTests.OutOfOrder_RetractThenAssert_SelfHeals" computerName="Yuriys-MacBook-Pro" duration="00:00:00.0111602" startTime="2026-08-10T23:56:50.6987320+01:00" endTime="2026-08-10T23:56:50.6987320+01:00" testType="13cdc9d9-ddb5-4fa4-a97d-d965ccfc6d4b" outcome="Passed" testListId="8c84fa94-04c1-424b-9868-57a2d4851a1d" relativeResultsDirectory="ab9ec764-d6f6-4d5f-a775-580e146b9cb8" />
    <UnitTestResult executionId="75585fa0-f01c-4e0c-b113-12bc4487014b" testId="0bb425a3-e6bf-a44a-64d6-3d294302380f" testName="StreamsForge.Engine.Tests.TableSearchIndexTests.ExactTokenMatchFindsRow" computerName="Yuriys-MacBook-Pro" duration="00:00:00.0000769" startTime="2026-08-10T23:56:50.8245150+01:00" endTime="2026-08-10T23:56:50.8245150+01:00" testType="13cdc9d9-ddb5-4fa4-a97d-d965ccfc6d4b" outcome="Passed" testListId="8c84fa94-04c1-424b-9868-57a2d4851a1d" relativeResultsDirectory="75585fa0-f01c-4e0c-b113-12bc4487014b" />
    <UnitTestResult executionId="0c1eb582-589d-42e0-b9e4-a2e088f2dde0" testId="5ad89f7e-65d2-f93c-b013-20feb1adc89a" testName="StreamsForge.Engine.Tests.UnnestTests.TableUnnestUnderGroupByEmitsRetractAssertPerAggregateChange" computerName="Yuriys-MacBook-Pro" duration="00:00:00.0014402" startTime="2026-08-10T23:56:50.7619050+01:00" endTime="2026-08-10T23:56:50.7619050+01:00" testType="13cdc9d9-ddb5-4fa4-a97d-d965ccfc6d4b" outcome="Passed" testListId="8c84fa94-04c1-424b-9868-57a2d4851a1d" relativeResultsDirectory="0c1eb582-589d-42e0-b9e4-a2e088f2dde0" />
    <UnitTestResult executionId="2484493f-5c00-432e-8a57-edd3a165f804" testId="d14c768d-8bcc-8877-0f63-a10a07771601" testName="StreamsForge.Engine.Tests.TableJsonTests.NonGoldTierEventIsFilteredOutByWhere" computerName="Yuriys-MacBook-Pro" duration="00:00:00.0000885" startTime="2026-08-10T23:56:51.0169830+01:00" endTime="2026-08-10T23:56:51.0169830+01:00" testType="13cdc9d9-ddb5-4fa4-a97d-d965ccfc6d4b" outcome="Passed" testListId="8c84fa94-04c1-424b-9868-57a2d4851a1d" relativeResultsDirectory="2484493f-5c00-432e-8a57-edd3a165f804" />
    <UnitTestResult executionId="c535ce68-de1a-47ab-9df4-0dbc795c246a" testId="a6933801-84f8-f68d-acde-eb7017b25d5e" testName="StreamsForge.Engine.Tests.ExpressionSemanticsTests.ArrowArrowSerializesNestedDictAndListToCompactJson" computerName="Yuriys-MacBook-Pro" duration="00:00:00.0008083" startTime="2026-08-10T23:56:51.0489040+01:00" endTime="2026-08-10T23:56:51.0489040+01:00" testType="13cdc9d9-ddb5-4fa4-a97d-d965ccfc6d4b" outcome="Passed" testListId="8c84fa94-04c1-424b-9868-57a2d4851a1d" relativeResultsDirectory="c535ce68-de1a-47ab-9df4-0dbc795c246a" />
    <UnitTestResult executionId="dd74ff76-640e-411a-aa03-7cfed85edbb4" testId="5e46bfbd-59bf-8b8c-8f2d-c06cc6a1e480" testName="StreamsForge.Engine.Tests.TableOuterJoinReplayTests.FullJoin_SameBatchSequenceOnThreeFreshExecutorsProducesByteIdenticalOutputs_PadProductPadRoundTrip" computerName="Yuriys-MacBook-Pro" duration="00:00:00.0303364" startTime="2026-08-10T23:56:50.9419150+01:00" endTime="2026-08-10T23:56:50.9419150+01:00" testType="13cdc9d9-ddb5-4fa4-a97d-d965ccfc6d4b" outcome="Passed" testListId="8c84fa94-04c1-424b-9868-57a2d4851a1d" relativeResultsDirectory="dd74ff76-640e-411a-aa03-7cfed85edbb4" />
    <UnitTestResult executionId="523ae381-de1a-43b8-b470-7b4a613eb146" testId="d441117f-6d3e-f5ea-aae8-96fd6769e323" testName="StreamsForge.Engine.Tests.TokenizerAndParserTests.OriginalBugQueryCompilesOk" computerName="Yuriys-MacBook-Pro" duration="00:00:00.0012895" startTime="2026-08-10T23:56:51.0517890+01:00" endTime="2026-08-10T23:56:51.0517890+01:00" testType="13cdc9d9-ddb5-4fa4-a97d-d965ccfc6d4b" outcome="Passed" testListId="8c84fa94-04c1-424b-9868-57a2d4851a1d" relativeResultsDirectory="523ae381-de1a-43b8-b470-7b4a613eb146" />
    <UnitTestResult executionId="7ae41a09-1489-48cd-8608-56a9b5487310" testId="677a4800-d5fa-1cc7-a051-2db3bf98baa6" testName="StreamsForge.Engine.Tests.TableJoinTests.FanOutMultipleMatchesEachEmitTheirOwnWeightedDelta" computerName="Yuriys-MacBook-Pro" duration="00:00:00.0008508" startTime="2026-08-10T23:56:50.8261940+01:00" endTime="2026-08-10T23:56:50.8261940+01:00" testType="13cdc9d9-ddb5-4fa4-a97d-d965ccfc6d4b" outcome="Passed" testListId="8c84fa94-04c1-424b-9868-57a2d4851a1d" relativeResultsDirectory="7ae41a09-1489-48cd-8608-56a9b5487310" />
    <UnitTestResult executionId="9d2cff64-1f45-4142-9082-51463e869ef0" testId="d4adbd0b-0138-595f-6440-8e15ea92c988" testName="StreamsForge.Engine.Tests.PartitionedDataflowTests.UnnestAggregate_StageGraph" computerName="Yuriys-MacBook-Pro" duration="00:00:00.0004101" startTime="2026-08-10T23:56:51.0257470+01:00" endTime="2026-08-10T23:56:51.0257480+01:00" testType="13cdc9d9-ddb5-4fa4-a97d-d965ccfc6d4b" outcome="Passed" testListId="8c84fa94-04c1-424b-9868-57a2d4851a1d" relativeResultsDirectory="9d2cff64-1f45-4142-9082-51463e869ef0" />
    <UnitTestResult executionId="a82a90f0-6781-4b1d-a9ef-10d5ecab4bcc" testId="cab9482f-8aab-4c29-0f25-b767fb5e5293" testName="StreamsForge.Engine.Tests.TableOuterJoinPartitionedTests.FullJoin_Equivalence" computerName="Yuriys-MacBook-Pro" duration="00:00:00.0305900" startTime="2026-08-10T23:56:51.0163030+01:00" endTime="2026-08-10T23:56:51.0163030+01:00" testType="13cdc9d9-ddb5-4fa4-a97d-d965ccfc6d4b" outcome="Passed" testListId="8c84fa94-04c1-424b-9868-57a2d4851a1d" relativeResultsDirectory="a82a90f0-6781-4b1d-a9ef-10d5ecab4bcc" />
    <UnitTestResult executionId="c55ebf3d-8e08-4ebd-a978-3335585857aa" testId="0b29219a-c53d-3cf4-bab3-48ce99965464" testName="StreamsForge.Engine.Tests.TableOuterJoinOpUnitTests.RightJoin_MirrorsLeft_OwnPadThenFlipOnOppositeArrival" computerName="Yuriys-MacBook-Pro" duration="00:00:00.1395907" startTime="2026-08-10T23:56:50.6875350+01:00" endTime="2026-08-10T23:56:50.6875350+01:00" testType="13cdc9d9-ddb5-4fa4-a97d-d965ccfc6d4b" outcome="Passed" testListId="8c84fa94-04c1-424b-9868-57a2d4851a1d" relativeResultsDirectory="c55ebf3d-8e08-4ebd-a978-3335585857aa" />
    <UnitTestResult executionId="adca4cc5-db69-478d-94ec-68863775db39" testId="5c225e41-9cb1-f35c-6099-7614e9c1b893" testName="StreamsForge.Engine.Tests.ExecutorWindowAndAggregateTests.TumblingWindowClosesOnlyWhenWatermarkPassesEnd" computerName="Yuriys-MacBook-Pro" duration="00:00:00.0005145" startTime="2026-08-10T23:56:50.8182980+01:00" endTime="2026-08-10T23:56:50.8182980+01:00" testType="13cdc9d9-ddb5-4fa4-a97d-d965ccfc6d4b" outcome="Passed" testListId="8c84fa94-04c1-424b-9868-57a2d4851a1d" relativeResultsDirectory="adca4cc5-db69-478d-94ec-68863775db39" />
    <UnitTestResult executionId="9bce9aea-ab7f-4837-917d-aac0c1e95309" testId="86581195-5859-fde7-a98a-d4c30ece7712" testName="StreamsForge.Engine.Tests.ExecutorUnwindowedTests.DefaultColumnNamesUseIdentifierOrFunctionName" computerName="Yuriys-MacBook-Pro" duration="00:00:00.0036992" startTime="2026-08-10T23:56:50.8144920+01:00" endTime="2026-08-10T23:56:50.8144920+01:00" testType="13cdc9d9-ddb5-4fa4-a97d-d965ccfc6d4b" outcome="Passed" testListId="8c84fa94-04c1-424b-9868-57a2d4851a1d" relativeResultsDirectory="9bce9aea-ab7f-4837-917d-aac0c1e95309" />
    <UnitTestResult executionId="d6780107-93e5-44ac-8851-caf1e4374e3a" testId="b992ea9b-c9e9-4dfa-2710-c59ea946cb3a" testName="StreamsForge.Engine.Tests.NestedQueriesN1Tests.PipelineCompileResultSourceNamesReportsRealLeafStreamsNotSyntheticDerivedMarker" computerName="Yuriys-MacBook-Pro" duration="00:00:00.0098564" startTime="2026-08-10T23:56:50.7390490+01:00" endTime="2026-08-10T23:56:50.7390490+01:00" testType="13cdc9d9-ddb5-4fa4-a97d-d965ccfc6d4b" outcome="Passed" testListId="8c84fa94-04c1-424b-9868-57a2d4851a1d" relativeResultsDirectory="d6780107-93e5-44ac-8851-caf1e4374e3a" />
    <UnitTestResult executionId="3a0bfa8e-c422-41a3-9cbd-133a9643930e" testId="d6f8d7c7-78c8-4803-1ce5-4b69ec7dfcb7" testName="StreamsForge.Engine.Tests.UnnestTests.UnnestOfNonJsonExprIsError" computerName="Yuriys-MacBook-Pro" duration="00:00:00.0006185" startTime="2026-08-10T23:56:50.7625940+01:00" endTime="2026-08-10T23:56:50.7625940+01:00" testType="13cdc9d9-ddb5-4fa4-a97d-d965ccfc6d4b" outcome="Passed" testListId="8c84fa94-04c1-424b-9868-57a2d4851a1d" relativeResultsDirectory="3a0bfa8e-c422-41a3-9cbd-133a9643930e" />
    <UnitTestResult executionId="6738df35-474e-49c6-8ca7-51eb74f43546" testId="6b398d13-1a3c-c935-0195-438bba6301c1" testName="StreamsForge.Engine.Tests.ExpressionSemanticsTests.ChainedArrowThenArrowArrowExtractsDeeplyNestedField" computerName="Yuriys-MacBook-Pro" duration="00:00:00.0001803" startTime="2026-08-10T23:56:51.0496220+01:00" endTime="2026-08-10T23:56:51.0496220+01:00" testType="13cdc9d9-ddb5-4fa4-a97d-d965ccfc6d4b" outcome="Passed" testListId="8c84fa94-04c1-424b-9868-57a2d4851a1d" relativeResultsDirectory="6738df35-474e-49c6-8ca7-51eb74f43546" />
    <UnitTestResult executionId="3817a08a-0e17-48c4-bef0-f528fa8e053f" testId="41bf9ef2-18e3-766f-b9ba-f9071ba2515e" testName="StreamsForge.Engine.Tests.UnnestTests.JoinFormUnnestCompiles" computerName="Yuriys-MacBook-Pro" duration="00:00:00.0001487" startTime="2026-08-10T23:56:50.7626310+01:00" endTime="2026-08-10T23:56:50.7626310+01:00" testType="13cdc9d9-ddb5-4fa4-a97d-d965ccfc6d4b" outcome="Passed" testListId="8c84fa94-04c1-424b-9868-57a2d4851a1d" relativeResultsDirectory="3817a08a-0e17-48c4-bef0-f528fa8e053f" />
    <UnitTestResult executionId="85b51b3a-9d77-41a1-8eab-da97194b66b0" testId="3969e655-a0f2-ec90-0a24-5b1b7f91bc54" testName="StreamsForge.Engine.Tests.NestedQueriesN1Tests.TableModeDerivedJoinTargetPropagatesRetraction" computerName="Yuriys-MacBook-Pro" duration="00:00:00.0018783" startTime="2026-08-10T23:56:50.6918150+01:00" endTime="2026-08-10T23:56:50.6918150+01:00" testType="13cdc9d9-ddb5-4fa4-a97d-d965ccfc6d4b" outcome="Passed" testListId="8c84fa94-04c1-424b-9868-57a2d4851a1d" relativeResultsDirectory="85b51b3a-9d77-41a1-8eab-da97194b66b0" />
    <UnitTestResult executionId="2dcc3bb6-bbfc-4038-91be-4478312867ba" testId="ba9b7b81-235d-e733-c4b7-42d14d30e57c" testName="StreamsForge.Engine.Tests.TableOpsUnitTests.ReduceOp_SecondContributionEmitsRetractThenAssertPair_AndUpdatesGroupState" computerName="Yuriys-MacBook-Pro" duration="00:00:00.0006599" startTime="2026-08-10T23:56:50.6852290+01:00" endTime="2026-08-10T23:56:50.6852290+01:00" testType="13cdc9d9-ddb5-4fa4-a97d-d965ccfc6d4b" outcome="Passed" testListId="8c84fa94-04c1-424b-9868-57a2d4851a1d" relativeResultsDirectory="2dcc3bb6-bbfc-4038-91be-4478312867ba" />
    <UnitTestResult executionId="46d7a880-91b6-4d22-8aa4-18b0266eb475" testId="d1f06921-adcf-f50c-25f9-f386fbc3de20" testName="StreamsForge.Engine.Tests.TokenizerAndParserTests.EmitVariantsParse(emit: &quot;EMIT CHANGES&quot;)" computerName="Yuriys-MacBook-Pro" duration="00:00:00.0040657" startTime="2026-08-10T23:56:51.0157170+01:00" endTime="2026-08-10T23:56:51.0157170+01:00" testType="13cdc9d9-ddb5-4fa4-a97d-d965ccfc6d4b" outcome="Passed" testListId="8c84fa94-04c1-424b-9868-57a2d4851a1d" relativeResultsDirectory="46d7a880-91b6-4d22-8aa4-18b0266eb475" />
    <UnitTestResult executionId="f1e30441-a3a7-4efa-82b8-c8cd9419e421" testId="2fc7cc95-be36-6131-e0da-b2ddb372f203" testName="StreamsForge.Engine.Tests.ExpressionSemanticsTests.ThreeValuedOrLogic" computerName="Yuriys-MacBook-Pro" duration="00:00:00.0013937" startTime="2026-08-10T23:56:51.0456480+01:00" endTime="2026-08-10T23:56:51.0456480+01:00" testType="13cdc9d9-ddb5-4fa4-a97d-d965ccfc6d4b" outcome="Passed" testListId="8c84fa94-04c1-424b-9868-57a2d4851a1d" relativeResultsDirectory="f1e30441-a3a7-4efa-82b8-c8cd9419e421" />
    <UnitTestResult executionId="2d621390-0ca0-4681-9934-7dcc0cb3e1fb" testId="a9e48ee2-3b58-1e5a-8f81-fe46a57c5e24" testName="StreamsForge.Engine.Tests.TableOuterJoinTests.FullJoin_PadsBothSides_NeverEmitsNullNullRow" computerName="Yuriys-MacBook-Pro" duration="00:00:00.0144393" startTime="2026-08-10T23:56:50.6783830+01:00" endTime="2026-08-10T23:56:50.6783830+01:00" testType="13cdc9d9-ddb5-4fa4-a97d-d965ccfc6d4b" outcome="Passed" testListId="8c84fa94-04c1-424b-9868-57a2d4851a1d" relativeResultsDirectory="2d621390-0ca0-4681-9934-7dcc0cb3e1fb" />
    <UnitTestResult executionId="8fbdc98a-3d6a-4324-afce-8ba078c8ca63" testId="6ec53b06-618f-e7d9-2fd7-54101c86fad7" testName="StreamsForge.Engine.Tests.DataflowEpochBufferTests.DeterministicReplay_SameBatchesInAnyArrivalOrderProduceIdenticalFlushSequence(seed: 2)" computerName="Yuriys-MacBook-Pro" duration="00:00:00.0150633" startTime="2026-08-10T23:56:51.0473840+01:00" endTime="2026-08-10T23:56:51.0473840+01:00" testType="13cdc9d9-ddb5-4fa4-a97d-d965ccfc6d4b" outcome="Passed" testListId="8c84fa94-04c1-424b-9868-57a2d4851a1d" relativeResultsDirectory="8fbdc98a-3d6a-4324-afce-8ba078c8ca63" />
    <UnitTestResult executionId="e4960094-0303-45a7-8888-bde49fd9a00c" testId="09e9decb-84b8-eb93-6c60-902d36eb79b4" testName="StreamsForge.Engine.Tests.NestedQueriesN2N3N4Tests.PipelineAntiJoinSnapshotFiltersMembersAndPassesNonMembers" computerName="Yuriys-MacBook-Pro" duration="00:00:00.0359175" startTime="2026-08-10T23:56:50.7108040+01:00" endTime="2026-08-10T23:56:50.7108040+01:00" testType="13cdc9d9-ddb5-4fa4-a97d-d965ccfc6d4b" outcome="Passed" testListId="8c84fa94-04c1-424b-9868-57a2d4851a1d" relativeResultsDirectory="e4960094-0303-45a7-8888-bde49fd9a00c" />
    <UnitTestResult executionId="54f316b8-bc43-44b7-8e0f-b62304f0445b" testId="64417490-c66a-f56c-15ba-595f5567848c" testName="StreamsForge.Engine.Tests.TokenizerAndParserTests.MinusAndGreaterThanTokenizeCorrectlyWithNoWhitespace" computerName="Yuriys-MacBook-Pro" duration="00:00:00.0002274" startTime="2026-08-10T23:56:51.0158100+01:00" endTime="2026-08-10T23:56:51.0158100+01:00" testType="13cdc9d9-ddb5-4fa4-a97d-d965ccfc6d4b" outcome="Passed" testListId="8c84fa94-04c1-424b-9868-57a2d4851a1d" relativeResultsDirectory="54f316b8-bc43-44b7-8e0f-b62304f0445b" />
    <UnitTestResult executionId="1b840743-3aa0-4629-b889-119323d4a9b6" testId="57435c75-0a71-6056-0b2c-2dadeb3d71d7" testName="StreamsForge.Engine.Tests.TableStageKindLabelTests.Of_NeverThrows_And_ReturnsNonEmptyLabel(kind: Ingest)" computerName="Yuriys-MacBook-Pro" duration="00:00:00.0137600" startTime="2026-08-10T23:56:51.0256680+01:00" endTime="2026-08-10T23:56:51.0256680+01:00" testType="13cdc9d9-ddb5-4fa4-a97d-d965ccfc6d4b" outcome="Passed" testListId="8c84fa94-04c1-424b-9868-57a2d4851a1d" relativeResultsDirectory="1b840743-3aa0-4629-b889-119323d4a9b6" />
    <UnitTestResult executionId="d1453746-1204-4995-b46a-6e19e51090fb" testId="c1b0af19-af7b-8371-d2c4-1380e277eba1" testName="StreamsForge.Engine.Tests.TableOuterJoinReplayTests.LeftJoin_SameBatchSequenceOnThreeFreshExecutorsProducesByteIdenticalOutputs_PadProductPadRoundTrip" computerName="Yuriys-MacBook-Pro" duration="00:00:00.0354391" startTime="2026-08-10T23:56:50.9575340+01:00" endTime="2026-08-10T23:56:50.9575340+01:00" testType="13cdc9d9-ddb5-4fa4-a97d-d965ccfc6d4b" outcome="Passed" testListId="8c84fa94-04c1-424b-9868-57a2d4851a1d" relativeResultsDirectory="d1453746-1204-4995-b46a-6e19e51090fb" />
    <UnitTestResult executionId="c4ef570d-d5e0-4dc1-84de-d44ca5f190a2" testId="3856a4fb-ae48-2602-4a67-167d5c66fea7" testName="StreamsForge.Engine.Tests.TableZSetTests.SubsequentContributionEmitsRetractThenAssert" computerName="Yuriys-MacBook-Pro" duration="00:00:00.0002526" startTime="2026-08-10T23:56:50.6838370+01:00" endTime="2026-08-10T23:56:50.6838380+01:00" testType="13cdc9d9-ddb5-4fa4-a97d-d965ccfc6d4b" outcome="Passed" testListId="8c84fa94-04c1-424b-9868-57a2d4851a1d" relativeResultsDirectory="c4ef570d-d5e0-4dc1-84de-d44ca5f190a2" />
    <UnitTestResult executionId="2f3bf68f-4e88-4d56-a030-aca83ac43523" testId="7f4d4557-0210-08cc-09b1-0b6cc6967c80" testName="StreamsForge.Engine.Tests.LatestByTests.TiedTimestampArrivalReplaces" computerName="Yuriys-MacBook-Pro" duration="00:00:00.0002025" startTime="2026-08-10T23:56:50.8390130+01:00" endTime="2026-08-10T23:56:50.8390130+01:00" testType="13cdc9d9-ddb5-4fa4-a97d-d965ccfc6d4b" outcome="Passed" testListId="8c84fa94-04c1-424b-9868-57a2d4851a1d" relativeResultsDirectory="2f3bf68f-4e88-4d56-a030-aca83ac43523" />
    <UnitTestResult executionId="ea3e5227-cca4-4560-964a-f756cffa0994" testId="219ce665-0cc1-cb52-7de9-a2707e3ae6cb" testName="StreamsForge.Engine.Tests.TableGrainClusterSmokeTest.TableGrain_WithSearchEnabled_FindsKnownSymbolViaSearchAsync" computerName="Yuriys-MacBook-Pro" duration="00:00:00.4226523" startTime="2026-08-10T23:56:53.5384510+01:00" endTime="2026-08-10T23:56:53.5384510+01:00" testType="13cdc9d9-ddb5-4fa4-a97d-d965ccfc6d4b" outcome="Passed" testListId="8c84fa94-04c1-424b-9868-57a2d4851a1d" relativeResultsDirectory="ea3e5227-cca4-4560-964a-f756cffa0994" />
    <UnitTestResult executionId="d72ac6bc-f658-4142-aa7e-ef6f2a13fdf6" testId="5c03fe3d-4fda-cb38-e4cc-7d2f11e6fcd5" testName="StreamsForge.Engine.Tests.TableValidatorTests.InnerJoinWithoutWithinCompilesInTableMode" computerName="Yuriys-MacBook-Pro" duration="00:00:00.0161975" startTime="2026-08-10T23:56:51.0151590+01:00" endTime="2026-08-10T23:56:51.0151590+01:00" testType="13cdc9d9-ddb5-4fa4-a97d-d965ccfc6d4b" outcome="Passed" testListId="8c84fa94-04c1-424b-9868-57a2d4851a1d" relativeResultsDirectory="d72ac6bc-f658-4142-aa7e-ef6f2a13fdf6" />
    <UnitTestResult executionId="e7f225c9-6411-4bb6-ad39-a3df6f2e72f2" testId="50522fa4-8f00-0de9-52eb-462b4cf04f58" testName="StreamsForge.Engine.Tests.ValidatorTests.QualifiedColumnResolvesAliasUnambiguously" computerName="Yuriys-MacBook-Pro" duration="00:00:00.0000788" startTime="2026-08-10T23:56:51.0460780+01:00" endTime="2026-08-10T23:56:51.0460780+01:00" testType="13cdc9d9-ddb5-4fa4-a97d-d965ccfc6d4b" outcome="Passed" testListId="8c84fa94-04c1-424b-9868-57a2d4851a1d" relativeResultsDirectory="e7f225c9-6411-4bb6-ad39-a3df6f2e72f2" />
    <UnitTestResult executionId="ded1a209-f0ea-4022-ae63-49ebc02d869a" testId="bdb454bf-ceea-cca9-f485-8e31835aa519" testName="StreamsForge.Engine.Tests.TableCrossJoinTests.CrossJoinCompilesInTableMode" computerName="Yuriys-MacBook-Pro" duration="00:00:00.0000755" startTime="2026-08-10T23:56:51.0510240+01:00" endTime="2026-08-10T23:56:51.0510240+01:00" testType="13cdc9d9-ddb5-4fa4-a97d-d965ccfc6d4b" outcome="Passed" testListId="8c84fa94-04c1-424b-9868-57a2d4851a1d" relativeResultsDirectory="ded1a209-f0ea-4022-ae63-49ebc02d869a" />
    <UnitTestResult executionId="24cf7a93-f78d-4fb0-a664-f8293815da57" testId="877767a7-872c-4865-98fc-b2b1b1ead67f" testName="StreamsForge.Engine.Tests.TableZSetTests.SumIsSubtractableUnderRetraction" computerName="Yuriys-MacBook-Pro" duration="00:00:00.0002601" startTime="2026-08-10T23:56:50.6835470+01:00" endTime="2026-08-10T23:56:50.6835470+01:00" testType="13cdc9d9-ddb5-4fa4-a97d-d965ccfc6d4b" outcome="Passed" testListId="8c84fa94-04c1-424b-9868-57a2d4851a1d" relativeResultsDirectory="24cf7a93-f78d-4fb0-a664-f8293815da57" />
    <UnitTestResult executionId="fd380aca-ad4f-4347-8721-17fce1645a6a" testId="88f0e28a-2708-53f7-252e-f7e33c826d0c" testName="StreamsForge.Engine.Tests.UnnestTests.AcceptancePlan002L2_SumOverLegsPerCcyTumblingWindow" computerName="Yuriys-MacBook-Pro" duration="00:00:00.0009308" startTime="2026-08-10T23:56:50.7622650+01:00" endTime="2026-08-10T23:56:50.7622650+01:00" testType="13cdc9d9-ddb5-4fa4-a97d-d965ccfc6d4b" outcome="Passed" testListId="8c84fa94-04c1-424b-9868-57a2d4851a1d" relativeResultsDirectory="fd380aca-ad4f-4347-8721-17fce1645a6a" />
    <UnitTestResult executionId="df57fe0e-4e09-4ec3-8088-73269cf94efe" testId="86da911d-b375-005e-5aeb-385a25cde3e5" testName="StreamsForge.Engine.Tests.NestedQueriesN1Tests.DuplicateCteNameInWithListIsRejected" computerName="Yuriys-MacBook-Pro" duration="00:00:00.0001296" startTime="2026-08-10T23:56:50.7092430+01:00" endTime="2026-08-10T23:56:50.7092430+01:00" testType="13cdc9d9-ddb5-4fa4-a97d-d965ccfc6d4b" outcome="Passed" testListId="8c84fa94-04c1-424b-9868-57a2d4851a1d" relativeResultsDirectory="df57fe0e-4e09-4ec3-8088-73269cf94efe" />
    <UnitTestResult executionId="2a650dad-578c-4c3a-b95a-e738dfce7338" testId="df724902-6ac3-3329-56b9-d02e308c9159" testName="StreamsForge.Engine.Tests.TableFilterProjectTests.RowsFailingWhereAreDropped" computerName="Yuriys-MacBook-Pro" duration="00:00:00.0027514" startTime="2026-08-10T23:56:50.6757740+01:00" endTime="2026-08-10T23:56:50.6757740+01:00" testType="13cdc9d9-ddb5-4fa4-a97d-d965ccfc6d4b" outcome="Passed" testListId="8c84fa94-04c1-424b-9868-57a2d4851a1d" relativeResultsDirectory="2a650dad-578c-4c3a-b95a-e738dfce7338" />
    <UnitTestResult executionId="0efaebbb-58c3-41fc-8975-9c80ad31a111" testId="3bcee913-2859-08d5-71ab-0dfa34650f49" testName="StreamsForge.Engine.Tests.NestedQueriesN1Tests.DerivedCteFeedsAJoinInTheOuterChain" computerName="Yuriys-MacBook-Pro" duration="00:00:00.0042496" startTime="2026-08-10T23:56:50.7431160+01:00" endTime="2026-08-10T23:56:50.7431160+01:00" testType="13cdc9d9-ddb5-4fa4-a97d-d965ccfc6d4b" outcome="Passed" testListId="8c84fa94-04c1-424b-9868-57a2d4851a1d" relativeResultsDirectory="0efaebbb-58c3-41fc-8975-9c80ad31a111" />
    <UnitTestResult executionId="53e9ab95-b1d6-4cbc-9e3b-7d2a070c09ae" testId="aaf05e40-226a-3ee3-807c-58c4545b4960" testName="StreamsForge.Engine.Tests.NestedQueriesN2N3N4Tests.ScalarSubqueryInWhereParsesAndCompiles" computerName="Yuriys-MacBook-Pro" duration="00:00:00.0000979" startTime="2026-08-10T23:56:50.7294910+01:00" endTime="2026-08-10T23:56:50.7294910+01:00" testType="13cdc9d9-ddb5-4fa4-a97d-d965ccfc6d4b" outcome="Passed" testListId="8c84fa94-04c1-424b-9868-57a2d4851a1d" relativeResultsDirectory="53e9ab95-b1d6-4cbc-9e3b-7d2a070c09ae" />
    <UnitTestResult executionId="e6c8c1a3-365b-44d7-b21f-4bc5dd30f6a4" testId="a6d834df-091b-65a6-c813-761a9230b6f3" testName="StreamsForge.Engine.Tests.TableOuterJoinOpUnitTests.CompositeKey_Matching_ProductsAcrossBothComponents" computerName="Yuriys-MacBook-Pro" duration="00:00:00.0010509" startTime="2026-08-10T23:56:50.7887860+01:00" endTime="2026-08-10T23:56:50.7887860+01:00" testType="13cdc9d9-ddb5-4fa4-a97d-d965ccfc6d4b" outcome="Passed" testListId="8c84fa94-04c1-424b-9868-57a2d4851a1d" relativeResultsDirectory="e6c8c1a3-365b-44d7-b21f-4bc5dd30f6a4" />
    <UnitTestResult executionId="3885f45a-f2a1-496d-871c-475cbf0cdb8c" testId="f0a1015a-0aab-2a91-28c3-e4d4b7ea61cf" testName="StreamsForge.Engine.Tests.ValidatorTests.QualifiedStarWithGroupByIsError" computerName="Yuriys-MacBook-Pro" duration="00:00:00.0001152" startTime="2026-08-10T23:56:51.0483170+01:00" endTime="2026-08-10T23:56:51.0483170+01:00" testType="13cdc9d9-ddb5-4fa4-a97d-d965ccfc6d4b" outcome="Passed" testListId="8c84fa94-04c1-424b-9868-57a2d4851a1d" relativeResultsDirectory="3885f45a-f2a1-496d-871c-475cbf0cdb8c" />
    <UnitTestResult executionId="9219627e-0692-417e-bdde-34177bae4fb0" testId="e52d8017-3781-2190-6218-6a851ef0fb56" testName="StreamsForge.Engine.Tests.TableValidatorTests.QualifiedStarUnknownAliasIsErrorInTableMode" computerName="Yuriys-MacBook-Pro" duration="00:00:00.0128807" startTime="2026-08-10T23:56:51.0160490+01:00" endTime="2026-08-10T23:56:51.0160490+01:00" testType="13cdc9d9-ddb5-4fa4-a97d-d965ccfc6d4b" outcome="Passed" testListId="8c84fa94-04c1-424b-9868-57a2d4851a1d" relativeResultsDirectory="9219627e-0692-417e-bdde-34177bae4fb0" />
    <UnitTestResult executionId="7c8b2c51-b70d-470a-af03-8529dc5dd825" testId="26f0ac9c-9758-57b3-8a54-f913863a3f5d" testName="StreamsForge.Engine.Tests.TableValidatorTests.AmbiguousNamePresentInBothStreamsAndTablesIsError" computerName="Yuriys-MacBook-Pro" duration="00:00:00.0001977" startTime="2026-08-10T23:56:51.0160680+01:00" endTime="2026-08-10T23:56:51.0160680+01:00" testType="13cdc9d9-ddb5-4fa4-a97d-d965ccfc6d4b" outcome="Passed" testListId="8c84fa94-04c1-424b-9868-57a2d4851a1d" relativeResultsDirectory="7c8b2c51-b70d-470a-af03-8529dc5dd825" />
    <UnitTestResult executionId="f0b2a68e-7ba5-4a56-814c-242e7c3d3c91" testId="ded953d6-7cb8-3484-22bd-36ade5ae3daf" testName="StreamsForge.Engine.Tests.NestedQueriesN1Tests.DerivedTableCanAppearInJoinPosition" computerName="Yuriys-MacBook-Pro" duration="00:00:00.0005194" startTime="2026-08-10T23:56:50.7049530+01:00" endTime="2026-08-10T23:56:50.7049530+01:00" testType="13cdc9d9-ddb5-4fa4-a97d-d965ccfc6d4b" outcome="Passed" testListId="8c84fa94-04c1-424b-9868-57a2d4851a1d" relativeResultsDirectory="f0b2a68e-7ba5-4a56-814c-242e7c3d3c91" />
    <UnitTestResult executionId="b0c158d6-c71c-4b1e-96d0-deb7f7daea7e" testId="6da1c743-e172-0f1b-2023-46bea8d8f871" testName="StreamsForge.Engine.Tests.ValidatorTests.ArrowOnNonJsonColumnIsError" computerName="Yuriys-MacBook-Pro" duration="00:00:00.0003474" startTime="2026-08-10T23:56:51.0464360+01:00" endTime="2026-08-10T23:56:51.0464360+01:00" testType="13cdc9d9-ddb5-4fa4-a97d-d965ccfc6d4b" outcome="Passed" testListId="8c84fa94-04c1-424b-9868-57a2d4851a1d" relativeResultsDirectory="b0c158d6-c71c-4b1e-96d0-deb7f7daea7e" />
    <UnitTestResult executionId="4e8bdaf7-0972-4187-913c-530482d2bf2f" testId="75dd0e38-b4b4-bfbd-f26a-788cc9d6e315" testName="StreamsForge.Engine.Tests.TableOuterJoinValidatorTests.WithinClauseStillForbiddenInTableMode(kind: &quot;FULL&quot;)" computerName="Yuriys-MacBook-Pro" duration="00:00:00.0001611" startTime="2026-08-10T23:56:50.6383980+01:00" endTime="2026-08-10T23:56:50.6383980+01:00" testType="13cdc9d9-ddb5-4fa4-a97d-d965ccfc6d4b" outcome="Passed" testListId="8c84fa94-04c1-424b-9868-57a2d4851a1d" relativeResultsDirectory="4e8bdaf7-0972-4187-913c-530482d2bf2f" />
    <UnitTestResult executionId="a9f90a0b-d74c-4015-b1b7-b7171d938fea" testId="c4389cbe-35b9-c207-139d-9d253e638fd1" testName="StreamsForge.Engine.Tests.TableCrossJoinTests.CartesianProductMultipliesWeights" computerName="Yuriys-MacBook-Pro" duration="00:00:00.0005570" startTime="2026-08-10T23:56:51.0508390+01:00" endTime="2026-08-10T23:56:51.0508390+01:00" testType="13cdc9d9-ddb5-4fa4-a97d-d965ccfc6d4b" outcome="Passed" testListId="8c84fa94-04c1-424b-9868-57a2d4851a1d" relativeResultsDirectory="a9f90a0b-d74c-4015-b1b7-b7171d938fea" />
    <UnitTestResult executionId="e756ff9e-b0d7-420a-9833-b4772536214d" testId="6f4004d6-79db-6e6d-9e2b-d444d74dd090" testName="StreamsForge.Engine.Tests.UnnestTests.NestedUnnestInsideDerivedTableWorks" computerName="Yuriys-MacBook-Pro" duration="00:00:00.0035451" startTime="2026-08-10T23:56:50.7492760+01:00" endTime="2026-08-10T23:56:50.7492760+01:00" testType="13cdc9d9-ddb5-4fa4-a97d-d965ccfc6d4b" outcome="Passed" testListId="8c84fa94-04c1-424b-9868-57a2d4851a1d" relativeResultsDirectory="e756ff9e-b0d7-420a-9833-b4772536214d" />
    <UnitTestResult executionId="6b47bf0f-4e09-49d6-b934-d68601280428" testId="1ecb67d4-d90b-97e4-961c-02a83fb1cfc4" testName="StreamsForge.Engine.Tests.TableOuterJoinPartitionedTests.ChainedLeftThenCross_CreateDataflowThrows_UseParallelism1" computerName="Yuriys-MacBook-Pro" duration="00:00:00.0003324" startTime="2026-08-10T23:56:50.9967800+01:00" endTime="2026-08-10T23:56:50.9967800+01:00" testType="13cdc9d9-ddb5-4fa4-a97d-d965ccfc6d4b" outcome="Passed" testListId="8c84fa94-04c1-424b-9868-57a2d4851a1d" relativeResultsDirectory="6b47bf0f-4e09-49d6-b934-d68601280428" />
    <UnitTestResult executionId="ecec776c-47b7-4815-984f-6088a12e3fa2" testId="8e51006d-c6bf-c1c4-d025-2bc6ae9015bf" testName="StreamsForge.Engine.Tests.TableOpsUnitTests.FilterProjectOp_OnBatchTerminal_ProjectsPassingRowsAndDropsFailing" computerName="Yuriys-MacBook-Pro" duration="00:00:00.0003201" startTime="2026-08-10T23:56:50.6976140+01:00" endTime="2026-08-10T23:56:50.6976140+01:00" testType="13cdc9d9-ddb5-4fa4-a97d-d965ccfc6d4b" outcome="Passed" testListId="8c84fa94-04c1-424b-9868-57a2d4851a1d" relativeResultsDirectory="ecec776c-47b7-4815-984f-6088a12e3fa2" />
    <UnitTestResult executionId="d41faf0f-0f12-42b3-8389-d70a0590ba9b" testId="f76be043-8cb5-8b34-6994-9cd03a3e9cb7" testName="StreamsForge.Engine.Tests.DataflowEpochTests.NegativeInfinityIsBelowEveryRealEpoch" computerName="Yuriys-MacBook-Pro" duration="00:00:00.0000586" startTime="2026-08-10T23:56:50.7625290+01:00" endTime="2026-08-10T23:56:50.7625290+01:00" testType="13cdc9d9-ddb5-4fa4-a97d-d965ccfc6d4b" outcome="Passed" testListId="8c84fa94-04c1-424b-9868-57a2d4851a1d" relativeResultsDirectory="d41faf0f-0f12-42b3-8389-d70a0590ba9b" />
    <UnitTestResult executionId="076d3bba-6e71-49d6-b1a3-b2290916a0eb" testId="21106a0d-c24d-0d14-b23d-bdffd0cc6b41" testName="StreamsForge.Engine.Tests.TokenizerAndParserTests.QualifiedStarAlongsideOtherColumnParses" computerName="Yuriys-MacBook-Pro" duration="00:00:00.0001354" startTime="2026-08-10T23:56:51.0157910+01:00" endTime="2026-08-10T23:56:51.0157910+01:00" testType="13cdc9d9-ddb5-4fa4-a97d-d965ccfc6d4b" outcome="Passed" testListId="8c84fa94-04c1-424b-9868-57a2d4851a1d" relativeResultsDirectory="076d3bba-6e71-49d6-b1a3-b2290916a0eb" />
    <UnitTestResult executionId="9f7f09b9-a53c-4e54-86e1-735f789ba327" testId="eaadbdf2-0c55-01f6-2fae-eeb5ef825103" testName="StreamsForge.Engine.Tests.DataflowFrontierTrackerTests.SingleUpstreamFrontierTracksItsObservations" computerName="Yuriys-MacBook-Pro" duration="00:00:00.0000858" startTime="2026-08-10T23:56:50.6349380+01:00" endTime="2026-08-10T23:56:50.6349380+01:00" testType="13cdc9d9-ddb5-4fa4-a97d-d965ccfc6d4b" outcome="Passed" testListId="8c84fa94-04c1-424b-9868-57a2d4851a1d" relativeResultsDirectory="9f7f09b9-a53c-4e54-86e1-735f789ba327" />
[...]
    <TestEntry testId="a29ac76f-d306-e3d6-fd6d-07d976c63c3a" executionId="b0e3796b-9856-47b4-b554-2d5b7bc60e19" testListId="8c84fa94-04c1-424b-9868-57a2d4851a1d" />
    <TestEntry testId="1272b4dd-a19f-0bbe-4072-8ef3da6962a2" executionId="a82e2d7d-cb17-4cd9-a94e-30ad14058f5d" testListId="8c84fa94-04c1-424b-9868-57a2d4851a1d" />
    <TestEntry testId="ee242a89-43f3-0bf2-4754-1821de6b6976" executionId="0ca1f4bf-69fe-4a1d-a896-e8900d2bb2ac" testListId="8c84fa94-04c1-424b-9868-57a2d4851a1d" />
    <TestEntry testId="6060586c-f546-e5f1-f951-ee3b6c981dfa" executionId="dbc9dbd1-33fb-4cda-a698-b5c2af48b327" testListId="8c84fa94-04c1-424b-9868-57a2d4851a1d" />
    <TestEntry testId="f0c1d0c3-7363-73aa-1be6-2c4e00a1567b" executionId="186b9448-8465-452b-b5a7-f8a5616c5959" testListId="8c84fa94-04c1-424b-9868-57a2d4851a1d" />
    <TestEntry testId="6d6b63aa-b74a-ea47-aa83-9ab7873e3556" executionId="6359c553-7b05-4f09-b404-976e5d3010a0" testListId="8c84fa94-04c1-424b-9868-57a2d4851a1d" />
    <TestEntry testId="709f5966-e707-381a-c487-4d8502cbfec7" executionId="ec0bd132-5f56-4949-9a1b-9d10cde3a99e" testListId="8c84fa94-04c1-424b-9868-57a2d4851a1d" />
    <TestEntry testId="54d138d4-4ee4-19d9-83d6-473dccb8532b" executionId="83a9f2e6-601a-4beb-8ce9-dc888a79101a" testListId="8c84fa94-04c1-424b-9868-57a2d4851a1d" />
    <TestEntry testId="eba0f256-91e3-3722-c70f-e2a6713ae739" executionId="1f81c227-edaa-4f5e-8ff5-fe850233135a" testListId="8c84fa94-04c1-424b-9868-57a2d4851a1d" />
    <TestEntry testId="4fca8b80-bcc0-a9fc-1b71-8f5d0ddd11b9" executionId="5e48fc08-a0d0-4802-acf4-b153acd0402b" testListId="8c84fa94-04c1-424b-9868-57a2d4851a1d" />
    <TestEntry testId="41d13c2c-13c4-a7f3-baa8-28b695f1b3ca" executionId="91cb95eb-5ad1-46cc-b3ae-c4f2a1f41dd6" testListId="8c84fa94-04c1-424b-9868-57a2d4851a1d" />
    <TestEntry testId="1c58090a-fc76-be8a-8197-edcf29a5d1a0" executionId="34e1d41a-7a32-4905-bd5c-7ce465b1b977" testListId="8c84fa94-04c1-424b-9868-57a2d4851a1d" />
    <TestEntry testId="b52924d7-fc01-c7ff-95f7-25f2c7f93390" executionId="478b598a-ac51-40c9-b16e-099f035c0dfc" testListId="8c84fa94-04c1-424b-9868-57a2d4851a1d" />
    <TestEntry testId="f5ac65c7-079b-cc97-c615-f187c92218d5" executionId="d7972345-e40a-4997-9c12-86cb0616598a" testListId="8c84fa94-04c1-424b-9868-57a2d4851a1d" />
    <TestEntry testId="aff8d6e0-d437-23a5-9e3e-200c3ada84c3" executionId="ccd7bfbf-b0f4-46bb-bc12-96a5572bbfee" testListId="8c84fa94-04c1-424b-9868-57a2d4851a1d" />
    <TestEntry testId="d3e0ccad-3d97-5738-9de2-d4a8661f99da" executionId="b2db32fc-262b-49b5-844d-c04fc7456b79" testListId="8c84fa94-04c1-424b-9868-57a2d4851a1d" />
    <TestEntry testId="d0df8b2b-ea11-8e61-1ab2-5005f0d205d4" executionId="3110b4a3-60d0-42e4-b409-b626dba60e77" testListId="8c84fa94-04c1-424b-9868-57a2d4851a1d" />
    <TestEntry testId="2de5da39-cf78-0a5c-3a14-cd175ffe971f" executionId="911d3cb2-4125-4a7f-9917-cb3056c9be2d" testListId="8c84fa94-04c1-424b-9868-57a2d4851a1d" />
    <TestEntry testId="09a6a6a9-1dd7-0306-1db1-330a2801af1e" executionId="a87efa5f-8b0e-477a-8335-1d9236e7af13" testListId="8c84fa94-04c1-424b-9868-57a2d4851a1d" />
    <TestEntry testId="6f3180b2-3d19-35b9-f780-a6a2f3a51a70" executionId="ed333560-5849-41af-87e5-b0f988e33c06" testListId="8c84fa94-04c1-424b-9868-57a2d4851a1d" />
    <TestEntry testId="4736aefc-c3b3-d98f-8f08-2a2f93c14eeb" executionId="42743098-49b5-4653-ba9d-1440378c2b8a" testListId="8c84fa94-04c1-424b-9868-57a2d4851a1d" />
    <TestEntry testId="ae0ef383-ebd0-a924-7be8-b07baf8a332f" executionId="60ae09ba-9752-415f-ae9f-3baf1827d68a" testListId="8c84fa94-04c1-424b-9868-57a2d4851a1d" />
    <TestEntry testId="587083b3-5cc5-0870-d1d4-1530a0dd6375" executionId="b5692d08-25be-46c2-ae5c-a5bc64265ed6" testListId="8c84fa94-04c1-424b-9868-57a2d4851a1d" />
    <TestEntry testId="10a585a9-132d-9191-5c78-c4443672565e" executionId="1a0b1631-7bb1-40db-abe6-9b34e0a7e7fd" testListId="8c84fa94-04c1-424b-9868-57a2d4851a1d" />
    <TestEntry testId="50e56d95-afca-fac0-d200-d933c86fe307" executionId="dc12e150-d0a3-459a-8d97-4cb89f9be53a" testListId="8c84fa94-04c1-424b-9868-57a2d4851a1d" />
    <TestEntry testId="9b3bfef2-ea58-74e3-040e-243edd56c103" executionId="f220bd16-50cb-4b0d-a0bb-6be29a68ac48" testListId="8c84fa94-04c1-424b-9868-57a2d4851a1d" />
    <TestEntry testId="769c0628-e2aa-60db-17c5-d78da0535b31" executionId="af3cfb64-bd66-4b21-ac24-d2db80591c6e" testListId="8c84fa94-04c1-424b-9868-57a2d4851a1d" />
    <TestEntry testId="7ffabbbe-8c36-3d78-a052-35378fe040df" executionId="546ef5ac-2fc5-44b8-ac12-00ca9aaca682" testListId="8c84fa94-04c1-424b-9868-57a2d4851a1d" />
    <TestEntry testId="759cf66c-8d19-5cd2-de60-0d4228999ba8" executionId="a4ccab9d-5979-4e00-aec1-b6a65dd37a9c" testListId="8c84fa94-04c1-424b-9868-57a2d4851a1d" />
    <TestEntry testId="f819cfae-3488-f629-7be6-733bf61b4eb3" executionId="37bbb20f-0361-4854-90c4-3d650ba9fad0" testListId="8c84fa94-04c1-424b-9868-57a2d4851a1d" />
    <TestEntry testId="4e720e2f-9acd-c616-5cba-a4c64c06612b" executionId="f92f69c4-f854-45b7-8d68-ecdbe6f16ce0" testListId="8c84fa94-04c1-424b-9868-57a2d4851a1d" />
    <TestEntry testId="a12a38b4-62d5-6c2b-4162-2dcff14b2864" executionId="1192e743-2b33-44ef-ad9e-93d30f17d9d2" testListId="8c84fa94-04c1-424b-9868-57a2d4851a1d" />
    <TestEntry testId="81996ffd-19c9-0705-4a01-edc0b4834bd0" executionId="30022a10-2a7b-4669-ada8-39361285f784" testListId="8c84fa94-04c1-424b-9868-57a2d4851a1d" />
    <TestEntry testId="9a609550-50ce-65d8-e1f7-e7d5ec613542" executionId="f8da8633-d6d2-4b25-8d9a-6c58f8546ad0" testListId="8c84fa94-04c1-424b-9868-57a2d4851a1d" />
    <TestEntry testId="e627e938-7107-18fc-6514-7289256d85a9" executionId="9224939c-020a-4d23-8de2-e34871869b86" testListId="8c84fa94-04c1-424b-9868-57a2d4851a1d" />
    <TestEntry testId="ecf5b242-6528-0c9f-f458-91c78e89c368" executionId="33d1204e-9258-4c33-b9fa-59caa782e44a" testListId="8c84fa94-04c1-424b-9868-57a2d4851a1d" />
    <TestEntry testId="244237e7-bf5d-17ea-10d3-17009dd49be1" executionId="3569fdf1-9cd6-4824-b429-207d4fdc8045" testListId="8c84fa94-04c1-424b-9868-57a2d4851a1d" />
    <TestEntry testId="5d33c7d2-6991-f532-bc6e-dde5d017669b" executionId="294d6e05-20c2-4bae-a433-f938b0521169" testListId="8c84fa94-04c1-424b-9868-57a2d4851a1d" />
    <TestEntry testId="8b3841e5-06a9-83db-ffa1-2f9c0e8b2383" executionId="c1160dc7-3b5d-43ef-b3be-99d22e091a95" testListId="8c84fa94-04c1-424b-9868-57a2d4851a1d" />
    <TestEntry testId="b768a1bd-a44a-1f11-f442-dcd9231bf47c" executionId="087c8c80-dc8a-4d53-ae17-a94bc7ee21eb" testListId="8c84fa94-04c1-424b-9868-57a2d4851a1d" />
    <TestEntry testId="06e51e87-0502-ded6-41bb-57bcff835ce1" executionId="cfc683c7-363a-4e1f-8905-7225f648f1d3" testListId="8c84fa94-04c1-424b-9868-57a2d4851a1d" />
    <TestEntry testId="daa05aeb-5a23-0c2b-017c-3d6c0ccfc067" executionId="af3a1c47-d3fa-4d55-b261-368c8553158d" testListId="8c84fa94-04c1-424b-9868-57a2d4851a1d" />
    <TestEntry testId="f701266a-ceae-5f00-c0f5-07bfa4bf34cd" executionId="433e95c0-9812-4b42-b41e-659f00843af5" testListId="8c84fa94-04c1-424b-9868-57a2d4851a1d" />
    <TestEntry testId="9d253d8c-798f-d77e-4a37-780148ed7e9e" executionId="f612b172-19e8-4bce-887c-00edbb16e7cf" testListId="8c84fa94-04c1-424b-9868-57a2d4851a1d" />
    <TestEntry testId="f2cf5c89-2ab6-52fd-f90b-2e19491f2103" executionId="fcefde71-a202-47cd-a4a9-7fa744c24316" testListId="8c84fa94-04c1-424b-9868-57a2d4851a1d" />
    <TestEntry testId="8b85a8df-1e14-40a5-f402-b7cd0f632d18" executionId="9f20b1ff-9ac6-49c3-b8f7-82d6599021f3" testListId="8c84fa94-04c1-424b-9868-57a2d4851a1d" />
    <TestEntry testId="20316054-3829-56b5-8d3e-5c93364b7a3f" executionId="f7e5e63d-26a8-4e4e-b0ac-7048c2e046e2" testListId="8c84fa94-04c1-424b-9868-57a2d4851a1d" />
    <TestEntry testId="bb26184e-4b16-1e51-d7cf-1ecaa29721ca" executionId="78aa2e3b-8f40-4fad-9742-b763227ebdc0" testListId="8c84fa94-04c1-424b-9868-57a2d4851a1d" />
    <TestEntry testId="a5fb57cb-4d9a-bb33-0121-627d38ae74fd" executionId="bf52963b-2453-4317-9a4f-80091bf13ff1" testListId="8c84fa94-04c1-424b-9868-57a2d4851a1d" />
    <TestEntry testId="e71be921-8d8e-96a1-e48d-4c44fbd83f6c" executionId="f3ff0982-b5ed-4b8a-87f1-459e1e03635c" testListId="8c84fa94-04c1-424b-9868-57a2d4851a1d" />
    <TestEntry testId="a4316b5c-db95-6572-811f-b917be5b9e00" executionId="adb1f0f3-70c0-4d05-b006-ded672a682b5" testListId="8c84fa94-04c1-424b-9868-57a2d4851a1d" />
    <TestEntry testId="9b3a6c98-0635-759c-3961-75f1288d883b" executionId="9c056987-be92-4233-a7aa-70ad207d6fed" testListId="8c84fa94-04c1-424b-9868-57a2d4851a1d" />
    <TestEntry testId="31f854a3-9601-ee46-ff87-d2b74d72fc7e" executionId="f7212ea1-a65a-4af4-b11e-79a975af8969" testListId="8c84fa94-04c1-424b-9868-57a2d4851a1d" />
    <TestEntry testId="6f077003-39ba-bab1-3d83-b3632d284731" executionId="963b585a-a01a-46b0-8692-c23985cbd084" testListId="8c84fa94-04c1-424b-9868-57a2d4851a1d" />
    <TestEntry testId="f7253a4f-f507-e3be-c9aa-c32b4f8fd2ee" executionId="ac8d1799-bad7-4e8c-af69-bd5eaa01e3fe" testListId="8c84fa94-04c1-424b-9868-57a2d4851a1d" />
    <TestEntry testId="527a0356-373c-6473-10a0-57005ee73836" executionId="2129d246-42ad-4bbb-971a-0c45b64450e2" testListId="8c84fa94-04c1-424b-9868-57a2d4851a1d" />
    <TestEntry testId="b5addeed-36d8-e17d-c3b9-c5b78b01fd1e" executionId="8c9d1f29-3d4b-49cc-839b-d955240cc3c8" testListId="8c84fa94-04c1-424b-9868-57a2d4851a1d" />
    <TestEntry testId="2ed0c5fd-0f1d-21f7-93ab-1f2946e4f391" executionId="65b53979-a68e-4e7b-98c6-d671cd4d9a16" testListId="8c84fa94-04c1-424b-9868-57a2d4851a1d" />
    <TestEntry testId="b911af8f-993c-02b5-3e32-6b827805b7bb" executionId="aac69a4d-a9ed-49e0-b377-7d1ae2be4aaf" testListId="8c84fa94-04c1-424b-9868-57a2d4851a1d" />
    <TestEntry testId="6a5ffc2a-9e0e-9c11-30d3-d61ad0173810" executionId="c15f1f26-17f3-443c-9286-efbd665f9c8c" testListId="8c84fa94-04c1-424b-9868-57a2d4851a1d" />
    <TestEntry testId="74277c0a-9271-1ecf-ebc5-e0cac5643f5a" executionId="b11ec595-f226-4a30-accb-a23d694ff263" testListId="8c84fa94-04c1-424b-9868-57a2d4851a1d" />
    <TestEntry testId="b96367ca-cf74-906d-37d2-efda4b5edf4b" executionId="d77b3845-c315-4f81-9c0e-8abf409b93f9" testListId="8c84fa94-04c1-424b-9868-57a2d4851a1d" />
    <TestEntry testId="a221746f-3747-8047-4510-e954d270cb5f" executionId="f90128cd-91db-4517-8207-6e976fa1af2e" testListId="8c84fa94-04c1-424b-9868-57a2d4851a1d" />
    <TestEntry testId="c711c73b-65bd-62a0-bad8-18a78ec6fa05" executionId="a8e026e5-6927-445c-8550-1f52c83dd661" testListId="8c84fa94-04c1-424b-9868-57a2d4851a1d" />
    <TestEntry testId="765cb439-83c3-945b-1cde-abfc2e0e4d95" executionId="50d799e3-c84d-4b65-9188-44cbbaf1a610" testListId="8c84fa94-04c1-424b-9868-57a2d4851a1d" />
    <TestEntry testId="6b4ee890-4dc9-c08f-399d-b80bd94445d5" executionId="77f169e9-86c6-4674-9880-d481d900ea76" testListId="8c84fa94-04c1-424b-9868-57a2d4851a1d" />
    <TestEntry testId="47a067f7-a044-aa89-ce21-894c960de16e" executionId="e2c3a755-e824-4681-853c-4d3c69c7102e" testListId="8c84fa94-04c1-424b-9868-57a2d4851a1d" />
    <TestEntry testId="126c2d35-2ffc-035a-2777-87080857917f" executionId="d977bc92-a36c-4509-bd4c-96ce751eadb1" testListId="8c84fa94-04c1-424b-9868-57a2d4851a1d" />
    <TestEntry testId="fbc4fa78-b107-8a51-d760-d4cb60872905" executionId="496d0a96-a3cf-47da-9a2d-6b1f6b164e2d" testListId="8c84fa94-04c1-424b-9868-57a2d4851a1d" />
    <TestEntry testId="1f0718e1-53a4-165c-e5a5-d355bb14923f" executionId="60912264-35a9-4a58-ace9-6a84cea00655" testListId="8c84fa94-04c1-424b-9868-57a2d4851a1d" />
    <TestEntry testId="cd456d2f-ea3a-c70b-0590-f0596e817a88" executionId="c1cdb277-9561-4756-bdf7-47bcda6bb8b0" testListId="8c84fa94-04c1-424b-9868-57a2d4851a1d" />
    <TestEntry testId="20f31295-8d12-266e-694a-f46d2cf1e7c5" executionId="f91c933c-aaaf-4e9a-80ad-1a005d26f757" testListId="8c84fa94-04c1-424b-9868-57a2d4851a1d" />
    <TestEntry testId="91d76620-142f-e3a5-f973-f808b471dc20" executionId="2ef71979-db33-4163-ab51-56f73186ed4d" testListId="8c84fa94-04c1-424b-9868-57a2d4851a1d" />
    <TestEntry testId="8113d5b3-952c-bc46-6c38-629d1729794b" executionId="ed67b8d4-1181-452e-b90c-d7273a2a3b24" testListId="8c84fa94-04c1-424b-9868-57a2d4851a1d" />
    <TestEntry testId="258ae458-1a09-15aa-1203-a08f28a3130b" executionId="7a067d56-afd4-49c9-8bec-cdddefef2487" testListId="8c84fa94-04c1-424b-9868-57a2d4851a1d" />
    <TestEntry testId="d838abe7-3f10-e597-07de-beee4ca80f16" executionId="f59b650f-062f-4bbd-8d23-ee465b1b86a6" testListId="8c84fa94-04c1-424b-9868-57a2d4851a1d" />
    <TestEntry testId="2eea3d9f-91da-533e-96cf-34fa361bc1fd" executionId="11b7ee9f-826b-475b-ac2c-9e42d805671a" testListId="8c84fa94-04c1-424b-9868-57a2d4851a1d" />
    <TestEntry testId="6c3a8588-264b-7270-d868-b457dff21474" executionId="76146d9d-4d13-4c54-9829-a9bf2dfce578" testListId="8c84fa94-04c1-424b-9868-57a2d4851a1d" />
    <TestEntry testId="1bbaa6b3-0ae6-d9cd-a0a0-3f3db643b7d7" executionId="aaa17633-ac3c-4db6-aff4-89d8bcda0b05" testListId="8c84fa94-04c1-424b-9868-57a2d4851a1d" />
    <TestEntry testId="606c18fd-a43a-256e-53af-c31d547e917e" executionId="138dd6be-8284-458b-b8f8-cd0b93736a33" testListId="8c84fa94-04c1-424b-9868-57a2d4851a1d" />
    <TestEntry testId="9677dcee-f0a0-dce0-b4ca-9aaec2f9ec91" executionId="82313668-d16c-480b-ae33-b15b43a26140" testListId="8c84fa94-04c1-424b-9868-57a2d4851a1d" />
    <TestEntry testId="6a0fb941-e822-cd9c-b85a-5f83401219d2" executionId="921476dc-e12d-400c-b12a-0a48cdbc5f3e" testListId="8c84fa94-04c1-424b-9868-57a2d4851a1d" />
    <TestEntry testId="c3454e53-63f2-578d-9417-f8a8f33bb036" executionId="67ccda8b-6c00-4053-89d1-0914fb7d9d1e" testListId="8c84fa94-04c1-424b-9868-57a2d4851a1d" />
    <TestEntry testId="253e855d-6725-f806-a2d8-3acee70539c4" executionId="badc486d-2d23-4396-b8a6-eec203d64fbe" testListId="8c84fa94-04c1-424b-9868-57a2d4851a1d" />
    <TestEntry testId="3bdb91ea-bb67-46f4-4e10-b40cafaafdaf" executionId="7fc091b9-e89e-47d1-a8ae-7c71d68f041f" testListId="8c84fa94-04c1-424b-9868-57a2d4851a1d" />
    <TestEntry testId="120c1f74-5516-d7ad-16c9-7f211a734949" executionId="33de3f6f-b6d7-459d-b3a0-f6e809d776e2" testListId="8c84fa94-04c1-424b-9868-57a2d4851a1d" />
    <TestEntry testId="c300147d-f34d-44a4-5fd5-726bacc6076d" executionId="32859db7-fe55-45e0-a880-26c2b8a5eb22" testListId="8c84fa94-04c1-424b-9868-57a2d4851a1d" />
    <TestEntry testId="bcde1052-6dc0-4457-d958-b3653d5f2f68" executionId="1bd916ce-fbf8-4bba-86bd-b1db8ce9e1db" testListId="8c84fa94-04c1-424b-9868-57a2d4851a1d" />
    <TestEntry testId="45d92435-1943-bf0e-6f48-a8fff25fb105" executionId="b10b7050-4ef5-4923-8b20-4436c6c497d4" testListId="8c84fa94-04c1-424b-9868-57a2d4851a1d" />
    <TestEntry testId="122491f3-de66-fee6-fce1-397c2a33431a" executionId="047a1b16-285a-40c7-8d87-0a0454eee764" testListId="8c84fa94-04c1-424b-9868-57a2d4851a1d" />
    <TestEntry testId="66161054-be54-afb4-7d1b-98314a91484b" executionId="6ef9f4f2-595e-4e4a-aebf-26cabf5f24db" testListId="8c84fa94-04c1-424b-9868-57a2d4851a1d" />
    <TestEntry testId="2ee4d330-2d0a-1d11-5bf6-d986de81d53f" executionId="f4784eb2-0c65-489d-bbf1-cbd391520b47" testListId="8c84fa94-04c1-424b-9868-57a2d4851a1d" />
    <TestEntry testId="36dcb7bf-889e-dfc1-398d-1317b4a737d9" executionId="3df9e63d-93cf-4799-b3ec-86d25494b3c1" testListId="8c84fa94-04c1-424b-9868-57a2d4851a1d" />
    <TestEntry testId="95b8fd08-cab0-f3ad-39e6-e338c796516f" executionId="edaebee4-2e2a-4af3-b1a9-1fc450045edb" testListId="8c84fa94-04c1-424b-9868-57a2d4851a1d" />
    <TestEntry testId="d5fd32c4-da34-2a1a-ec36-df8b2cf3c094" executionId="83c04409-7647-4e66-a1a3-f779a275e31e" testListId="8c84fa94-04c1-424b-9868-57a2d4851a1d" />
    <TestEntry testId="36abf066-febb-f43a-6361-f6498e398b17" executionId="7731b729-133b-4e1c-a94d-30e52388133f" testListId="8c84fa94-04c1-424b-9868-57a2d4851a1d" />
    <TestEntry testId="6c02d4fd-84c4-d674-265d-b4b0641e463d" executionId="a59e31b4-cb90-4e9c-8fc8-4b6895965909" testListId="8c84fa94-04c1-424b-9868-57a2d4851a1d" />
    <TestEntry testId="46d9e451-9b5d-25d1-37be-c1d158ff890a" executionId="6b0ad3c3-312c-4d05-a9c3-3d8bd8d41867" testListId="8c84fa94-04c1-424b-9868-57a2d4851a1d" />
    <TestEntry testId="ee9684f6-d17a-ecfc-42b5-fa3aa41a03e6" executionId="6010b85a-12a9-4854-ab57-e4b8ce470f3b" testListId="8c84fa94-04c1-424b-9868-57a2d4851a1d" />
    <TestEntry testId="734c3dcf-aeb7-9476-416d-f6a7e6302349" executionId="ef105699-4147-451f-b93c-a1041e978e33" testListId="8c84fa94-04c1-424b-9868-57a2d4851a1d" />
    <TestEntry testId="438a3030-cf22-269d-4654-accc98179377" executionId="16a0c908-50f4-4af3-be50-6cc225bf17d5" testListId="8c84fa94-04c1-424b-9868-57a2d4851a1d" />
    <TestEntry testId="abd556a7-1a1b-6e3a-9ec8-e0a9a69f1479" executionId="d64da1d2-f5c0-4f2d-89a4-21bf993fdad1" testListId="8c84fa94-04c1-424b-9868-57a2d4851a1d" />
    <TestEntry testId="48ea1290-0daf-50e0-6d50-aade5ca3fb13" executionId="1b5830e6-7220-4554-841c-0b04c45112ed" testListId="8c84fa94-04c1-424b-9868-57a2d4851a1d" />
    <TestEntry testId="0ee01c3b-be93-9328-41bb-8d5c25bfc4e9" executionId="83146e5f-bc94-48c1-a6ae-2ec41ca8fb86" testListId="8c84fa94-04c1-424b-9868-57a2d4851a1d" />
    <TestEntry testId="89ad10a1-c3c3-62c9-3af4-4c6f3840d956" executionId="5ec01187-c2be-484f-b63f-8906d2ec9855" testListId="8c84fa94-04c1-424b-9868-57a2d4851a1d" />
    <TestEntry testId="c648a4e0-25bf-056d-6ca2-283f77c17f3d" executionId="18c9598a-40db-462c-9a78-d42952f80ea6" testListId="8c84fa94-04c1-424b-9868-57a2d4851a1d" />
    <TestEntry testId="f12bbc74-1adb-35c6-10ab-5fbc5a4b8307" executionId="90f30b61-8140-4b34-b459-df67b4da2c5a" testListId="8c84fa94-04c1-424b-9868-57a2d4851a1d" />
    <TestEntry testId="d06c5225-b5f6-3955-4541-49dd54d36783" executionId="3deacaf0-8690-45cf-8531-d152b8449cbe" testListId="8c84fa94-04c1-424b-9868-57a2d4851a1d" />
    <TestEntry testId="f97d59cd-0003-1bdd-5129-f17a02ccd78e" executionId="f2334f7d-92b1-4bfc-96f0-0364770108ed" testListId="8c84fa94-04c1-424b-9868-57a2d4851a1d" />
    <TestEntry testId="ecc5e9ab-08c4-a5ff-bb84-714f371332cf" executionId="b8d26bd0-258f-4579-b2ae-56b3b729e7ad" testListId="8c84fa94-04c1-424b-9868-57a2d4851a1d" />
    <TestEntry testId="79654f0e-65e2-2d6c-401e-5ff4df2c1848" executionId="648093bf-fa00-4586-9ab2-ecb264290481" testListId="8c84fa94-04c1-424b-9868-57a2d4851a1d" />
    <TestEntry testId="1a7d6923-e47e-97c4-63f0-529905e6b1ea" executionId="bbf3d278-caa6-453b-ae98-da85f8749cad" testListId="8c84fa94-04c1-424b-9868-57a2d4851a1d" />
    <TestEntry testId="21460004-6119-be8e-c5a5-1681049c97ce" executionId="330c444f-2eb6-430e-bb98-f0d0a173103c" testListId="8c84fa94-04c1-424b-9868-57a2d4851a1d" />
    <TestEntry testId="5c779470-2b7a-e24d-ae7a-54ae104c382f" executionId="40aab675-bbd7-4b1a-83d3-49bbb2d1fd83" testListId="8c84fa94-04c1-424b-9868-57a2d4851a1d" />
    <TestEntry testId="334b3852-941e-0912-deb6-8a9622d85844" executionId="9215514e-fa5a-4dfb-8d09-56a35612ee9c" testListId="8c84fa94-04c1-424b-9868-57a2d4851a1d" />
  </TestEntries>
  <TestLists>
    <TestList name="Results Not in a List" id="8c84fa94-04c1-424b-9868-57a2d4851a1d" />
    <TestList name="All Loaded Results" id="19431567-8539-422a-85d7-44ee4e166bda" />
  </TestLists>
  <ResultSummary outcome="Completed">
    <Counters total="463" executed="463" passed="463" failed="0" error="0" timeout="0" aborted="0" inconclusive="0" passedButRunAborted="0" notRunnable="0" notExecuted="0" disconnected="0" warning="0" completed="0" inProgress="0" pending="0" />
    <Output>
      <StdOut>[xUnit.net 00:00:00.00] xUnit.net VSTest Adapter v2.8.2+699d445a1a (64-bit .NET 10.0.10)
[xUnit.net 00:00:00.32]   Discovering: StreamsForge.Engine.Tests
[xUnit.net 00:00:00.49]   Discovered:  StreamsForge.Engine.Tests
[xUnit.net 00:00:00.49]   Starting:    StreamsForge.Engine.Tests
[xUnit.net 00:00:08.07]   Finished:    StreamsForge.Engine.Tests
</StdOut>
    </Output>
  </ResultSummary>
</TestRun>