<?xml version="1.0" encoding="utf-8"?>
<TestRun id="4bfa99df-9281-43b0-9e1d-031dbd594373" name="@Yuriys-MacBook-Pro 2026-08-10 23:56:51" xmlns="http://microsoft.com/schemas/VisualStudio/TeamTest/2010">
  <Times creation="2026-08-10T23:56:51.0290270+01:00" queuing="2026-08-10T23:56:51.0290270+01:00" start="2026-08-10T23:56:48.8127620+01:00" finish="2026-08-10T23:57:36.9328510+01:00" />
  <TestSettings name="default" id="2114bf3f-ef03-4d38-ab28-cd337d0382c6">
    <Deployment runDeploymentRoot="_Yuriys-MacBook-Pro_2026-08-10_23_56_51" />
  </TestSettings>
  <Results>
    <UnitTestResult executionId="f2bd9164-dfde-494c-868a-a86f4d75bdbd" testId="1637e23d-a308-3709-901a-1c4ff39ff606" testName="StreamsForge.Host.Tests.JsonPathLiteTests.Missing_property_yields_no_match" computerName="Yuriys-MacBook-Pro" duration="00:00:00.0001377" startTime="2026-08-10T23:56:51.9006070+01:00" endTime="2026-08-10T23:56:51.9006070+01:00" testType="13cdc9d9-ddb5-4fa4-a97d-d965ccfc6d4b" outcome="Passed" testListId="8c84fa94-04c1-424b-9868-57a2d4851a1d" relativeResultsDirectory="f2bd9164-dfde-494c-868a-a86f4d75bdbd" />
    <UnitTestResult executionId="c8f405b3-045e-4e0c-8f40-10ee5044e9fb" testId="9dcf5521-5794-7aa6-93fe-7fb3f4bb0ff7" testName="StreamsForge.Host.Tests.FileLedgerTests.Re_recording_an_existing_name_does_not_reset_its_fifo_position" computerName="Yuriys-MacBook-Pro" duration="00:00:00.0014834" startTime="2026-08-10T23:56:52.1756290+01:00" endTime="2026-08-10T23:56:52.1756290+01:00" testType="13cdc9d9-ddb5-4fa4-a97d-d965ccfc6d4b" outcome="Passed" testListId="8c84fa94-04c1-424b-9868-57a2d4851a1d" relativeResultsDirectory="c8f405b3-045e-4e0c-8f40-10ee5044e9fb" />
    <UnitTestResult executionId="c18d3bfc-3942-4371-a724-08829ae55244" testId="9fc7712c-789c-4248-6fa1-6f333d416988" testName="StreamsForge.Host.Tests.ScheduleCalcTests.Validate_Both_cron_and_interval_set_is_invalid" computerName="Yuriys-MacBook-Pro" duration="00:00:00.0000602" startTime="2026-08-10T23:56:51.7875170+01:00" endTime="2026-08-10T23:56:51.7875170+01:00" testType="13cdc9d9-ddb5-4fa4-a97d-d965ccfc6d4b" outcome="Passed" testListId="8c84fa94-04c1-424b-9868-57a2d4851a1d" relativeResultsDirectory="c18d3bfc-3942-4371-a724-08829ae55244" />
    <UnitTestResult executionId="4bc09c47-4af6-4401-b5a7-b20b117a60ba" testId="89dc4a0d-2fec-ab8c-5a91-90a367ec4e0d" testName="StreamsForge.Host.Tests.ProtoWireCompatibilityTests.All_scalar_kinds_nested_json_and_struct_decode_at_the_field_numbers_the_proto_declares" computerName="Yuriys-MacBook-Pro" duration="00:00:00.0149038" startTime="2026-08-10T23:56:51.8479220+01:00" endTime="2026-08-10T23:56:51.8479230+01:00" testType="13cdc9d9-ddb5-4fa4-a97d-d965ccfc6d4b" outcome="Passed" testListId="8c84fa94-04c1-424b-9868-57a2d4851a1d" relativeResultsDirectory="4bc09c47-4af6-4401-b5a7-b20b117a60ba" />
    <UnitTestResult executionId="7e132b0b-4c0a-4348-b88f-3ab9c67eda91" testId="85ac55d5-e9be-2673-9d3b-1a44edd758d7" testName="StreamsForge.Host.Tests.ImportPlannerTests.New_entity_is_created" computerName="Yuriys-MacBook-Pro" duration="00:00:00.0014899" startTime="2026-08-10T23:56:52.0307240+01:00" endTime="2026-08-10T23:56:52.0307240+01:00" testType="13cdc9d9-ddb5-4fa4-a97d-d965ccfc6d4b" outcome="Passed" testListId="8c84fa94-04c1-424b-9868-57a2d4851a1d" relativeResultsDirectory="7e132b0b-4c0a-4348-b88f-3ab9c67eda91" />
    <UnitTestResult executionId="6b2d23d4-fd66-43a5-b7d4-bfcb6e87276e" testId="eebcc710-14bc-ebf6-c352-8a16dbdeb43b" testName="StreamsForge.Host.Tests.SourcesEndpointsLogicTests.ValidateMappingDocument_reports_ok_and_preview_rows_for_a_good_document_and_sample" computerName="Yuriys-MacBook-Pro" duration="00:00:00.0009704" startTime="2026-08-10T23:56:52.0517140+01:00" endTime="2026-08-10T23:56:52.0517140+01:00" testType="13cdc9d9-ddb5-4fa4-a97d-d965ccfc6d4b" outcome="Passed" testListId="8c84fa94-04c1-424b-9868-57a2d4851a1d" relativeResultsDirectory="6b2d23d4-fd66-43a5-b7d4-bfcb6e87276e" />
    <UnitTestResult executionId="23341b85-a710-4b93-a9ba-f8e280732ff5" testId="6b67d735-44d0-8c8a-32c3-524b975197c3" testName="StreamsForge.Host.Tests.ChatRateLimiterTests.Allows_exactly_the_cap_then_refuses" computerName="Yuriys-MacBook-Pro" duration="00:00:00.0001907" startTime="2026-08-10T23:56:51.7895860+01:00" endTime="2026-08-10T23:56:51.7895860+01:00" testType="13cdc9d9-ddb5-4fa4-a97d-d965ccfc6d4b" outcome="Passed" testListId="8c84fa94-04c1-424b-9868-57a2d4851a1d" relativeResultsDirectory="23341b85-a710-4b93-a9ba-f8e280732ff5" />
    <UnitTestResult executionId="dcce4e7c-b910-4939-bdf8-575aff6c1564" testId="10c8a1cf-d0a1-aa71-1ab6-65daf1e1df5c" testName="StreamsForge.Host.Tests.SourcesEndpointsLogicTests.GetThenPut_round_trip_does_not_clobber_the_stored_secret" computerName="Yuriys-MacBook-Pro" duration="00:00:00.0002287" startTime="2026-08-10T23:56:52.0517570+01:00" endTime="2026-08-10T23:56:52.0517570+01:00" testType="13cdc9d9-ddb5-4fa4-a97d-d965ccfc6d4b" outcome="Passed" testListId="8c84fa94-04c1-424b-9868-57a2d4851a1d" relativeResultsDirectory="dcce4e7c-b910-4939-bdf8-575aff6c1564" />
    <UnitTestResult executionId="4cbf8ac2-1605-4a48-abd9-4e7e7547118f" testId="5f160e5e-44d7-9b22-e2b7-ec7457f1ed7d" testName="StreamsForge.Host.Tests.FormatParsersTests.Csv_empty_text_yields_no_items" computerName="Yuriys-MacBook-Pro" duration="00:00:00.0000625" startTime="2026-08-10T23:56:57.0557000+01:00" endTime="2026-08-10T23:56:57.0557000+01:00" testType="13cdc9d9-ddb5-4fa4-a97d-d965ccfc6d4b" outcome="Passed" testListId="8c84fa94-04c1-424b-9868-57a2d4851a1d" relativeResultsDirectory="4cbf8ac2-1605-4a48-abd9-4e7e7547118f" />
    <UnitTestResult executionId="c7b38386-11d7-47c3-a162-fbc20d5a778d" testId="78388d77-76ce-02ee-cbc7-5da53172ceae" testName="StreamsForge.Host.Tests.SourcesEndpointsLogicTests.Validate_rejects_empty_fields_for_every_kind" computerName="Yuriys-MacBook-Pro" duration="00:00:00.0001036" startTime="2026-08-10T23:56:52.0420590+01:00" endTime="2026-08-10T23:56:52.0420590+01:00" testType="13cdc9d9-ddb5-4fa4-a97d-d965ccfc6d4b" outcome="Passed" testListId="8c84fa94-04c1-424b-9868-57a2d4851a1d" relativeResultsDirectory="c7b38386-11d7-47c3-a162-fbc20d5a778d" />
    <UnitTestResult executionId="08f8d531-8317-4d7e-be3d-d899e5031041" testId="71bc8c45-9bf9-6d89-a11b-a95cde784757" testName="StreamsForge.Host.Tests.StreamBridgeServiceStartupRaceTests.TableDelta_and_pipelineResult_relay_even_when_bridge_starts_before_anything_seeds_the_registry" computerName="Yuriys-MacBook-Pro" duration="00:00:00.9515998" startTime="2026-08-10T23:56:54.6880870+01:00" endTime="2026-08-10T23:56:54.6880870+01:00" testType="13cdc9d9-ddb5-4fa4-a97d-d965ccfc6d4b" outcome="Passed" testListId="8c84fa94-04c1-424b-9868-57a2d4851a1d" relativeResultsDirectory="08f8d531-8317-4d7e-be3d-d899e5031041" />
    <UnitTestResult executionId="2debb40f-9dc0-4880-a940-e1a339e80f31" testId="9a41d7ee-8c23-d3dd-b674-d5e68d930611" testName="StreamsForge.Host.Tests.DedupTrackerTests.FIFO_eviction_forgets_oldest_first_not_newest" computerName="Yuriys-MacBook-Pro" duration="00:00:00.0025435" startTime="2026-08-10T23:56:51.9979200+01:00" endTime="2026-08-10T23:56:51.9979200+01:00" testType="13cdc9d9-ddb5-4fa4-a97d-d965ccfc6d4b" outcome="Passed" testListId="8c84fa94-04c1-424b-9868-57a2d4851a1d" relativeResultsDirectory="2debb40f-9dc0-4880-a940-e1a339e80f31" />
    <UnitTestResult executionId="c649d29e-7f81-474b-bbbd-a321c1e61501" testId="00f3844a-9ca5-5dad-825c-43be4ca27b8d" testName="StreamsForge.Host.Tests.OpenApiSchemaDeriverTests.Null_docText_throws_FormatException" computerName="Yuriys-MacBook-Pro" duration="00:00:00.0005624" startTime="2026-08-10T23:56:54.7036560+01:00" endTime="2026-08-10T23:56:54.7036560+01:00" testType="13cdc9d9-ddb5-4fa4-a97d-d965ccfc6d4b" outcome="Passed" testListId="8c84fa94-04c1-424b-9868-57a2d4851a1d" relativeResultsDirectory="c649d29e-7f81-474b-bbbd-a321c1e61501" />
    <UnitTestResult executionId="b9c78021-d350-444e-9c99-1ba071dc61d1" testId="7f17c367-4013-f887-52ea-8ef4cede7823" testName="StreamsForge.Host.Tests.ScheduleCalcTests.Validate_6_field_cron_with_seconds_is_valid" computerName="Yuriys-MacBook-Pro" duration="00:00:00.0002143" startTime="2026-08-10T23:56:51.7841670+01:00" endTime="2026-08-10T23:56:51.7841670+01:00" testType="13cdc9d9-ddb5-4fa4-a97d-d965ccfc6d4b" outcome="Passed" testListId="8c84fa94-04c1-424b-9868-57a2d4851a1d" relativeResultsDirectory="b9c78021-d350-444e-9c99-1ba071dc61d1" />
    <UnitTestResult executionId="8a6a6c83-4445-4694-b940-4872d08d7163" testId="742aa53a-3e6c-484a-b4ba-a6f72d2efbe2" testName="StreamsForge.Host.Tests.SchemaInferenceTests.Sample_is_capped_at_first_100_items" computerName="Yuriys-MacBook-Pro" duration="00:00:00.0068223" startTime="2026-08-10T23:56:52.0683330+01:00" endTime="2026-08-10T23:56:52.0683330+01:00" testType="13cdc9d9-ddb5-4fa4-a97d-d965ccfc6d4b" outcome="Passed" testListId="8c84fa94-04c1-424b-9868-57a2d4851a1d" relativeResultsDirectory="8a6a6c83-4445-4694-b940-4872d08d7163" />
    <UnitTestResult executionId="cf3172ff-13b2-4e64-b28d-309c96356bac" testId="fe077548-9de3-03b2-3c10-c53da7828b72" testName="StreamsForge.Host.Tests.WireRoundTripTests.Empty_row_encodes_to_zero_bytes" computerName="Yuriys-MacBook-Pro" duration="00:00:00.0000738" startTime="2026-08-10T23:56:53.6977810+01:00" endTime="2026-08-10T23:56:53.6977810+01:00" testType="13cdc9d9-ddb5-4fa4-a97d-d965ccfc6d4b" outcome="Passed" testListId="8c84fa94-04c1-424b-9868-57a2d4851a1d" relativeResultsDirectory="cf3172ff-13b2-4e64-b28d-309c96356bac" />
    <UnitTestResult executionId="c9ebbbc9-6771-481e-a2b9-cff66d8e8b7a" testId="7ecd431d-5d8a-43d2-7765-5d251f9e38f9" testName="StreamsForge.Host.Tests.ProtoWireDecoderRoundTripTests.Empty_row_decodes_to_an_empty_dictionary" computerName="Yuriys-MacBook-Pro" duration="00:00:00.0005383" startTime="2026-08-10T23:56:51.1386860+01:00" endTime="2026-08-10T23:56:51.1386860+01:00" testType="13cdc9d9-ddb5-4fa4-a97d-d965ccfc6d4b" outcome="Passed" testListId="8c84fa94-04c1-424b-9868-57a2d4851a1d" relativeResultsDirectory="c9ebbbc9-6771-481e-a2b9-cff66d8e8b7a" />
    <UnitTestResult executionId="c6b774f0-a40c-4bda-9a25-47cd36247630" testId="d75d2c00-71dd-5f1d-033d-9790101fd887" testName="StreamsForge.Host.Tests.DynamicDescriptorSetTests.Broken_pipeline_sql_is_skipped_not_thrown" computerName="Yuriys-MacBook-Pro" duration="00:00:00.0353887" startTime="2026-08-10T23:56:51.9889320+01:00" endTime="2026-08-10T23:56:51.9889330+01:00" testType="13cdc9d9-ddb5-4fa4-a97d-d965ccfc6d4b" outcome="Passed" testListId="8c84fa94-04c1-424b-9868-57a2d4851a1d" relativeResultsDirectory="c6b774f0-a40c-4bda-9a25-47cd36247630" />
    <UnitTestResult executionId="25626093-ca5e-479f-8470-e62ed98fdde9" testId="10c4c674-81f2-b254-4936-a7d361b1e837" testName="StreamsForge.Host.Tests.ScheduleCalcTests.TryParseShorthand_Recognized_forms_parse_to_the_right_interval(text: &quot;every  45s&quot;, expectedMs: 45000)" computerName="Yuriys-MacBook-Pro" duration="00:00:00.0000038" startTime="2026-08-10T23:56:51.7407020+01:00" endTime="2026-08-10T23:56:51.7407020+01:00" testType="13cdc9d9-ddb5-4fa4-a97d-d965ccfc6d4b" outcome="Passed" testListId="8c84fa94-04c1-424b-9868-57a2d4851a1d" relativeResultsDirectory="25626093-ca5e-479f-8470-e62ed98fdde9" />
    <UnitTestResult executionId="9a83f7fd-a7bd-42d4-a06d-d0e41f38e916" testId="1880400d-8597-e5e0-8364-07f0d4cffb3d" testName="StreamsForge.Host.Tests.SchemaInferenceTests.Plain_strings_infer_string" computerName="Yuriys-MacBook-Pro" duration="00:00:00.0000468" startTime="2026-08-10T23:56:52.0514750+01:00" endTime="2026-08-10T23:56:52.0514750+01:00" testType="13cdc9d9-ddb5-4fa4-a97d-d965ccfc6d4b" outcome="Passed" testListId="8c84fa94-04c1-424b-9868-57a2d4851a1d" relativeResultsDirectory="9a83f7fd-a7bd-42d4-a06d-d0e41f38e916" />
    <UnitTestResult executionId="60e07e38-fc86-4771-bd66-1739a44e4944" testId="297a6b4f-630f-8f0b-9048-153e58ccf01b" testName="StreamsForge.Host.Tests.BackoffPolicyTests.NextRun_Cron_backoff_landing_exactly_on_a_boundary_still_returns_that_boundary" computerName="Yuriys-MacBook-Pro" duration="00:00:00.0001023" startTime="2026-08-10T23:56:51.7965930+01:00" endTime="2026-08-10T23:56:51.7965930+01:00" testType="13cdc9d9-ddb5-4fa4-a97d-d965ccfc6d4b" outcome="Passed" testListId="8c84fa94-04c1-424b-9868-57a2d4851a1d" relativeResultsDirectory="60e07e38-fc86-4771-bd66-1739a44e4944" />
    <UnitTestResult executionId="b87c45a6-d531-48a2-9a57-9ed9e3917929" testId="9bf46e20-6626-6c90-6226-ca71c5a39d53" testName="StreamsForge.Host.Tests.FormatParsersTests.Csv_quoted_field_with_embedded_newline" computerName="Yuriys-MacBook-Pro" duration="00:00:00.0000653" startTime="2026-08-10T23:56:57.0555530+01:00" endTime="2026-08-10T23:56:57.0555530+01:00" testType="13cdc9d9-ddb5-4fa4-a97d-d965ccfc6d4b" outcome="Passed" testListId="8c84fa94-04c1-424b-9868-57a2d4851a1d" relativeResultsDirectory="b87c45a6-d531-48a2-9a57-9ed9e3917929" />
    <UnitTestResult executionId="120ca591-907f-4aa7-bf21-680a1ef1ff6b" testId="33d51bd0-aa06-c251-0286-96772357794d" testName="StreamsForge.Host.Tests.SourcesEndpointsLogicTests.GrpcEntityKeyPattern_matches_the_documented_shape(key: &quot;source:trades&quot;, expected: True)" computerName="Yuriys-MacBook-Pro" duration="00:00:00.0014282" startTime="2026-08-10T23:56:52.0214930+01:00" endTime="2026-08-10T23:56:52.0214930+01:00" testType="13cdc9d9-ddb5-4fa4-a97d-d965ccfc6d4b" outcome="Passed" testListId="8c84fa94-04c1-424b-9868-57a2d4851a1d" relativeResultsDirectory="120ca591-907f-4aa7-bf21-680a1ef1ff6b" />
    <UnitTestResult executionId="b9075e4c-3841-4928-9658-3a9987c831a0" testId="814a4354-c86b-90ee-5d11-b104a1761c49" testName="StreamsForge.Host.Tests.HistoryRetentionTests.MinBy_FirstVersionEver_CollapsesToSingleEntry" computerName="Yuriys-MacBook-Pro" duration="00:00:00.0008294" startTime="2026-08-10T23:56:51.8184970+01:00" endTime="2026-08-10T23:56:51.8184970+01:00" testType="13cdc9d9-ddb5-4fa4-a97d-d965ccfc6d4b" outcome="Passed" testListId="8c84fa94-04c1-424b-9868-57a2d4851a1d" relativeResultsDirectory="b9075e4c-3841-4928-9658-3a9987c831a0" />
    <UnitTestResult executionId="8651f515-49b9-480e-a20e-caaa8457092b" testId="46c4588a-bea1-782b-1c99-50397bd8a9d8" testName="StreamsForge.Host.Tests.ProtoTextSchemaParserTests.Repeated_struct_fields_round_trip" computerName="Yuriys-MacBook-Pro" duration="00:00:00.0006937" startTime="2026-08-10T23:56:51.5568740+01:00" endTime="2026-08-10T23:56:51.5568740+01:00" testType="13cdc9d9-ddb5-4fa4-a97d-d965ccfc6d4b" outcome="Passed" testListId="8c84fa94-04c1-424b-9868-57a2d4851a1d" relativeResultsDirectory="8651f515-49b9-480e-a20e-caaa8457092b" />
    <UnitTestResult executionId="ed171db2-4de8-4647-8b16-d3e85be525b3" testId="94c5fa9c-fe8f-f7df-fec4-e88059b2afb0" testName="StreamsForge.Host.Tests.SourcesEndpointsLogicTests.Validate_file_rejects_unknown_format" computerName="Yuriys-MacBook-Pro" duration="00:00:00.0001331" startTime="2026-08-10T23:56:52.0219320+01:00" endTime="2026-08-10T23:56:52.0219320+01:00" testType="13cdc9d9-ddb5-4fa4-a97d-d965ccfc6d4b" outcome="Passed" testListId="8c84fa94-04c1-424b-9868-57a2d4851a1d" relativeResultsDirectory="ed171db2-4de8-4647-8b16-d3e85be525b3" />
    <UnitTestResult executionId="0e3738f9-c7ec-42c3-933d-f15ea3d409a4" testId="8911ba7f-da98-ae16-c350-ab82ede761db" testName="StreamsForge.Host.Tests.OpenApiSchemaDeriverTests.Empty_docText_throws_FormatException" computerName="Yuriys-MacBook-Pro" duration="00:00:00.0001512" startTime="2026-08-10T23:56:54.7639850+01:00" endTime="2026-08-10T23:56:54.7639860+01:00" testType="13cdc9d9-ddb5-4fa4-a97d-d965ccfc6d4b" outcome="Passed" testListId="8c84fa94-04c1-424b-9868-57a2d4851a1d" relativeResultsDirectory="0e3738f9-c7ec-42c3-933d-f15ea3d409a4" />
    <UnitTestResult executionId="fe7f8ad0-65a8-4fba-9db1-2ab0b5d1f2d3" testId="26682eed-211d-3c10-5dd5-ae8f958bab11" testName="StreamsForge.Host.Tests.ScheduleCalcTests.Validate_Interval_below_floor_is_invalid" computerName="Yuriys-MacBook-Pro" duration="00:00:00.0001522" startTime="2026-08-10T23:56:51.7842450+01:00" endTime="2026-08-10T23:56:51.7842450+01:00" testType="13cdc9d9-ddb5-4fa4-a97d-d965ccfc6d4b" outcome="Passed" testListId="8c84fa94-04c1-424b-9868-57a2d4851a1d" relativeResultsDirectory="fe7f8ad0-65a8-4fba-9db1-2ab0b5d1f2d3" />
    <UnitTestResult executionId="6e98f1ae-89c8-443b-bd0e-c91af7e5cae9" testId="8aa6ca67-f468-4b9d-3c50-992fe195123f" testName="StreamsForge.Host.Tests.JsonPathLiteTests.Wildcard_then_property_selects_property_of_each_element" computerName="Yuriys-MacBook-Pro" duration="00:00:00.0004962" startTime="2026-08-10T23:56:51.9011990+01:00" endTime="2026-08-10T23:56:51.9011990+01:00" testType="13cdc9d9-ddb5-4fa4-a97d-d965ccfc6d4b" outcome="Passed" testListId="8c84fa94-04c1-424b-9868-57a2d4851a1d" relativeResultsDirectory="6e98f1ae-89c8-443b-bd0e-c91af7e5cae9" />
    <UnitTestResult executionId="0e0f3740-f646-4d19-bc50-3145156d1aaa" testId="e3b80b99-e009-b29a-2489-05bd0e9a515a" testName="StreamsForge.Host.Tests.BackoffPolicyTests.Delay_Curve_below_the_cap_doubles_each_failure(k: 5, expectedSeconds: 480)" computerName="Yuriys-MacBook-Pro" duration="00:00:00.0001549" startTime="2026-08-10T23:56:51.7949120+01:00" endTime="2026-08-10T23:56:51.7949120+01:00" testType="13cdc9d9-ddb5-4fa4-a97d-d965ccfc6d4b" outcome="Passed" testListId="8c84fa94-04c1-424b-9868-57a2d4851a1d" relativeResultsDirectory="0e0f3740-f646-4d19-bc50-3145156d1aaa" />
    <UnitTestResult executionId="692b5539-2bff-42e7-acfc-ef485a72dd5e" testId="7b0aa86c-828b-a407-19dc-2a2fbf33a950" testName="StreamsForge.Host.Tests.FormatParsersTests.Csv_only_header_row_yields_no_items" computerName="Yuriys-MacBook-Pro" duration="00:00:00.0003107" startTime="2026-08-10T23:56:57.0320500+01:00" endTime="2026-08-10T23:56:57.0320500+01:00" testType="13cdc9d9-ddb5-4fa4-a97d-d965ccfc6d4b" outcome="Passed" testListId="8c84fa94-04c1-424b-9868-57a2d4851a1d" relativeResultsDirectory="692b5539-2bff-42e7-acfc-ef485a72dd5e" />
    <UnitTestResult executionId="33e52741-41ea-4e57-864d-fae6ba386e9e" testId="8c727198-3fbf-25a5-50bb-b1fafadc4e6c" testName="StreamsForge.Host.Tests.TablePersistenceModeClusterTests.FireAndForget_DoesNotBlockTheTurn_SingleFlightSkipsOverlap_EventuallyPersists" computerName="Yuriys-MacBook-Pro" duration="00:00:00.8592720" startTime="2026-08-10T23:57:01.7794860+01:00" endTime="2026-08-10T23:57:01.7794860+01:00" testType="13cdc9d9-ddb5-4fa4-a97d-d965ccfc6d4b" outcome="Passed" testListId="8c84fa94-04c1-424b-9868-57a2d4851a1d" relativeResultsDirectory="33e52741-41ea-4e57-864d-fae6ba386e9e" />
    <UnitTestResult executionId="b5ae88ac-1527-4164-92dd-30690884b62d" testId="bdded912-b3d3-6e1a-6cb7-99b4d9569cc8" testName="StreamsForge.Host.Tests.ConfigEndpointsLogicTests.IsMultipartContentType_detects_multipart(contentType: &quot;multipart/form-data; boundary=abc&quot;, expected: True)" computerName="Yuriys-MacBook-Pro" duration="00:00:00.0001171" startTime="2026-08-10T23:56:51.9251540+01:00" endTime="2026-08-10T23:56:51.9251540+01:00" testType="13cdc9d9-ddb5-4fa4-a97d-d965ccfc6d4b" outcome="Passed" testListId="8c84fa94-04c1-424b-9868-57a2d4851a1d" relativeResultsDirectory="b5ae88ac-1527-4164-92dd-30690884b62d" />
    <UnitTestResult executionId="f464f16b-2425-488c-a2cc-ef66a3e220ce" testId="ab0822e0-6395-88d3-0b83-415e1f811909" testName="StreamsForge.Host.Tests.ProtoFileBuilderTests.Entity_schema_text_is_embedded_unmodified" computerName="Yuriys-MacBook-Pro" duration="00:00:00.0002939" startTime="2026-08-10T23:56:52.0306410+01:00" endTime="2026-08-10T23:56:52.0306410+01:00" testType="13cdc9d9-ddb5-4fa4-a97d-d965ccfc6d4b" outcome="Passed" testListId="8c84fa94-04c1-424b-9868-57a2d4851a1d" relativeResultsDirectory="f464f16b-2425-488c-a2cc-ef66a3e220ce" />
    <UnitTestResult executionId="b17cff8d-ca72-481d-a2f1-4e580d9e2460" testId="a38309ab-5216-ae52-bc4a-7944c48b1fde" testName="StreamsForge.Host.Tests.ProtoWireDecoderRoundTripTests.Repeated_schemaless_json_field_round_trips_exactly" computerName="Yuriys-MacBook-Pro" duration="00:00:00.0007766" startTime="2026-08-10T23:56:51.1385730+01:00" endTime="2026-08-10T23:56:51.1385730+01:00" testType="13cdc9d9-ddb5-4fa4-a97d-d965ccfc6d4b" outcome="Passed" testListId="8c84fa94-04c1-424b-9868-57a2d4851a1d" relativeResultsDirectory="b17cff8d-ca72-481d-a2f1-4e580d9e2460" />
    <UnitTestResult executionId="c57c58b8-a1ba-40ec-b82b-0b9e4692692d" testId="b0511d7e-7d6b-9ca0-29e1-7bebb3809c6f" testName="StreamsForge.Host.Tests.BackoffPolicyTests.Delay_Non_positive_failure_count_is_zero(consecutiveFailures: -1)" computerName="Yuriys-MacBook-Pro" duration="00:00:00.0000684" startTime="2026-08-10T23:56:51.7969130+01:00" endTime="2026-08-10T23:56:51.7969130+01:00" testType="13cdc9d9-ddb5-4fa4-a97d-d965ccfc6d4b" outcome="Passed" testListId="8c84fa94-04c1-424b-9868-57a2d4851a1d" relativeResultsDirectory="c57c58b8-a1ba-40ec-b82b-0b9e4692692d" />
    <UnitTestResult executionId="3b1de5a7-3d53-40b7-a8c7-66dc2a37955a" testId="af5d1be0-8603-1182-c0b7-1aac5934e743" testName="StreamsForge.Host.Tests.ChatRateLimiterTests.Non_positive_cap_disables_the_limiter" computerName="Yuriys-MacBook-Pro" duration="00:00:00.0010221" startTime="2026-08-10T23:56:51.8077110+01:00" endTime="2026-08-10T23:56:51.8077120+01:00" testType="13cdc9d9-ddb5-4fa4-a97d-d965ccfc6d4b" outcome="Passed" testListId="8c84fa94-04c1-424b-9868-57a2d4851a1d" relativeResultsDirectory="3b1de5a7-3d53-40b7-a8c7-66dc2a37955a" />
    <UnitTestResult executionId="3f34c18e-ff53-4fd4-82dd-5c0d470d0b63" testId="2eb3a103-0049-7bd5-7715-058d48a9370d" testName="StreamsForge.Host.Tests.BackoffPolicyTests.NextRun_Spec_with_both_cron_and_interval_returns_null" computerName="Yuriys-MacBook-Pro" duration="00:00:00.0000908" startTime="2026-08-10T23:56:51.7963900+01:00" endTime="2026-08-10T23:56:51.7963900+01:00" testType="13cdc9d9-ddb5-4fa4-a97d-d965ccfc6d4b" outcome="Passed" testListId="8c84fa94-04c1-424b-9868-57a2d4851a1d" relativeResultsDirectory="3f34c18e-ff53-4fd4-82dd-5c0d470d0b63" />
    <UnitTestResult executionId="2e223e9f-37cd-4fa5-83c4-914fb98ce2f7" testId="c8ab6505-ea04-2618-405d-e6de70215b1b" testName="StreamsForge.Host.Tests.ProtoTextSchemaParserTests.Kitchen_sink_fields_round_trip" computerName="Yuriys-MacBook-Pro" duration="00:00:00.0003243" startTime="2026-08-10T23:56:51.5514630+01:00" endTime="2026-08-10T23:56:51.5514630+01:00" testType="13cdc9d9-ddb5-4fa4-a97d-d965ccfc6d4b" outcome="Passed" testListId="8c84fa94-04c1-424b-9868-57a2d4851a1d" relativeResultsDirectory="2e223e9f-37cd-4fa5-83c4-914fb98ce2f7" />
    <UnitTestResult executionId="5c9fd37b-a1f5-4eb6-8ef5-3e184f250020" testId="43d77382-2455-7c49-8035-576e57d928c8" testName="StreamsForge.Host.Tests.DynamicDescriptorSetTests.All_three_entity_kinds_combine_in_one_plan" computerName="Yuriys-MacBook-Pro" duration="00:00:00.0043271" startTime="2026-08-10T23:56:51.9307420+01:00" endTime="2026-08-10T23:56:51.9307420+01:00" testType="13cdc9d9-ddb5-4fa4-a97d-d965ccfc6d4b" outcome="Passed" testListId="8c84fa94-04c1-424b-9868-57a2d4851a1d" relativeResultsDirectory="5c9fd37b-a1f5-4eb6-8ef5-3e184f250020" />
    <UnitTestResult executionId="e7096e4a-690a-46ea-9c7c-c0309374fbee" testId="bbd4f319-a739-4219-6c7c-4a9fd1b066fe" testName="StreamsForge.Host.Tests.FieldNumberMapTests.Adding_a_field_keeps_old_numbers_stable_and_assigns_max_plus_one" computerName="Yuriys-MacBook-Pro" duration="00:00:00.0001726" startTime="2026-08-10T23:56:52.1975420+01:00" endTime="2026-08-10T23:56:52.1975420+01:00" testType="13cdc9d9-ddb5-4fa4-a97d-d965ccfc6d4b" outcome="Passed" testListId="8c84fa94-04c1-424b-9868-57a2d4851a1d" relativeResultsDirectory="e7096e4a-690a-46ea-9c7c-c0309374fbee" />
    <UnitTestResult executionId="8488c60a-0ee3-435a-a660-970c7edee5a5" testId="4073b8be-0858-83d1-1322-eed564b0e5f0" testName="StreamsForge.Host.Tests.ProtoFileBuilderTests.Streaming_contract_is_appended_verbatim_and_exactly_once" computerName="Yuriys-MacBook-Pro" duration="00:00:00.0001869" startTime="2026-08-10T23:56:52.0303300+01:00" endTime="2026-08-10T23:56:52.0303300+01:00" testType="13cdc9d9-ddb5-4fa4-a97d-d965ccfc6d4b" outcome="Passed" testListId="8c84fa94-04c1-424b-9868-57a2d4851a1d" relativeResultsDirectory="8488c60a-0ee3-435a-a660-970c7edee5a5" />
    <UnitTestResult executionId="d6acaa68-5ec5-4029-bfd9-7dec940acbfb" testId="d08cc14f-2879-ed52-e010-11ecf112a544" testName="StreamsForge.Host.Tests.DynamicDescriptorSetTests.BuildAsync_gives_a_new_field_a_fresh_number_while_keeping_old_ones_stable" computerName="Yuriys-MacBook-Pro" duration="00:00:00.0207743" startTime="2026-08-10T23:56:51.9267800+01:00" endTime="2026-08-10T23:56:51.9267800+01:00" testType="13cdc9d9-ddb5-4fa4-a97d-d965ccfc6d4b" outcome="Passed" testListId="8c84fa94-04c1-424b-9868-57a2d4851a1d" relativeResultsDirectory="d6acaa68-5ec5-4029-bfd9-7dec940acbfb" />
    <UnitTestResult executionId="b1848036-e4a2-4925-bd4f-f2f392d2f373" testId="88c7b717-7e98-f582-3d4b-bbc13c01adf9" testName="StreamsForge.Host.Tests.ReflectionSchemaWalkerTests.Ambiguous_multi_candidate_descriptor_set_with_no_matching_ident_fails_with_a_diagnostic" computerName="Yuriys-MacBook-Pro" duration="00:00:00.0002195" startTime="2026-08-10T23:56:52.0026420+01:00" endTime="2026-08-10T23:56:52.0026420+01:00" testType="13cdc9d9-ddb5-4fa4-a97d-d965ccfc6d4b" outcome="Passed" testListId="8c84fa94-04c1-424b-9868-57a2d4851a1d" relativeResultsDirectory="b1848036-e4a2-4925-bd4f-f2f392d2f373" />
    <UnitTestResult executionId="265da7d5-df4f-448d-9fdd-b85a084082aa" testId="fbf54e13-2076-54eb-fbbd-622d05625700" testName="StreamsForge.Host.Tests.ConfigComposerTests.Later_document_replaces_a_nested_object_whole_not_merged" computerName="Yuriys-MacBook-Pro" duration="00:00:00.0003289" startTime="2026-08-10T23:56:51.8633710+01:00" endTime="2026-08-10T23:56:51.8633710+01:00" testType="13cdc9d9-ddb5-4fa4-a97d-d965ccfc6d4b" outcome="Passed" testListId="8c84fa94-04c1-424b-9868-57a2d4851a1d" relativeResultsDirectory="265da7d5-df4f-448d-9fdd-b85a084082aa" />
    <UnitTestResult executionId="158c00ca-7466-4fcb-895b-df342f860ed8" testId="45e2c527-f5c7-ff6d-8137-fa91024e14f3" testName="StreamsForge.Host.Tests.ConfigComposerTests.Later_document_replaces_a_list_whole_never_element_merges" computerName="Yuriys-MacBook-Pro" duration="00:00:00.0055611" startTime="2026-08-10T23:56:51.8719420+01:00" endTime="2026-08-10T23:56:51.8719420+01:00" testType="13cdc9d9-ddb5-4fa4-a97d-d965ccfc6d4b" outcome="Passed" testListId="8c84fa94-04c1-424b-9868-57a2d4851a1d" relativeResultsDirectory="158c00ca-7466-4fcb-895b-df342f860ed8" />
    <UnitTestResult executionId="67ba3864-e63c-4500-929e-23ca7182b22f" testId="e145be64-0635-bc05-0a62-1ae93e77a4d9" testName="StreamsForge.Host.Tests.SourcesEndpointsLogicTests.Validate_mapping_rejects_an_invalid_path" computerName="Yuriys-MacBook-Pro" duration="00:00:00.0002579" startTime="2026-08-10T23:56:52.0507940+01:00" endTime="2026-08-10T23:56:52.0507940+01:00" testType="13cdc9d9-ddb5-4fa4-a97d-d965ccfc6d4b" outcome="Passed" testListId="8c84fa94-04c1-424b-9868-57a2d4851a1d" relativeResultsDirectory="67ba3864-e63c-4500-929e-23ca7182b22f" />
    <UnitTestResult executionId="904bf3c7-db2c-45db-86cc-bd67d868b036" testId="51c9394b-9419-9c12-0bf0-6c892fb80a48" testName="StreamsForge.Host.Tests.ScheduleCalcTests.Validate_Null_spec_is_invalid" computerName="Yuriys-MacBook-Pro" duration="00:00:00.0000358" startTime="2026-08-10T23:56:51.7842770+01:00" endTime="2026-08-10T23:56:51.7842770+01:00" testType="13cdc9d9-ddb5-4fa4-a97d-d965ccfc6d4b" outcome="Passed" testListId="8c84fa94-04c1-424b-9868-57a2d4851a1d" relativeResultsDirectory="904bf3c7-db2c-45db-86cc-bd67d868b036" />
    <UnitTestResult executionId="66e107cb-e173-4276-b5ea-e667169b46f1" testId="1f1d11d2-9059-2051-e20f-8e51d14bbe90" testName="StreamsForge.Host.Tests.SourcesEndpointsLogicTests.Validate_reports_every_problem_at_once" computerName="Yuriys-MacBook-Pro" duration="00:00:00.0000883" startTime="2026-08-10T23:56:52.0216040+01:00" endTime="2026-08-10T23:56:52.0216050+01:00" testType="13cdc9d9-ddb5-4fa4-a97d-d965ccfc6d4b" outcome="Passed" testListId="8c84fa94-04c1-424b-9868-57a2d4851a1d" relativeResultsDirectory="66e107cb-e173-4276-b5ea-e667169b46f1" />
    <UnitTestResult executionId="d2797485-f36b-47a2-aa50-694d5814a8ea" testId="91f052d0-a723-1b5c-5732-ecda7ce18b33" testName="StreamsForge.Host.Tests.ConfigEndpointsLogicTests.ComposeJsonBody_array_composes_in_order_later_wins" computerName="Yuriys-MacBook-Pro" duration="00:00:00.0002483" startTime="2026-08-10T23:56:52.0208910+01:00" endTime="2026-08-10T23:56:52.0208910+01:00" testType="13cdc9d9-ddb5-4fa4-a97d-d965ccfc6d4b" outcome="Passed" testListId="8c84fa94-04c1-424b-9868-57a2d4851a1d" relativeResultsDirectory="d2797485-f36b-47a2-aa50-694d5814a8ea" />
    <UnitTestResult executionId="629ea59d-2ae9-4990-a7bd-e3bf159c3604" testId="c0661773-3f55-c0ec-09bf-0327ad2bf488" testName="StreamsForge.Host.Tests.ReflectionSchemaWalkerTests.Descriptor_set_with_no_row_message_triplet_fails_with_a_diagnostic" computerName="Yuriys-MacBook-Pro" duration="00:00:00.0001025" startTime="2026-08-10T23:56:52.0082860+01:00" endTime="2026-08-10T23:56:52.0082860+01:00" testType="13cdc9d9-ddb5-4fa4-a97d-d965ccfc6d4b" outcome="Passed" testListId="8c84fa94-04c1-424b-9868-57a2d4851a1d" relativeResultsDirectory="629ea59d-2ae9-4990-a7bd-e3bf159c3604" />
    <UnitTestResult executionId="cc599eaa-51f7-4425-99fa-ee9f413be6df" testId="d075196e-5ab3-da8f-4ff4-6e461cd65733" testName="StreamsForge.Host.Tests.OpenApiSchemaDeriverTests.Reference_with_neither_pointer_nor_operationId_yields_empty_fields_and_a_diagnostic" computerName="Yuriys-MacBook-Pro" duration="00:00:00.0000928" startTime="2026-08-10T23:56:54.7643510+01:00" endTime="2026-08-10T23:56:54.7643510+01:00" testType="13cdc9d9-ddb5-4fa4-a97d-d965ccfc6d4b" outcome="Passed" testListId="8c84fa94-04c1-424b-9868-57a2d4851a1d" relativeResultsDirectory="cc599eaa-51f7-4425-99fa-ee9f413be6df" />
    <UnitTestResult executionId="86d1979e-b42a-4c9f-92ab-259209c5a3b4" testId="7a69ac53-48dd-51e4-267a-20e6574f9a09" testName="StreamsForge.Host.Tests.ProtoFileBuilderTests.Download_filename_matches_FileProto_Name_and_ends_with_dot_proto" computerName="Yuriys-MacBook-Pro" duration="00:00:00.0000524" startTime="2026-08-10T23:56:52.0303770+01:00" endTime="2026-08-10T23:56:52.0303770+01:00" testType="13cdc9d9-ddb5-4fa4-a97d-d965ccfc6d4b" outcome="Passed" testListId="8c84fa94-04c1-424b-9868-57a2d4851a1d" relativeResultsDirectory="86d1979e-b42a-4c9f-92ab-259209c5a3b4" />
    <UnitTestResult executionId="47c23f3c-b677-4616-b532-2a302df60bfe" testId="652c5c59-3ac3-e8d1-ea32-7cbd49207420" testName="StreamsForge.Host.Tests.ArrangementClusterTests.DeletingOneOfTwoAttachedTables_KeepsArrangementAlive_ConsumerCountDrops_SurvivorStillCorrect" computerName="Yuriys-MacBook-Pro" duration="00:00:01.3592016" startTime="2026-08-10T23:56:57.6485240+01:00" endTime="2026-08-10T23:56:57.6485250+01:00" testType="13cdc9d9-ddb5-4fa4-a97d-d965ccfc6d4b" outcome="Passed" testListId="8c84fa94-04c1-424b-9868-57a2d4851a1d" relativeResultsDirectory="47c23f3c-b677-4616-b532-2a302df60bfe" />
    <UnitTestResult executionId="aba46350-80dc-4970-94f1-f832435b622d" testId="2be4985b-2806-73c5-5b86-f26e9cf5e558" testName="StreamsForge.Host.Tests.RecordExtractorTests.Items_path_pointing_at_an_array_without_trailing_wildcard_still_spreads_it" computerName="Yuriys-MacBook-Pro" duration="00:00:00.0009532" startTime="2026-08-10T23:56:53.6944900+01:00" endTime="2026-08-10T23:56:53.6944900+01:00" testType="13cdc9d9-ddb5-4fa4-a97d-d965ccfc6d4b" outcome="Passed" testListId="8c84fa94-04c1-424b-9868-57a2d4851a1d" relativeResultsDirectory="aba46350-80dc-4970-94f1-f832435b622d" />
    <UnitTestResult executionId="243a2d70-a865-47ec-8481-91910ac150cb" testId="7809283d-ee9c-f514-71dc-c697fcb65dbc" testName="StreamsForge.Host.Tests.RepeatedFieldWireRoundTripTests.Empty_list_omits_the_repeated_field_entirely" computerName="Yuriys-MacBook-Pro" duration="00:00:00.0004574" startTime="2026-08-10T23:56:51.9892340+01:00" endTime="2026-08-10T23:56:51.9892340+01:00" testType="13cdc9d9-ddb5-4fa4-a97d-d965ccfc6d4b" outcome="Passed" testListId="8c84fa94-04c1-424b-9868-57a2d4851a1d" relativeResultsDirectory="243a2d70-a865-47ec-8481-91910ac150cb" />
    <UnitTestResult executionId="e4ff9f5d-aa20-4109-b23e-9c7786737623" testId="ff1fecb3-37c1-2bbb-34a4-3774cb038842" testName="StreamsForge.Host.Tests.SchemaInferenceTests.All_integral_numbers_infer_long" computerName="Yuriys-MacBook-Pro" duration="00:00:00.0000531" startTime="2026-08-10T23:56:52.0514350+01:00" endTime="2026-08-10T23:56:52.0514350+01:00" testType="13cdc9d9-ddb5-4fa4-a97d-d965ccfc6d4b" outcome="Passed" testListId="8c84fa94-04c1-424b-9868-57a2d4851a1d" relativeResultsDirectory="e4ff9f5d-aa20-4109-b23e-9c7786737623" />
    <UnitTestResult executionId="ce3c5ec7-7f36-422a-b0dc-618a96d53844" testId="1b97cb8b-5e9d-397c-c215-bf5971b88cfc" testName="StreamsForge.Host.Tests.SourcesEndpointsLogicTests.DecideStatusOutcome_is_Ok_for_a_connector_kind_source_with_tracked_status" computerName="Yuriys-MacBook-Pro" duration="00:00:00.0001543" startTime="2026-08-10T23:56:52.0508390+01:00" endTime="2026-08-10T23:56:52.0508390+01:00" testType="13cdc9d9-ddb5-4fa4-a97d-d965ccfc6d4b" outcome="Passed" testListId="8c84fa94-04c1-424b-9868-57a2d4851a1d" relativeResultsDirectory="ce3c5ec7-7f36-422a-b0dc-618a96d53844" />
    <UnitTestResult executionId="bf534ae0-5924-46e8-b2dc-9eba4a45ca9f" testId="0afb3364-a637-f1ec-31d6-29c1d6d12079" testName="StreamsForge.Host.Tests.SchemaInferenceTests.Mixed_kinds_infer_string" computerName="Yuriys-MacBook-Pro" duration="00:00:00.0000455" startTime="2026-08-10T23:56:52.0517050+01:00" endTime="2026-08-10T23:56:52.0517050+01:00" testType="13cdc9d9-ddb5-4fa4-a97d-d965ccfc6d4b" outcome="Passed" testListId="8c84fa94-04c1-424b-9868-57a2d4851a1d" relativeResultsDirectory="bf534ae0-5924-46e8-b2dc-9eba4a45ca9f" />
    <UnitTestResult executionId="7aba52bb-5872-463a-8f44-e8beb0d819d5" testId="586c3ecc-1174-f297-98b4-8c4a044fb46a" testName="StreamsForge.Host.Tests.ConfigSerializerTests.Parse_skips_an_entity_missing_name_but_keeps_the_rest" computerName="Yuriys-MacBook-Pro" duration="00:00:00.0257316" startTime="2026-08-10T23:56:51.3038640+01:00" endTime="2026-08-10T23:56:51.3038640+01:00" testType="13cdc9d9-ddb5-4fa4-a97d-d965ccfc6d4b" outcome="Passed" testListId="8c84fa94-04c1-424b-9868-57a2d4851a1d" relativeResultsDirectory="7aba52bb-5872-463a-8f44-e8beb0d819d5" />
    <UnitTestResult executionId="4ac4ac4e-f737-496b-80b0-a5502c5276ec" testId="68d81c81-bb14-7834-33e3-96beaf98e573" testName="StreamsForge.Host.Tests.NamingTests.Entity_name_with_arbitrary_punctuation_yields_a_valid_proto_identifier" computerName="Yuriys-MacBook-Pro" duration="00:00:00.0051456" startTime="2026-08-10T23:56:51.8584900+01:00" endTime="2026-08-10T23:56:51.8584900+01:00" testType="13cdc9d9-ddb5-4fa4-a97d-d965ccfc6d4b" outcome="Passed" testListId="8c84fa94-04c1-424b-9868-57a2d4851a1d" relativeResultsDirectory="4ac4ac4e-f737-496b-80b0-a5502c5276ec" />
    <UnitTestResult executionId="6b37710c-b6a3-47ca-b3a4-90290387e579" testId="d049ca1e-4f0c-8995-3748-fb8663240c56" testName="StreamsForge.Host.Tests.DedupTrackerTests.Seen_A_repeated_key_returns_true_and_does_not_grow_the_count" computerName="Yuriys-MacBook-Pro" duration="00:00:00.0000470" startTime="2026-08-10T23:56:52.0022520+01:00" endTime="2026-08-10T23:56:52.0022520+01:00" testType="13cdc9d9-ddb5-4fa4-a97d-d965ccfc6d4b" outcome="Passed" testListId="8c84fa94-04c1-424b-9868-57a2d4851a1d" relativeResultsDirectory="6b37710c-b6a3-47ca-b3a4-90290387e579" />
    <UnitTestResult executionId="eefdd962-9b48-426d-b4ea-dcb8116003bb" testId="5db17ee8-e768-4adf-1eb3-27ea9f9275be" testName="StreamsForge.Host.Tests.ConfigSerializerTests.Parse_of_empty_text_yields_empty_document_with_no_diagnostics" computerName="Yuriys-MacBook-Pro" duration="00:00:00.0760818" startTime="2026-08-10T23:56:51.2779550+01:00" endTime="2026-08-10T23:56:51.2779550+01:00" testType="13cdc9d9-ddb5-4fa4-a97d-d965ccfc6d4b" outcome="Passed" testListId="8c84fa94-04c1-424b-9868-57a2d4851a1d" relativeResultsDirectory="eefdd962-9b48-426d-b4ea-dcb8116003bb" />
    <UnitTestResult executionId="fd93d92f-4ec2-4617-84e1-6eb6cdb93733" testId="f4469436-6390-df6e-74b0-596bafb1cebe" testName="StreamsForge.Host.Tests.ProtoTextSchemaParserTests.The_bare_DescriptorFactory_schema_text_without_ProtoFileBuilders_banner_is_also_rejected" computerName="Yuriys-MacBook-Pro" duration="00:00:00.0000770" startTime="2026-08-10T23:56:51.5560530+01:00" endTime="2026-08-10T23:56:51.5560530+01:00" testType="13cdc9d9-ddb5-4fa4-a97d-d965ccfc6d4b" outcome="Passed" testListId="8c84fa94-04c1-424b-9868-57a2d4851a1d" relativeResultsDirectory="fd93d92f-4ec2-4617-84e1-6eb6cdb93733" />
    <UnitTestResult executionId="5ffd7f42-f263-429b-8c25-4c70b3e89538" testId="b711d6c8-b976-5606-440a-0a3502962455" testName="StreamsForge.Host.Tests.ConfigEndpointsLogicTests.IsJsonContentType_detects_json(contentType: &quot;text/yaml&quot;, expected: False)" computerName="Yuriys-MacBook-Pro" duration="00:00:00.0000016" startTime="2026-08-10T23:56:51.8612010+01:00" endTime="2026-08-10T23:56:51.8612010+01:00" testType="13cdc9d9-ddb5-4fa4-a97d-d965ccfc6d4b" outcome="Passed" testListId="8c84fa94-04c1-424b-9868-57a2d4851a1d" relativeResultsDirectory="5ffd7f42-f263-429b-8c25-4c70b3e89538" />
    <UnitTestResult executionId="17f17cc7-e6bd-4c59-8033-beb9eb01849a" testId="9a092f98-5f8f-bad5-7ea1-63bdd9b2b36c" testName="StreamsForge.Host.Tests.DedupTrackerTests.Null_persisted_list_starts_empty" computerName="Yuriys-MacBook-Pro" duration="00:00:00.0000572" startTime="2026-08-10T23:56:51.9979400+01:00" endTime="2026-08-10T23:56:51.9979400+01:00" testType="13cdc9d9-ddb5-4fa4-a97d-d965ccfc6d4b" outcome="Passed" testListId="8c84fa94-04c1-424b-9868-57a2d4851a1d" relativeResultsDirectory="17f17cc7-e6bd-4c59-8033-beb9eb01849a" />
    <UnitTestResult executionId="4584f895-e90e-4d4c-9e5a-236ce536aa13" testId="b737dc85-0819-fc11-dbf1-5c7fe7747a7e" testName="StreamsForge.Host.Tests.JsonPathLiteTests.Dotted_property_path_with_leading_dollar" computerName="Yuriys-MacBook-Pro" duration="00:00:00.0000820" startTime="2026-08-10T23:56:51.9011420+01:00" endTime="2026-08-10T23:56:51.9011420+01:00" testType="13cdc9d9-ddb5-4fa4-a97d-d965ccfc6d4b" outcome="Passed" testListId="8c84fa94-04c1-424b-9868-57a2d4851a1d" relativeResultsDirectory="4584f895-e90e-4d4c-9e5a-236ce536aa13" />
    <UnitTestResult executionId="7a761557-ffb2-47a4-b0c9-9ea313e4222c" testId="fe1839ba-c55f-d964-c4fa-e58e293e8aea" testName="StreamsForge.Host.Tests.ConfigSerializerTests.Parse_rejects_unparseable_json" computerName="Yuriys-MacBook-Pro" duration="00:00:00.0247963" startTime="2026-08-10T23:56:50.9886780+01:00" endTime="2026-08-10T23:56:50.9886780+01:00" testType="13cdc9d9-ddb5-4fa4-a97d-d965ccfc6d4b" outcome="Passed" testListId="8c84fa94-04c1-424b-9868-57a2d4851a1d" relativeResultsDirectory="7a761557-ffb2-47a4-b0c9-9ea313e4222c" />
    <UnitTestResult executionId="e21007c0-60b6-4bd9-b21b-94de69479c77" testId="22362ceb-28a8-faf8-882b-5af54f424f22" testName="StreamsForge.Host.Tests.ImportPlannerTests.Merge_mode_never_deletes" computerName="Yuriys-MacBook-Pro" duration="00:00:00.0001568" startTime="2026-08-10T23:56:52.0458660+01:00" endTime="2026-08-10T23:56:52.0458660+01:00" testType="13cdc9d9-ddb5-4fa4-a97d-d965ccfc6d4b" outcome="Passed" testListId="8c84fa94-04c1-424b-9868-57a2d4851a1d" relativeResultsDirectory="e21007c0-60b6-4bd9-b21b-94de69479c77" />
    <UnitTestResult executionId="1eb0b9a5-b685-4fc1-99f3-3cbd4cd73f9d" testId="5835d00a-6867-1465-8da5-6b890a85cc73" testName="StreamsForge.Host.Tests.ConfigComposerTests.Nested_includes_resolve_recursively" computerName="Yuriys-MacBook-Pro" duration="00:00:00.0123792" startTime="2026-08-10T23:56:51.8842700+01:00" endTime="2026-08-10T23:56:51.8842700+01:00" testType="13cdc9d9-ddb5-4fa4-a97d-d965ccfc6d4b" outcome="Passed" testListId="8c84fa94-04c1-424b-9868-57a2d4851a1d" relativeResultsDirectory="1eb0b9a5-b685-4fc1-99f3-3cbd4cd73f9d" />
    <UnitTestResult executionId="387c5bae-e85b-450e-9828-3eb1dda38131" testId="33ef1e66-29ca-3867-b909-8b546eebafe7" testName="StreamsForge.Host.Tests.MetadataRegistryRoundTripTests.Source_TagsAndMetadata_SurviveUpsertCreateAndUpdate" computerName="Yuriys-MacBook-Pro" duration="00:00:00.3315460" startTime="2026-08-10T23:56:56.7031970+01:00" endTime="2026-08-10T23:56:56.7031970+01:00" testType="13cdc9d9-ddb5-4fa4-a97d-d965ccfc6d4b" outcome="Passed" testListId="8c84fa94-04c1-424b-9868-57a2d4851a1d" relativeResultsDirectory="387c5bae-e85b-450e-9828-3eb1dda38131" />
    <UnitTestResult executionId="cbda8060-743f-4f32-91c6-54e95dfaa7a8" testId="6f96a95c-c5a8-59d9-24f5-ad916ff40cac" testName="StreamsForge.Host.Tests.ProtoWireDecoderRoundTripTests.Null_elements_inside_a_repeated_list_are_dropped_by_encode_so_decode_reflects_only_survivors" computerName="Yuriys-MacBook-Pro" duration="00:00:00.0039049" startTime="2026-08-10T23:56:51.0980040+01:00" endTime="2026-08-10T23:56:51.0980040+01:00" testType="13cdc9d9-ddb5-4fa4-a97d-d965ccfc6d4b" outcome="Passed" testListId="8c84fa94-04c1-424b-9868-57a2d4851a1d" relativeResultsDirectory="cbda8060-743f-4f32-91c6-54e95dfaa7a8" />
    <UnitTestResult executionId="999a8924-9f50-4b05-810e-7d7a1adb64a7" testId="99667369-d1ae-77df-19e0-01d9330a4807" testName="StreamsForge.Host.Tests.ConnectorGrainClusterTests.File_kind_connector_emits_rows_stamped_with_source_and_dedups_across_polls" computerName="Yuriys-MacBook-Pro" duration="00:00:03.7715597" startTime="2026-08-10T23:57:36.5966310+01:00" endTime="2026-08-10T23:57:36.5966310+01:00" testType="13cdc9d9-ddb5-4fa4-a97d-d965ccfc6d4b" outcome="Passed" testListId="8c84fa94-04c1-424b-9868-57a2d4851a1d" relativeResultsDirectory="999a8924-9f50-4b05-810e-7d7a1adb64a7" />
    <UnitTestResult executionId="22a4a306-7fa1-456e-ab11-6c736992103d" testId="7495dbcd-ec77-2b24-626f-0bf04295c43e" testName="StreamsForge.Host.Tests.FieldNumberMapTests.Removing_a_nested_field_reserves_it_in_the_nested_scope_not_the_root_scope" computerName="Yuriys-MacBook-Pro" duration="00:00:00.0004412" startTime="2026-08-10T23:56:52.1974800+01:00" endTime="2026-08-10T23:56:52.1974800+01:00" testType="13cdc9d9-ddb5-4fa4-a97d-d965ccfc6d4b" outcome="Passed" testListId="8c84fa94-04c1-424b-9868-57a2d4851a1d" relativeResultsDirectory="22a4a306-7fa1-456e-ab11-6c736992103d" />
    <UnitTestResult executionId="e449ee9b-e60f-4950-901c-c1122970bff0" testId="dddf3750-ebf8-ed3b-32d8-8ff6bd520bcd" testName="StreamsForge.Host.Tests.MappingLoaderTests.Non_object_root_yields_null_spec_and_a_diagnostic" computerName="Yuriys-MacBook-Pro" duration="00:00:00.0108575" startTime="2026-08-10T23:56:51.4400480+01:00" endTime="2026-08-10T23:56:51.4400480+01:00" testType="13cdc9d9-ddb5-4fa4-a97d-d965ccfc6d4b" outcome="Passed" testListId="8c84fa94-04c1-424b-9868-57a2d4851a1d" relativeResultsDirectory="e449ee9b-e60f-4950-901c-c1122970bff0" />
    <UnitTestResult executionId="ae9fd3a0-59b6-463f-936b-a4a1a4990c2e" testId="e5979123-3890-79ff-240d-cf88682f3935" testName="StreamsForge.Host.Tests.ScheduleCalcTests.NextOccurrence_Interval_adds_the_interval_to_afterUtc" computerName="Yuriys-MacBook-Pro" duration="00:00:00.0000786" startTime="2026-08-10T23:56:51.7875390+01:00" endTime="2026-08-10T23:56:51.7875390+01:00" testType="13cdc9d9-ddb5-4fa4-a97d-d965ccfc6d4b" outcome="Passed" testListId="8c84fa94-04c1-424b-9868-57a2d4851a1d" relativeResultsDirectory="ae9fd3a0-59b6-463f-936b-a4a1a4990c2e" />
    <UnitTestResult executionId="b4b27c23-3462-4b5c-b788-e7e5bd6c4671" testId="ced0c845-4856-63ba-b6c4-669a8fb5a483" testName="StreamsForge.Host.Tests.ConfigEndpointsLogicTests.RunImportAsync_a_failing_table_compile_is_reported_as_error_and_not_applied" computerName="Yuriys-MacBook-Pro" duration="00:00:00.0701022" startTime="2026-08-10T23:56:51.9972770+01:00" endTime="2026-08-10T23:56:51.9972770+01:00" testType="13cdc9d9-ddb5-4fa4-a97d-d965ccfc6d4b" outcome="Passed" testListId="8c84fa94-04c1-424b-9868-57a2d4851a1d" relativeResultsDirectory="b4b27c23-3462-4b5c-b788-e7e5bd6c4671" />
    <UnitTestResult executionId="713868e5-6043-41fb-baa5-542c0820e0ac" testId="aba45c43-0d4e-5716-2e4b-e019fe472c01" testName="StreamsForge.Host.Tests.MappingLoaderTests.Dedup_key_field_not_among_fields_is_a_diagnostic" computerName="Yuriys-MacBook-Pro" duration="00:00:00.0001548" startTime="2026-08-10T23:56:51.4241370+01:00" endTime="2026-08-10T23:56:51.4241370+01:00" testType="13cdc9d9-ddb5-4fa4-a97d-d965ccfc6d4b" outcome="Passed" testListId="8c84fa94-04c1-424b-9868-57a2d4851a1d" relativeResultsDirectory="713868e5-6043-41fb-baa5-542c0820e0ac" />
    <UnitTestResult executionId="29aaf8c0-0a95-4e4b-b948-ee66a2c77cb9" testId="89ae37b2-227f-7c06-874d-f4b5a2264ebe" testName="StreamsForge.Host.Tests.HistoryKeyExtractorTests.EncodeIdentity_NoIdentityColumns_FallsBackToWholeRowAndChangesWithAnyField" computerName="Yuriys-MacBook-Pro" duration="00:00:00.0001486" startTime="2026-08-10T23:56:51.8331300+01:00" endTime="2026-08-10T23:56:51.8331300+01:00" testType="13cdc9d9-ddb5-4fa4-a97d-d965ccfc6d4b" outcome="Passed" testListId="8c84fa94-04c1-424b-9868-57a2d4851a1d" relativeResultsDirectory="29aaf8c0-0a95-4e4b-b948-ee66a2c77cb9" />
    <UnitTestResult executionId="543f9df8-a9cf-4bbd-b1da-4dbebf4826ae" testId="a5f92162-0bf6-1be2-1fac-5b662146f7f4" testName="StreamsForge.Host.Tests.ConfigEndpointsLogicTests.ComposeJsonBody_invalid_json_reports_a_diagnostic" computerName="Yuriys-MacBook-Pro" duration="00:00:00.0017542" startTime="2026-08-10T23:56:51.9981490+01:00" endTime="2026-08-10T23:56:51.9981490+01:00" testType="13cdc9d9-ddb5-4fa4-a97d-d965ccfc6d4b" outcome="Passed" testListId="8c84fa94-04c1-424b-9868-57a2d4851a1d" relativeResultsDirectory="543f9df8-a9cf-4bbd-b1da-4dbebf4826ae" />
    <UnitTestResult executionId="f92b333e-7700-40ba-b09f-bf7c947e673c" testId="420c5c70-bb99-2983-0e43-f668701833c3" testName="StreamsForge.Host.Tests.HistoryKeyExtractorTests.ExtractIdentityColumns_GroupByExpressionNotProjected_FallsBackToNull" computerName="Yuriys-MacBook-Pro" duration="00:00:00.0047184" startTime="2026-08-10T23:56:51.8026900+01:00" endTime="2026-08-10T23:56:51.8026900+01:00" testType="13cdc9d9-ddb5-4fa4-a97d-d965ccfc6d4b" outcome="Passed" testListId="8c84fa94-04c1-424b-9868-57a2d4851a1d" relativeResultsDirectory="f92b333e-7700-40ba-b09f-bf7c947e673c" />
    <UnitTestResult executionId="ee6198b8-7099-4bd0-be7e-aa1c83c3c907" testId="4e64acf2-19c4-0677-966d-5551dc14d181" testName="StreamsForge.Host.Tests.SourcesEndpointsLogicTests.Validate_rejects_unknown_kind" computerName="Yuriys-MacBook-Pro" duration="00:00:00.0001292" startTime="2026-08-10T23:56:52.0219550+01:00" endTime="2026-08-10T23:56:52.0219550+01:00" testType="13cdc9d9-ddb5-4fa4-a97d-d965ccfc6d4b" outcome="Passed" testListId="8c84fa94-04c1-424b-9868-57a2d4851a1d" relativeResultsDirectory="ee6198b8-7099-4bd0-be7e-aa1c83c3c907" />
    <UnitTestResult executionId="f60b2cd4-a32a-4e2c-928d-3595b4dbaadd" testId="6990b9d9-d189-efef-9864-5fc763c71e9d" testName="StreamsForge.Host.Tests.ConfigComposerTests.Per_doc_parse_diagnostics_are_prefixed_with_the_doc_index" computerName="Yuriys-MacBook-Pro" duration="00:00:00.0006004" startTime="2026-08-10T23:56:51.8662140+01:00" endTime="2026-08-10T23:56:51.8662150+01:00" testType="13cdc9d9-ddb5-4fa4-a97d-d965ccfc6d4b" outcome="Passed" testListId="8c84fa94-04c1-424b-9868-57a2d4851a1d" relativeResultsDirectory="f60b2cd4-a32a-4e2c-928d-3595b4dbaadd" />
    <UnitTestResult executionId="5b3c32bc-aaa6-4e95-876d-ee8a8d0c6354" testId="335dddb3-ba56-f1ad-8b32-96500fb12a57" testName="StreamsForge.Host.Tests.JsonPathLiteTests.Negative_index_is_rejected" computerName="Yuriys-MacBook-Pro" duration="00:00:00.0001133" startTime="2026-08-10T23:56:51.9040770+01:00" endTime="2026-08-10T23:56:51.9040770+01:00" testType="13cdc9d9-ddb5-4fa4-a97d-d965ccfc6d4b" outcome="Passed" testListId="8c84fa94-04c1-424b-9868-57a2d4851a1d" relativeResultsDirectory="5b3c32bc-aaa6-4e95-876d-ee8a8d0c6354" />
    <UnitTestResult executionId="67ab0eca-1cb3-49fc-a013-cf7d0a2dcd24" testId="e4e3060f-d912-8983-72e9-3d8402e53613" testName="StreamsForge.Host.Tests.FileLedgerTests.IsNewOrChanged_Same_mtime_after_recording_is_false" computerName="Yuriys-MacBook-Pro" duration="00:00:00.0004911" startTime="2026-08-10T23:56:52.1596240+01:00" endTime="2026-08-10T23:56:52.1596240+01:00" testType="13cdc9d9-ddb5-4fa4-a97d-d965ccfc6d4b" outcome="Passed" testListId="8c84fa94-04c1-424b-9868-57a2d4851a1d" relativeResultsDirectory="67ab0eca-1cb3-49fc-a013-cf7d0a2dcd24" />
    <UnitTestResult executionId="f35345c5-593d-494e-afbb-fb2f92049544" testId="3aa8e9b6-0563-0dfc-00e7-0b3bf07cdfa2" testName="StreamsForge.Host.Tests.ConfigSerializerTests.Empty_string_fields_are_not_omitted_only_null_and_empty_collections_are" computerName="Yuriys-MacBook-Pro" duration="00:00:00.0002061" startTime="2026-08-10T23:56:51.3866950+01:00" endTime="2026-08-10T23:56:51.3866950+01:00" testType="13cdc9d9-ddb5-4fa4-a97d-d965ccfc6d4b" outcome="Passed" testListId="8c84fa94-04c1-424b-9868-57a2d4851a1d" relativeResultsDirectory="f35345c5-593d-494e-afbb-fb2f92049544" />
    <UnitTestResult executionId="3fee6cfb-7395-426d-ab02-af6254d5c3fe" testId="dd390a57-f412-0a05-cbcb-c1094514f5ee" testName="StreamsForge.Host.Tests.ConnectorGrainClusterTests.Missing_file_reports_error_status_with_growing_backoff" computerName="Yuriys-MacBook-Pro" duration="00:00:31.2869224" startTime="2026-08-10T23:57:30.5754940+01:00" endTime="2026-08-10T23:57:30.5754940+01:00" testType="13cdc9d9-ddb5-4fa4-a97d-d965ccfc6d4b" outcome="Passed" testListId="8c84fa94-04c1-424b-9868-57a2d4851a1d" relativeResultsDirectory="3fee6cfb-7395-426d-ab02-af6254d5c3fe" />
    <UnitTestResult executionId="bcac9dfe-8a9b-47e0-85fd-a74c345aca5c" testId="9ea0ab95-0c8e-a131-e8b0-c20c906a5cfc" testName="StreamsForge.Host.Tests.ProtoTextTests.Flat_schema_renders_exact_golden_proto_text" computerName="Yuriys-MacBook-Pro" duration="00:00:00.0003085" startTime="2026-08-10T23:56:52.1595280+01:00" endTime="2026-08-10T23:56:52.1595280+01:00" testType="13cdc9d9-ddb5-4fa4-a97d-d965ccfc6d4b" outcome="Passed" testListId="8c84fa94-04c1-424b-9868-57a2d4851a1d" relativeResultsDirectory="bcac9dfe-8a9b-47e0-85fd-a74c345aca5c" />
    <UnitTestResult executionId="c35154a9-f2ea-4558-8144-470c135e61dd" testId="bfa00850-77cd-705d-c6d7-33c776c0efce" testName="StreamsForge.Host.Tests.HistoryGrainClusterTests.MinByMaxBy_ConfigChangeViaUpdateTable_ResetsHistoryAndTracksExtremePlusLatest" computerName="Yuriys-MacBook-Pro" duration="00:00:00.6688004" startTime="2026-08-10T23:56:58.0735430+01:00" endTime="2026-08-10T23:56:58.0735430+01:00" testType="13cdc9d9-ddb5-4fa4-a97d-d965ccfc6d4b" outcome="Passed" testListId="8c84fa94-04c1-424b-9868-57a2d4851a1d" relativeResultsDirectory="c35154a9-f2ea-4558-8144-470c135e61dd" />
    <UnitTestResult executionId="6d181e65-1191-4040-abec-b643a37e3d17" testId="76758637-cf76-9a4e-8d9e-464a5b3ae550" testName="StreamsForge.Host.Tests.RepeatedFieldDescriptorTests.Non_array_fields_stay_optional_singular_alongside_array_fields_in_the_same_message" computerName="Yuriys-MacBook-Pro" duration="00:00:00.0042553" startTime="2026-08-10T23:56:51.2791920+01:00" endTime="2026-08-10T23:56:51.2791920+01:00" testType="13cdc9d9-ddb5-4fa4-a97d-d965ccfc6d4b" outcome="Passed" testListId="8c84fa94-04c1-424b-9868-57a2d4851a1d" relativeResultsDirectory="6d181e65-1191-4040-abec-b643a37e3d17" />
    <UnitTestResult executionId="97c69103-7ea5-466a-8d33-e2e16b6be3dd" testId="58fc6347-b5fe-088e-cdf8-e293e920d1a5" testName="StreamsForge.Host.Tests.ConfigEndpointsLogicTests.RunImportAsync_validate_mode_never_mutates_the_catalog" computerName="Yuriys-MacBook-Pro" duration="00:00:00.0004808" startTime="2026-08-10T23:56:51.9979630+01:00" endTime="2026-08-10T23:56:51.9979630+01:00" testType="13cdc9d9-ddb5-4fa4-a97d-d965ccfc6d4b" outcome="Passed" testListId="8c84fa94-04c1-424b-9868-57a2d4851a1d" relativeResultsDirectory="97c69103-7ea5-466a-8d33-e2e16b6be3dd" />
    <UnitTestResult executionId="385318c6-7790-49b6-a1c3-987a587dd096" testId="30b5aae7-0dfd-b315-8cfc-0349fcbc786b" testName="StreamsForge.Host.Tests.OpenApiSchemaDeriverTests.Unresolvable_SchemaPointer_yields_empty_fields_and_a_diagnostic" computerName="Yuriys-MacBook-Pro" duration="00:00:00.0001901" startTime="2026-08-10T23:56:54.7640070+01:00" endTime="2026-08-10T23:56:54.7640080+01:00" testType="13cdc9d9-ddb5-4fa4-a97d-d965ccfc6d4b" outcome="Passed" testListId="8c84fa94-04c1-424b-9868-57a2d4851a1d" relativeResultsDirectory="385318c6-7790-49b6-a1c3-987a587dd096" />
    <UnitTestResult executionId="5a592997-1b38-48e5-b98c-3b4d49ac387f" testId="5838f103-025c-8436-4b58-88ebee72dd88" testName="StreamsForge.Host.Tests.RepeatedFieldDescriptorTests.Proto_text_renders_the_repeated_keyword_for_nested_and_scalar_array_fields" computerName="Yuriys-MacBook-Pro" duration="00:00:00.0002243" startTime="2026-08-10T23:56:51.2750500+01:00" endTime="2026-08-10T23:56:51.2750500+01:00" testType="13cdc9d9-ddb5-4fa4-a97d-d965ccfc6d4b" outcome="Passed" testListId="8c84fa94-04c1-424b-9868-57a2d4851a1d" relativeResultsDirectory="5a592997-1b38-48e5-b98c-3b4d49ac387f" />
    <UnitTestResult executionId="7c315985-ccb3-427a-8e34-ed64b6bd932f" testId="ac2668de-34a3-28af-cda2-288e57059612" testName="StreamsForge.Host.Tests.ConnectorGrainClusterTests.GetStatusAsync_reflects_a_successful_run" computerName="Yuriys-MacBook-Pro" duration="00:00:02.1495511" startTime="2026-08-10T23:56:56.0043910+01:00" endTime="2026-08-10T23:56:56.0043910+01:00" testType="13cdc9d9-ddb5-4fa4-a97d-d965ccfc6d4b" outcome="Passed" testListId="8c84fa94-04c1-424b-9868-57a2d4851a1d" relativeResultsDirectory="7c315985-ccb3-427a-8e34-ed64b6bd932f" />
    <UnitTestResult executionId="a118ef97-a642-48d0-a9f6-1c81bbcde6c8" testId="f1c73853-9a1b-2d6f-7ccb-1f77d8bcaa0f" testName="StreamsForge.Host.Tests.PartitionedTableClusterTests.Parallelism4_table_converges_to_same_rows_as_classic_and_exposes_partition_metrics" computerName="Yuriys-MacBook-Pro" duration="00:00:02.4342117" startTime="2026-08-10T23:56:59.2924120+01:00" endTime="2026-08-10T23:56:59.2924120+01:00" testType="13cdc9d9-ddb5-4fa4-a97d-d965ccfc6d4b" outcome="Passed" testListId="8c84fa94-04c1-424b-9868-57a2d4851a1d" relativeResultsDirectory="a118ef97-a642-48d0-a9f6-1c81bbcde6c8" />
    <UnitTestResult executionId="72366954-6b11-48be-bb0d-0c78a9f0dfa1" testId="a7a1d761-f499-3c32-8bae-4ae479f6ebc4" testName="StreamsForge.Host.Tests.FormatParsersTests.Csv_duplicate_header_keeps_last_occurrence_value" computerName="Yuriys-MacBook-Pro" duration="00:00:00.0020530" startTime="2026-08-10T23:56:57.0549440+01:00" endTime="2026-08-10T23:56:57.0549440+01:00" testType="13cdc9d9-ddb5-4fa4-a97d-d965ccfc6d4b" outcome="Passed" testListId="8c84fa94-04c1-424b-9868-57a2d4851a1d" relativeResultsDirectory="72366954-6b11-48be-bb0d-0c78a9f0dfa1" />
    <UnitTestResult executionId="52e506b3-e865-46c3-9757-50c255bfe133" testId="6cce86b2-89b2-9b26-22ae-9958ca1055fb" testName="StreamsForge.Host.Tests.JsonPathLiteTests.Numeric_index_selects_one_array_element" computerName="Yuriys-MacBook-Pro" duration="00:00:00.0008228" startTime="2026-08-10T23:56:51.9005310+01:00" endTime="2026-08-10T23:56:51.9005310+01:00" testType="13cdc9d9-ddb5-4fa4-a97d-d965ccfc6d4b" outcome="Passed" testListId="8c84fa94-04c1-424b-9868-57a2d4851a1d" relativeResultsDirectory="52e506b3-e865-46c3-9757-50c255bfe133" />
    <UnitTestResult executionId="1a95ecbf-8337-4317-8844-255a772d3a1a" testId="4b838cd6-65b8-10c3-1788-7a71e801a61b" testName="StreamsForge.Host.Tests.RepeatedFieldWireRoundTripTests.One_element_nested_message_encodes_a_single_length_delimited_entry_with_every_scalar_kind" computerName="Yuriys-MacBook-Pro" duration="00:00:00.0109702" startTime="2026-08-10T23:56:51.9892600+01:00" endTime="2026-08-10T23:56:51.9892600+01:00" testType="13cdc9d9-ddb5-4fa4-a97d-d965ccfc6d4b" outcome="Passed" testListId="8c84fa94-04c1-424b-9868-57a2d4851a1d" relativeResultsDirectory="1a95ecbf-8337-4317-8844-255a772d3a1a" />
    <UnitTestResult executionId="6d399946-4f22-4b2f-b711-8af10bd8f20d" testId="bd1f6226-58f9-3ad8-a2a6-9c62e053b5dc" testName="StreamsForge.Host.Tests.SchemaInferenceTests.Field_order_follows_first_seen_order_across_the_sample" computerName="Yuriys-MacBook-Pro" duration="00:00:00.0002172" startTime="2026-08-10T23:56:52.0514150+01:00" endTime="2026-08-10T23:56:52.0514150+01:00" testType="13cdc9d9-ddb5-4fa4-a97d-d965ccfc6d4b" outcome="Passed" testListId="8c84fa94-04c1-424b-9868-57a2d4851a1d" relativeResultsDirectory="6d399946-4f22-4b2f-b711-8af10bd8f20d" />
    <UnitTestResult executionId="7ff8dc22-51db-4641-a68b-6c61d5565277" testId="c073ed16-436a-07c9-63ca-db833cac971c" testName="StreamsForge.Host.Tests.SourcesEndpointsLogicTests.Validate_grpc_requires_address_and_entityKey" computerName="Yuriys-MacBook-Pro" duration="00:00:00.0001243" startTime="2026-08-10T23:56:52.0512290+01:00" endTime="2026-08-10T23:56:52.0512290+01:00" testType="13cdc9d9-ddb5-4fa4-a97d-d965ccfc6d4b" outcome="Passed" testListId="8c84fa94-04c1-424b-9868-57a2d4851a1d" relativeResultsDirectory="7ff8dc22-51db-4641-a68b-6c61d5565277" />
    <UnitTestResult executionId="ac51adae-4828-4076-8f27-56f53b34a166" testId="017a906d-bd93-bb65-c027-83f41037c609" testName="StreamsForge.Host.Tests.PushStreamBusTests.BoundedBacklog_DropsIncomingItemsAndCountsThem" computerName="Yuriys-MacBook-Pro" duration="00:00:00.1607577" startTime="2026-08-10T23:56:51.9005790+01:00" endTime="2026-08-10T23:56:51.9005790+01:00" testType="13cdc9d9-ddb5-4fa4-a97d-d965ccfc6d4b" outcome="Passed" testListId="8c84fa94-04c1-424b-9868-57a2d4851a1d" relativeResultsDirectory="ac51adae-4828-4076-8f27-56f53b34a166" />
    <UnitTestResult executionId="f64749eb-51bd-45bf-b8ba-94e5f0e8db70" testId="a16e4741-0aa6-5ed7-2f6b-63bb6c61fd90" testName="StreamsForge.Host.Tests.DynamicDescriptorSetTests.Sources_are_always_included" computerName="Yuriys-MacBook-Pro" duration="00:00:00.0002996" startTime="2026-08-10T23:56:52.0079310+01:00" endTime="2026-08-10T23:56:52.0079310+01:00" testType="13cdc9d9-ddb5-4fa4-a97d-d965ccfc6d4b" outcome="Passed" testListId="8c84fa94-04c1-424b-9868-57a2d4851a1d" relativeResultsDirectory="f64749eb-51bd-45bf-b8ba-94e5f0e8db70" />
    <UnitTestResult executionId="47d576cd-7dd5-45f4-bece-e30622643444" testId="96b5c1ec-196d-2bf3-a2ed-7a4a379be809" testName="StreamsForge.Host.Tests.ConfigEndpointsLogicTests.IsJsonContentType_detects_json(contentType: &quot;text/plain&quot;, expected: False)" computerName="Yuriys-MacBook-Pro" duration="00:00:00.0001580" startTime="2026-08-10T23:56:51.8605500+01:00" endTime="2026-08-10T23:56:51.8605500+01:00" testType="13cdc9d9-ddb5-4fa4-a97d-d965ccfc6d4b" outcome="Passed" testListId="8c84fa94-04c1-424b-9868-57a2d4851a1d" relativeResultsDirectory="47d576cd-7dd5-45f4-bece-e30622643444" />
    <UnitTestResult executionId="646b34b9-a968-416b-a222-243bc992b0ff" testId="ef8125aa-23a3-cbbd-dd03-253202b5512f" testName="StreamsForge.Host.Tests.ProtoTextSchemaParserTests.Flat_fields_round_trip" computerName="Yuriys-MacBook-Pro" duration="00:00:00.0009609" startTime="2026-08-10T23:56:51.5541430+01:00" endTime="2026-08-10T23:56:51.5541430+01:00" testType="13cdc9d9-ddb5-4fa4-a97d-d965ccfc6d4b" outcome="Passed" testListId="8c84fa94-04c1-424b-9868-57a2d4851a1d" relativeResultsDirectory="646b34b9-a968-416b-a222-243bc992b0ff" />
    <UnitTestResult executionId="b8eed337-8d74-45d1-ac0b-e9d383e75553" testId="50c13c63-27fc-84aa-5d16-86ee517b0ffe" testName="StreamsForge.Host.Tests.ScheduleCalcTests.TryParseShorthand_Recognized_forms_parse_to_the_right_interval(text: &quot;every 2h&quot;, expectedMs: 7200000)" computerName="Yuriys-MacBook-Pro" duration="00:00:00.0581694" startTime="2026-08-10T23:56:51.7395800+01:00" endTime="2026-08-10T23:56:51.7395800+01:00" testType="13cdc9d9-ddb5-4fa4-a97d-d965ccfc6d4b" outcome="Passed" testListId="8c84fa94-04c1-424b-9868-57a2d4851a1d" relativeResultsDirectory="b8eed337-8d74-45d1-ac0b-e9d383e75553" />
    <UnitTestResult executionId="aa6932b2-bef3-48cb-bcd1-48db56bdff4c" testId="927de391-23a7-a9ce-c72f-1b2fbae85a03" testName="StreamsForge.Host.Tests.MappingLoaderTests.Unknown_top_level_key_is_a_non_fatal_diagnostic" computerName="Yuriys-MacBook-Pro" duration="00:00:00.1178378" startTime="2026-08-10T23:56:50.9878820+01:00" endTime="2026-08-10T23:56:50.9878820+01:00" testType="13cdc9d9-ddb5-4fa4-a97d-d965ccfc6d4b" outcome="Passed" testListId="8c84fa94-04c1-424b-9868-57a2d4851a1d" relativeResultsDirectory="aa6932b2-bef3-48cb-bcd1-48db56bdff4c" />
    <UnitTestResult executionId="88cc9115-d2e1-48a9-9801-ae649acfa76e" testId="8f2d0900-f803-36b2-3e4a-968eb0bcffda" testName="StreamsForge.Host.Tests.ScheduleCalcTests.Validate_Interval_at_floor_is_valid" computerName="Yuriys-MacBook-Pro" duration="00:00:00.0000643" startTime="2026-08-10T23:56:51.7842120+01:00" endTime="2026-08-10T23:56:51.7842120+01:00" testType="13cdc9d9-ddb5-4fa4-a97d-d965ccfc6d4b" outcome="Passed" testListId="8c84fa94-04c1-424b-9868-57a2d4851a1d" relativeResultsDirectory="88cc9115-d2e1-48a9-9801-ae649acfa76e" />
    <UnitTestResult executionId="96bd4c5d-dca0-4b2b-b9af-777275db25a4" testId="31ebb814-9ad4-3e74-a3d9-bf329196b849" testName="StreamsForge.Host.Tests.SourcesEndpointsLogicTests.GrpcEntityKeyPattern_matches_the_documented_shape(key: &quot;&quot;, expected: False)" computerName="Yuriys-MacBook-Pro" duration="00:00:00.0000019" startTime="2026-08-10T23:56:52.0215340+01:00" endTime="2026-08-10T23:56:52.0215340+01:00" testType="13cdc9d9-ddb5-4fa4-a97d-d965ccfc6d4b" outcome="Passed" testListId="8c84fa94-04c1-424b-9868-57a2d4851a1d" relativeResultsDirectory="96bd4c5d-dca0-4b2b-b9af-777275db25a4" />
    <UnitTestResult executionId="d60233cd-b9f9-454c-92ef-1dd516b2549d" testId="a22dc362-cfae-2982-3955-7b9ddb775401" testName="StreamsForge.Host.Tests.ConfigComposerTests.Self_include_is_rejected_as_a_cycle" computerName="Yuriys-MacBook-Pro" duration="00:00:00.0002057" startTime="2026-08-10T23:56:51.8514110+01:00" endTime="2026-08-10T23:56:51.8514110+01:00" testType="13cdc9d9-ddb5-4fa4-a97d-d965ccfc6d4b" outcome="Passed" testListId="8c84fa94-04c1-424b-9868-57a2d4851a1d" relativeResultsDirectory="d60233cd-b9f9-454c-92ef-1dd516b2549d" />
    <UnitTestResult executionId="8f9c5b1f-3ff3-4efa-a08b-ee4659995de6" testId="ddf1038c-d601-9bfc-5231-b58c53375b11" testName="StreamsForge.Host.Tests.MappingLoaderTests.Json_document_parses_cleanly" computerName="Yuriys-MacBook-Pro" duration="00:00:00.0002636" startTime="2026-08-10T23:56:51.4063410+01:00" endTime="2026-08-10T23:56:51.4063410+01:00" testType="13cdc9d9-ddb5-4fa4-a97d-d965ccfc6d4b" outcome="Passed" testListId="8c84fa94-04c1-424b-9868-57a2d4851a1d" relativeResultsDirectory="8f9c5b1f-3ff3-4efa-a08b-ee4659995de6" />
    <UnitTestResult executionId="5368dbd4-6a42-4dea-a672-ae82a7a9506a" testId="f96ccd29-319d-1cc3-2b26-3805d10cd8ac" testName="StreamsForge.Host.Tests.SecretsMaskerTests.HasMaskedValues_is_false_for_a_source_with_real_secrets" computerName="Yuriys-MacBook-Pro" duration="00:00:00.0000282" startTime="2026-08-10T23:56:52.0616340+01:00" endTime="2026-08-10T23:56:52.0616350+01:00" testType="13cdc9d9-ddb5-4fa4-a97d-d965ccfc6d4b" outcome="Passed" testListId="8c84fa94-04c1-424b-9868-57a2d4851a1d" relativeResultsDirectory="5368dbd4-6a42-4dea-a672-ae82a7a9506a" />
    <UnitTestResult executionId="843ad817-8fb3-4a38-81ba-ca95cfa6845e" testId="1b87f536-a166-87a8-48a2-33bcf4cdf004" testName="StreamsForge.Host.Tests.ScheduleCalcTests.Validate_Interval_zero_is_invalid" computerName="Yuriys-MacBook-Pro" duration="00:00:00.0000417" startTime="2026-08-10T23:56:51.7843070+01:00" endTime="2026-08-10T23:56:51.7843070+01:00" testType="13cdc9d9-ddb5-4fa4-a97d-d965ccfc6d4b" outcome="Passed" testListId="8c84fa94-04c1-424b-9868-57a2d4851a1d" relativeResultsDirectory="843ad817-8fb3-4a38-81ba-ca95cfa6845e" />
    <UnitTestResult executionId="688f48eb-22aa-4c95-a7f9-fb87f401d7a5" testId="a9f8d6f7-7670-f4e4-557e-33c41bf1554f" testName="StreamsForge.Host.Tests.ConfigEndpointsLogicTests.ComposeSingleDocument_surfaces_parse_diagnostics_on_invalid_json" computerName="Yuriys-MacBook-Pro" duration="00:00:00.0001070" startTime="2026-08-10T23:56:51.9248120+01:00" endTime="2026-08-10T23:56:51.9248120+01:00" testType="13cdc9d9-ddb5-4fa4-a97d-d965ccfc6d4b" outcome="Passed" testListId="8c84fa94-04c1-424b-9868-57a2d4851a1d" relativeResultsDirectory="688f48eb-22aa-4c95-a7f9-fb87f401d7a5" />
    <UnitTestResult executionId="01e28a11-199b-40d6-bbc7-bb85b64fb7d8" testId="e2d519fa-72f2-c925-9ddf-b5031db9e2b6" testName="StreamsForge.Host.Tests.ProtoWireDecoderRoundTripTests.Scalar_values_arriving_as_int_or_float_still_round_trip_via_their_declared_field_type" computerName="Yuriys-MacBook-Pro" duration="00:00:00.0011934" startTime="2026-08-10T23:56:51.1170700+01:00" endTime="2026-08-10T23:56:51.1170700+01:00" testType="13cdc9d9-ddb5-4fa4-a97d-d965ccfc6d4b" outcome="Passed" testListId="8c84fa94-04c1-424b-9868-57a2d4851a1d" relativeResultsDirectory="01e28a11-199b-40d6-bbc7-bb85b64fb7d8" />
    <UnitTestResult executionId="5e38497c-2e79-4ce0-8af8-679bcd4fce2e" testId="439a356b-47aa-cc80-39db-653c0781e264" testName="StreamsForge.Host.Tests.ProtoWireDecoderRoundTripTests.Nested_json_fields_round_trip_exactly" computerName="Yuriys-MacBook-Pro" duration="00:00:00.0006677" startTime="2026-08-10T23:56:51.1385420+01:00" endTime="2026-08-10T23:56:51.1385420+01:00" testType="13cdc9d9-ddb5-4fa4-a97d-d965ccfc6d4b" outcome="Passed" testListId="8c84fa94-04c1-424b-9868-57a2d4851a1d" relativeResultsDirectory="5e38497c-2e79-4ce0-8af8-679bcd4fce2e" />
    <UnitTestResult executionId="2ec9d19a-dad9-4276-93ae-ecabb1350b51" testId="941be5ea-3203-e747-43a8-37e9a47a8b5e" testName="StreamsForge.Host.Tests.DedupTrackerTests.FIFO_eviction_kicks_in_exactly_at_the_10000_key_bound" computerName="Yuriys-MacBook-Pro" duration="00:00:00.0014127" startTime="2026-08-10T23:56:52.0022290+01:00" endTime="2026-08-10T23:56:52.0022290+01:00" testType="13cdc9d9-ddb5-4fa4-a97d-d965ccfc6d4b" outcome="Passed" testListId="8c84fa94-04c1-424b-9868-57a2d4851a1d" relativeResultsDirectory="2ec9d19a-dad9-4276-93ae-ecabb1350b51" />
    <UnitTestResult executionId="5bfe21fb-7fac-4e00-a2dd-aeee7c95265f" testId="98156aa7-85f5-4990-a93d-30efcf48c416" testName="StreamsForge.Host.Tests.FieldNumberMapTests.Nested_json_scope_has_its_own_independent_number_space" computerName="Yuriys-MacBook-Pro" duration="00:00:00.0002569" startTime="2026-08-10T23:56:52.1973220+01:00" endTime="2026-08-10T23:56:52.1973220+01:00" testType="13cdc9d9-ddb5-4fa4-a97d-d965ccfc6d4b" outcome="Passed" testListId="8c84fa94-04c1-424b-9868-57a2d4851a1d" relativeResultsDirectory="5bfe21fb-7fac-4e00-a2dd-aeee7c95265f" />
    <UnitTestResult executionId="28d8d41f-1898-4db3-84ec-d1452b9cdc87" testId="312f7950-3ce3-1a34-f71b-b81d9b84bc9f" testName="StreamsForge.Host.Tests.ConfigSerializerTests.ToCanonicalJson_is_stable_under_serialize_parse_serialize" computerName="Yuriys-MacBook-Pro" duration="00:00:00.0024369" startTime="2026-08-10T23:56:51.3976100+01:00" endTime="2026-08-10T23:56:51.3976100+01:00" testType="13cdc9d9-ddb5-4fa4-a97d-d965ccfc6d4b" outcome="Passed" testListId="8c84fa94-04c1-424b-9868-57a2d4851a1d" relativeResultsDirectory="28d8d41f-1898-4db3-84ec-d1452b9cdc87" />
    <UnitTestResult executionId="95ee907e-1675-4719-a207-ed92802f3324" testId="1294b24a-97d6-1a42-4319-e9c74cf46208" testName="StreamsForge.Host.Tests.ConfigSerializerTests.ToCanonicalJson_uses_two_space_indent_and_camelCase" computerName="Yuriys-MacBook-Pro" duration="00:00:00.0002150" startTime="2026-08-10T23:56:51.3980740+01:00" endTime="2026-08-10T23:56:51.3980740+01:00" testType="13cdc9d9-ddb5-4fa4-a97d-d965ccfc6d4b" outcome="Passed" testListId="8c84fa94-04c1-424b-9868-57a2d4851a1d" relativeResultsDirectory="95ee907e-1675-4719-a207-ed92802f3324" />
    <UnitTestResult executionId="ff5cd2bb-4fbf-4fbf-8cb1-249de5aa0739" testId="1d0d9bed-157d-366f-fe9c-d3c2efe7e908" testName="StreamsForge.Host.Tests.NamingTests.Entity_name_becomes_PascalCase_message_name(entityName: &quot;mixedCase_name&quot;, expectedMessageName: &quot;MixedCaseName&quot;)" computerName="Yuriys-MacBook-Pro" duration="00:00:00.0001215" startTime="2026-08-10T23:56:51.8245760+01:00" endTime="2026-08-10T23:56:51.8245760+01:00" testType="13cdc9d9-ddb5-4fa4-a97d-d965ccfc6d4b" outcome="Passed" testListId="8c84fa94-04c1-424b-9868-57a2d4851a1d" relativeResultsDirectory="ff5cd2bb-4fbf-4fbf-8cb1-249de5aa0739" />
    <UnitTestResult executionId="f330e8b4-ac3a-439c-a2f4-9db13e79783a" testId="223492fa-9b9f-c50e-00b6-ddf9d4b32571" testName="StreamsForge.Host.Tests.ConnectorGrainClusterTests.Registry_dispatches_file_kind_to_connector_and_leaves_generator_kind_seeds_ticking" computerName="Yuriys-MacBook-Pro" duration="00:00:01.4159109" startTime="2026-08-10T23:56:58.4161410+01:00" endTime="2026-08-10T23:56:58.4161410+01:00" testType="13cdc9d9-ddb5-4fa4-a97d-d965ccfc6d4b" outcome="Passed" testListId="8c84fa94-04c1-424b-9868-57a2d4851a1d" relativeResultsDirectory="f330e8b4-ac3a-439c-a2f4-9db13e79783a" />
    <UnitTestResult executionId="5756dff8-d85b-499c-ab6b-da3ee6e59112" testId="f8943336-5452-6f30-cbac-da9b53140dce" testName="StreamsForge.Host.Tests.TablePersistenceModeClusterTests.TableHistoryGrain_MemoryOnly_NeverWritesHistory_ButReadsStayLiveAndZeroLag" computerName="Yuriys-MacBook-Pro" duration="00:00:00.7545252" startTime="2026-08-10T23:57:03.3489440+01:00" endTime="2026-08-10T23:57:03.3489440+01:00" testType="13cdc9d9-ddb5-4fa4-a97d-d965ccfc6d4b" outcome="Passed" testListId="8c84fa94-04c1-424b-9868-57a2d4851a1d" relativeResultsDirectory="5756dff8-d85b-499c-ab6b-da3ee6e59112" />
    <UnitTestResult executionId="98bff4fb-374a-42d4-820c-98d62f766fa5" testId="8684936e-ba77-6259-0268-48301f8fe331" testName="StreamsForge.Host.Tests.PushStreamClusterTests.PushTransport_StopUnsubscribesFromTheStream" computerName="Yuriys-MacBook-Pro" duration="00:00:01.1750315" startTime="2026-08-10T23:56:57.9085480+01:00" endTime="2026-08-10T23:56:57.9085480+01:00" testType="13cdc9d9-ddb5-4fa4-a97d-d965ccfc6d4b" outcome="Passed" testListId="8c84fa94-04c1-424b-9868-57a2d4851a1d" relativeResultsDirectory="98bff4fb-374a-42d4-820c-98d62f766fa5" />
    <UnitTestResult executionId="84bd19c3-53a4-48d5-9530-881dcef5df3d" testId="a19a93ba-bc82-2ac1-08c4-88046c251b03" testName="StreamsForge.Host.Tests.ProtoWireDecoderRoundTripTests.EncodeEvent_then_DecodeEvent_round_trips_row_seq_and_ts_ms" computerName="Yuriys-MacBook-Pro" duration="00:00:00.0118471" startTime="2026-08-10T23:56:51.1384690+01:00" endTime="2026-08-10T23:56:51.1384690+01:00" testType="13cdc9d9-ddb5-4fa4-a97d-d965ccfc6d4b" outcome="Passed" testListId="8c84fa94-04c1-424b-9868-57a2d4851a1d" relativeResultsDirectory="84bd19c3-53a4-48d5-9530-881dcef5df3d" />
    <UnitTestResult executionId="62d55fac-4d7d-41ee-95bf-4dd8b164fbf8" testId="b8666566-e479-7f72-7980-09df3de52058" testName="StreamsForge.Host.Tests.JsonPathLiteTests.Wildcard_selects_every_array_element" computerName="Yuriys-MacBook-Pro" duration="00:00:00.0000734" startTime="2026-08-10T23:56:51.9038160+01:00" endTime="2026-08-10T23:56:51.9038160+01:00" testType="13cdc9d9-ddb5-4fa4-a97d-d965ccfc6d4b" outcome="Passed" testListId="8c84fa94-04c1-424b-9868-57a2d4851a1d" relativeResultsDirectory="62d55fac-4d7d-41ee-95bf-4dd8b164fbf8" />
    <UnitTestResult executionId="197557d3-5097-4edf-ab35-45b5cfa4d1c0" testId="9f49c923-10d4-8d98-ab89-3085b5a60dc7" testName="StreamsForge.Host.Tests.ScheduleCalcTests.TryParseShorthand_Rejects_anything_outside_the_closed_grammar(text: &quot;&quot;)" computerName="Yuriys-MacBook-Pro" duration="00:00:00.0000645" startTime="2026-08-10T23:56:51.5621500+01:00" endTime="2026-08-10T23:56:51.5621500+01:00" testType="13cdc9d9-ddb5-4fa4-a97d-d965ccfc6d4b" outcome="Passed" testListId="8c84fa94-04c1-424b-9868-57a2d4851a1d" relativeResultsDirectory="197557d3-5097-4edf-ab35-45b5cfa4d1c0" />
    <UnitTestResult executionId="4e2271d9-a4c2-4358-8487-0f8f4ecb47fc" testId="269c8972-2eca-d519-f7c9-9b6b3830df47" testName="StreamsForge.Host.Tests.SourcesEndpointsLogicTests.Validate_generator_requires_positive_eventsPerSecond" computerName="Yuriys-MacBook-Pro" duration="00:00:00.0001817" startTime="2026-08-10T23:56:52.0514550+01:00" endTime="2026-08-10T23:56:52.0514550+01:00" testType="13cdc9d9-ddb5-4fa4-a97d-d965ccfc6d4b" outcome="Passed" testListId="8c84fa94-04c1-424b-9868-57a2d4851a1d" relativeResultsDirectory="4e2271d9-a4c2-4358-8487-0f8f4ecb47fc" />
    <UnitTestResult executionId="a63092e0-9c0f-4e0f-b88b-f1f9e9be68ce" testId="9d7e9877-8d93-51a9-23bd-e7e5f312c740" testName="StreamsForge.Host.Tests.MappingLoaderTests.Empty_field_name_is_a_diagnostic" computerName="Yuriys-MacBook-Pro" duration="00:00:00.0015988" startTime="2026-08-10T23:56:50.9887380+01:00" endTime="2026-08-10T23:56:50.9887380+01:00" testType="13cdc9d9-ddb5-4fa4-a97d-d965ccfc6d4b" outcome="Passed" testListId="8c84fa94-04c1-424b-9868-57a2d4851a1d" relativeResultsDirectory="a63092e0-9c0f-4e0f-b88b-f1f9e9be68ce" />
    <UnitTestResult executionId="e4a32af7-4d13-4c86-bc9a-2de12e92ea53" testId="e08172f2-b021-fedc-a2f4-2b666966a16b" testName="StreamsForge.Host.Tests.MappingLoaderTests.Yaml_document_parses_to_an_equivalent_spec_as_the_json_document" computerName="Yuriys-MacBook-Pro" duration="00:00:00.4886220" startTime="2026-08-10T23:56:51.4060230+01:00" endTime="2026-08-10T23:56:51.4060230+01:00" testType="13cdc9d9-ddb5-4fa4-a97d-d965ccfc6d4b" outcome="Passed" testListId="8c84fa94-04c1-424b-9868-57a2d4851a1d" relativeResultsDirectory="e4a32af7-4d13-4c86-bc9a-2de12e92ea53" />
    <UnitTestResult executionId="ede2db64-8dae-4a19-aa13-a9d6807d1768" testId="8dd17273-99ee-4cff-8f17-c8e9b0f3a324" testName="StreamsForge.Host.Tests.RecordExtractorTests.Row_never_contains_a_source_key" computerName="Yuriys-MacBook-Pro" duration="00:00:00.0000674" startTime="2026-08-10T23:56:53.6948780+01:00" endTime="2026-08-10T23:56:53.6948780+01:00" testType="13cdc9d9-ddb5-4fa4-a97d-d965ccfc6d4b" outcome="Passed" testListId="8c84fa94-04c1-424b-9868-57a2d4851a1d" relativeResultsDirectory="ede2db64-8dae-4a19-aa13-a9d6807d1768" />
    <UnitTestResult executionId="5e4ce034-f4b1-4bdf-be50-3ec1276ff746" testId="300bd466-0b56-af1b-2b3c-b27e906fda32" testName="StreamsForge.Host.Tests.SourcesEndpointsLogicTests.Validate_rejects_missing_name" computerName="Yuriys-MacBook-Pro" duration="00:00:00.0000699" startTime="2026-08-10T23:56:52.0514970+01:00" endTime="2026-08-10T23:56:52.0514970+01:00" testType="13cdc9d9-ddb5-4fa4-a97d-d965ccfc6d4b" outcome="Passed" testListId="8c84fa94-04c1-424b-9868-57a2d4851a1d" relativeResultsDirectory="5e4ce034-f4b1-4bdf-be50-3ec1276ff746" />
    <UnitTestResult executionId="83f029ac-ce00-4bc3-aa44-6b4b277d955a" testId="1959cbee-4ef7-9a2d-bada-71befd1afdde" testName="StreamsForge.Host.Tests.JsonPathLiteTests.Empty_property_name_after_dot_is_rejected" computerName="Yuriys-MacBook-Pro" duration="00:00:00.0000942" startTime="2026-08-10T23:56:51.9045940+01:00" endTime="2026-08-10T23:56:51.9045940+01:00" testType="13cdc9d9-ddb5-4fa4-a97d-d965ccfc6d4b" outcome="Passed" testListId="8c84fa94-04c1-424b-9868-57a2d4851a1d" relativeResultsDirectory="83f029ac-ce00-4bc3-aa44-6b4b277d955a" />
    <UnitTestResult executionId="c1d58fbf-eaa3-4486-84f5-71ae28b40bc8" testId="59b6277d-a509-1c31-c3b8-3a8465f94682" testName="StreamsForge.Host.Tests.JsonPathLiteTests.Unexpected_token_after_a_bracket_segment_is_rejected" computerName="Yuriys-MacBook-Pro" duration="00:00:00.0000804" startTime="2026-08-10T23:56:51.9047050+01:00" endTime="2026-08-10T23:56:51.9047050+01:00" testType="13cdc9d9-ddb5-4fa4-a97d-d965ccfc6d4b" outcome="Passed" testListId="8c84fa94-04c1-424b-9868-57a2d4851a1d" relativeResultsDirectory="c1d58fbf-eaa3-4486-84f5-71ae28b40bc8" />
    <UnitTestResult executionId="bb155b8e-1104-406f-9e00-3bdd70af9f51" testId="0fd336f6-40d8-9d77-a923-f644d00d5ff0" testName="StreamsForge.Host.Tests.SchemaInferenceTests.Bool_values_infer_bool" computerName="Yuriys-MacBook-Pro" duration="00:00:00.0008898" startTime="2026-08-10T23:56:52.0617070+01:00" endTime="2026-08-10T23:56:52.0617070+01:00" testType="13cdc9d9-ddb5-4fa4-a97d-d965ccfc6d4b" outcome="Passed" testListId="8c84fa94-04c1-424b-9868-57a2d4851a1d" relativeResultsDirectory="bb155b8e-1104-406f-9e00-3bdd70af9f51" />
    <UnitTestResult executionId="d2467ea2-eea5-4ca9-be4c-38439e2988b2" testId="88f5e6f6-c9e3-ee11-7b94-d4d9d8d33311" testName="StreamsForge.Host.Tests.SourcesEndpointsLogicTests.GrpcEntityKeyPattern_matches_the_documented_shape(key: &quot;table:t1&quot;, expected: True)" computerName="Yuriys-MacBook-Pro" duration="00:00:00.0000047" startTime="2026-08-10T23:56:52.0215150+01:00" endTime="2026-08-10T23:56:52.0215150+01:00" testType="13cdc9d9-ddb5-4fa4-a97d-d965ccfc6d4b" outcome="Passed" testListId="8c84fa94-04c1-424b-9868-57a2d4851a1d" relativeResultsDirectory="d2467ea2-eea5-4ca9-be4c-38439e2988b2" />
    <UnitTestResult executionId="77630d2a-71e5-4097-a429-ca084b630a40" testId="5bbc9515-7fb5-ed83-da6b-456f26a7ea17" testName="StreamsForge.Host.Tests.ProtoFileBuilderCompileTests.Fattest_schema_shape_plus_streaming_contract_compiles_standalone_with_protoc" computerName="Yuriys-MacBook-Pro" duration="00:00:06.5907181" startTime="2026-08-10T23:57:00.2978750+01:00" endTime="2026-08-10T23:57:00.2978750+01:00" testType="13cdc9d9-ddb5-4fa4-a97d-d965ccfc6d4b" outcome="Passed" testListId="8c84fa94-04c1-424b-9868-57a2d4851a1d" relativeResultsDirectory="77630d2a-71e5-4097-a429-ca084b630a40" />
    <UnitTestResult executionId="c6de7e90-9141-4add-8c47-a1e027a72bc6" testId="0f570220-e24c-1e09-52fe-9fce9273e540" testName="StreamsForge.Host.Tests.RepeatedFieldWireRoundTripTests.Unicode_values_inside_a_repeated_nested_element_round_trip_exactly" computerName="Yuriys-MacBook-Pro" duration="00:00:00.0003502" startTime="2026-08-10T23:56:51.9893290+01:00" endTime="2026-08-10T23:56:51.9893290+01:00" testType="13cdc9d9-ddb5-4fa4-a97d-d965ccfc6d4b" outcome="Passed" testListId="8c84fa94-04c1-424b-9868-57a2d4851a1d" relativeResultsDirectory="c6de7e90-9141-4add-8c47-a1e027a72bc6" />
    <UnitTestResult executionId="93490f95-41e9-4f8e-9158-d01a049e8d36" testId="8291a61f-470c-3c40-f5b4-f399fc25896d" testName="StreamsForge.Host.Tests.ImportPlannerTests.Replace_mode_deletion_order_is_pipelines_then_tables_reverse_topo_then_sources" computerName="Yuriys-MacBook-Pro" duration="00:00:00.0008651" startTime="2026-08-10T23:56:52.0458980+01:00" endTime="2026-08-10T23:56:52.0458980+01:00" testType="13cdc9d9-ddb5-4fa4-a97d-d965ccfc6d4b" outcome="Passed" testListId="8c84fa94-04c1-424b-9868-57a2d4851a1d" relativeResultsDirectory="93490f95-41e9-4f8e-9158-d01a049e8d36" />
    <UnitTestResult executionId="f73f1917-d462-4259-8231-8821380d5afa" testId="19af4819-b052-3ccc-5165-b2ae0eafc978" testName="StreamsForge.Host.Tests.SourcesEndpointsLogicTests.GrpcEntityKeyPattern_matches_the_documented_shape(key: &quot;bogus:trades&quot;, expected: False)" computerName="Yuriys-MacBook-Pro" duration="00:00:00.0000014" startTime="2026-08-10T23:56:52.0215500+01:00" endTime="2026-08-10T23:56:52.0215500+01:00" testType="13cdc9d9-ddb5-4fa4-a97d-d965ccfc6d4b" outcome="Passed" testListId="8c84fa94-04c1-424b-9868-57a2d4851a1d" relativeResultsDirectory="f73f1917-d462-4259-8231-8821380d5afa" />
    <UnitTestResult executionId="42798b0a-3aa3-45d8-82e1-ff702b13b59c" testId="514aecb0-4827-b018-7057-3935b713952c" testName="StreamsForge.Host.Tests.MultilegGeneratorTests.Generated_events_alternate_between_swaps_and_option_strategies_with_the_documented_leg_counts" computerName="Yuriys-MacBook-Pro" duration="00:00:00.0386867" startTime="2026-08-10T23:56:51.5467070+01:00" endTime="2026-08-10T23:56:51.5467070+01:00" testType="13cdc9d9-ddb5-4fa4-a97d-d965ccfc6d4b" outcome="Passed" testListId="8c84fa94-04c1-424b-9868-57a2d4851a1d" relativeResultsDirectory="42798b0a-3aa3-45d8-82e1-ff702b13b59c" />
[...]
    <TestEntry testId="4d2187d1-2905-a3ce-d64e-f7bf757984b8" executionId="da5b1487-4e50-4855-8290-16278d789694" testListId="8c84fa94-04c1-424b-9868-57a2d4851a1d" />
    <TestEntry testId="ed5db37c-330c-e93e-04ab-48be53c7bbd0" executionId="3c06abb0-0e21-4ab4-8078-1ef43c893a6c" testListId="8c84fa94-04c1-424b-9868-57a2d4851a1d" />
    <TestEntry testId="74231ce1-bdea-96da-e0f2-6cc8bc5f4941" executionId="fe6424df-74fc-4e83-a696-1cc006563006" testListId="8c84fa94-04c1-424b-9868-57a2d4851a1d" />
    <TestEntry testId="bde89fa4-5527-c870-0b9b-096660f3a288" executionId="7f6847e1-cef2-4caa-985a-ac20d3b0c66d" testListId="8c84fa94-04c1-424b-9868-57a2d4851a1d" />
    <TestEntry testId="ec6c3b8e-ee83-948f-75c8-f2487fa56477" executionId="09cf091b-9886-455b-a54f-b0fd405fc2af" testListId="8c84fa94-04c1-424b-9868-57a2d4851a1d" />
    <TestEntry testId="1676505a-3bdd-b31d-8c9e-845b840d5e51" executionId="1a40e880-cf82-407e-b272-041688174f7f" testListId="8c84fa94-04c1-424b-9868-57a2d4851a1d" />
    <TestEntry testId="e78dd9f0-bf73-2458-d406-1464fa1b7c74" executionId="8d218733-feed-4615-8620-188adbbbff7b" testListId="8c84fa94-04c1-424b-9868-57a2d4851a1d" />
    <TestEntry testId="8c89845b-a941-1d8e-383c-ad11430cf8d3" executionId="c48770b0-f551-4ea8-83b7-b05d07d274c5" testListId="8c84fa94-04c1-424b-9868-57a2d4851a1d" />
    <TestEntry testId="d3eb2dc9-83fa-7e6b-b628-7316778b32e5" executionId="1d70a866-35c8-4e6f-9a1f-44055ae40c70" testListId="8c84fa94-04c1-424b-9868-57a2d4851a1d" />
    <TestEntry testId="5a582b0e-9ce3-5e98-c653-be4359bb53a3" executionId="0b015624-7dc8-4aec-8d3e-3d0cbf91592c" testListId="8c84fa94-04c1-424b-9868-57a2d4851a1d" />
    <TestEntry testId="29442948-d9b3-2c72-06c7-6b2b50047b1a" executionId="778f1fee-6adb-409c-800c-0eaaaa6d2f8a" testListId="8c84fa94-04c1-424b-9868-57a2d4851a1d" />
    <TestEntry testId="67493f46-5710-f400-95ee-2975bf181075" executionId="f5019494-45b3-4bb3-9b2d-7d1208193de3" testListId="8c84fa94-04c1-424b-9868-57a2d4851a1d" />
    <TestEntry testId="a9e3301d-813b-6d19-7664-ee83044c88c2" executionId="ebc7cd73-d99f-4c83-8e56-6d1b8135adb2" testListId="8c84fa94-04c1-424b-9868-57a2d4851a1d" />
    <TestEntry testId="a3feea76-a982-6dcf-b7d9-ec2072078d72" executionId="534dd2eb-7b2d-4574-bdec-b747590c2aac" testListId="8c84fa94-04c1-424b-9868-57a2d4851a1d" />
    <TestEntry testId="d0ec2573-99ec-cca8-1dc1-06e58c7d2e55" executionId="991c854f-2377-43a4-a23c-7090eca943ff" testListId="8c84fa94-04c1-424b-9868-57a2d4851a1d" />
    <TestEntry testId="b0944e35-abf5-23f6-37c7-fa17a7a70301" executionId="df611cf6-70e3-47d1-b055-8f9b730d3cf4" testListId="8c84fa94-04c1-424b-9868-57a2d4851a1d" />
    <TestEntry testId="0c18f943-9b76-0d95-3a7d-d91858e582fd" executionId="c13dbc0d-3915-4eec-9bc6-fe8cb618cf58" testListId="8c84fa94-04c1-424b-9868-57a2d4851a1d" />
    <TestEntry testId="b7e0f363-2b21-dda7-4fe9-9f9426a9191a" executionId="e83a8408-e623-443c-9825-03b4ee810787" testListId="8c84fa94-04c1-424b-9868-57a2d4851a1d" />
    <TestEntry testId="1432a9dd-bd20-0e4f-b2b4-4a5d4476137f" executionId="0645583c-cc5a-4ffc-a87a-9f93e83979a3" testListId="8c84fa94-04c1-424b-9868-57a2d4851a1d" />
    <TestEntry testId="1f81832c-fc2d-8b65-d6cb-9660a9b99384" executionId="bf44dfd5-e2aa-4d75-a668-2d9c2fe593be" testListId="8c84fa94-04c1-424b-9868-57a2d4851a1d" />
    <TestEntry testId="a1061070-ae2a-7b1b-9fed-02bc5467eb50" executionId="ff4e5451-43eb-4b81-9dd4-0f11e62d99d7" testListId="8c84fa94-04c1-424b-9868-57a2d4851a1d" />
    <TestEntry testId="7be096ff-c2e2-99f0-12c2-1358ed54a233" executionId="ce41779d-e8d1-4556-9060-05733b6f5f8c" testListId="8c84fa94-04c1-424b-9868-57a2d4851a1d" />
    <TestEntry testId="188855e0-c492-cca3-5e03-826b215b7e01" executionId="efab8eb0-f2d7-43a2-aaf9-251e1a0b42a9" testListId="8c84fa94-04c1-424b-9868-57a2d4851a1d" />
    <TestEntry testId="efdda90c-774b-06ae-7094-6b8a8d3d29ec" executionId="d1d8cb8f-d609-4061-9d6c-86a631dba542" testListId="8c84fa94-04c1-424b-9868-57a2d4851a1d" />
    <TestEntry testId="a0072757-7b38-feb5-77bd-3b732f66057e" executionId="0cfdc54e-f770-492d-a90a-4a06f9b9792c" testListId="8c84fa94-04c1-424b-9868-57a2d4851a1d" />
    <TestEntry testId="c8cd3e6e-ff02-2e07-a77c-3a39885ddd5d" executionId="de539255-ca16-4932-bf73-25b69c456fe5" testListId="8c84fa94-04c1-424b-9868-57a2d4851a1d" />
    <TestEntry testId="f892bdd0-d381-1928-7f12-ace62a51ff10" executionId="f4bf0305-9e1c-4f2f-b5ef-891eab33f5f3" testListId="8c84fa94-04c1-424b-9868-57a2d4851a1d" />
    <TestEntry testId="9ff72d9f-47ec-8704-59a0-fa3c6573b8d1" executionId="a517b3ae-380b-45d7-a272-4c00430b7fb3" testListId="8c84fa94-04c1-424b-9868-57a2d4851a1d" />
    <TestEntry testId="088aa8cd-0209-9aeb-5ebe-4ebe5047a96c" executionId="d183b16e-6d19-45cd-9e1b-f6b8114c5f0c" testListId="8c84fa94-04c1-424b-9868-57a2d4851a1d" />
    <TestEntry testId="7fe80cca-9c02-917f-9224-327a6b07312c" executionId="ca42c59a-4b7c-40c0-9d72-bce95d5dd575" testListId="8c84fa94-04c1-424b-9868-57a2d4851a1d" />
    <TestEntry testId="d0534995-2c67-a170-763d-71357f519288" executionId="c74bcb08-2242-4d44-b115-58971c172869" testListId="8c84fa94-04c1-424b-9868-57a2d4851a1d" />
    <TestEntry testId="83c22e70-83d3-685c-9afe-b091ef1dafc1" executionId="759e2836-c2ee-4581-9f61-d2b9fcc23788" testListId="8c84fa94-04c1-424b-9868-57a2d4851a1d" />
    <TestEntry testId="82310ecc-8bf2-87da-c36b-8316c144ac80" executionId="a8f2ec1e-6351-4c6b-b442-42a1ab79f497" testListId="8c84fa94-04c1-424b-9868-57a2d4851a1d" />
    <TestEntry testId="a578f196-cdc4-3bd4-445f-8ef15712a916" executionId="4061d431-3285-4364-89a1-3ec202b402ff" testListId="8c84fa94-04c1-424b-9868-57a2d4851a1d" />
    <TestEntry testId="69c49d9a-64f5-c1e1-29b5-ec45abff8031" executionId="5017600d-5285-4428-aed1-a0d099c1fe17" testListId="8c84fa94-04c1-424b-9868-57a2d4851a1d" />
    <TestEntry testId="25523d74-f182-fdf8-d3ff-2b82840c09b9" executionId="5bf3f99e-9c04-4c68-949c-a6493d80a512" testListId="8c84fa94-04c1-424b-9868-57a2d4851a1d" />
    <TestEntry testId="fe754027-1681-2a86-24bf-ce62f8f76812" executionId="bc5f5db0-a507-44c7-bb89-5d6a9eb30373" testListId="8c84fa94-04c1-424b-9868-57a2d4851a1d" />
    <TestEntry testId="f90409e3-ba10-d8a4-a78e-7aadad286852" executionId="236bcb45-d865-419d-abfa-a0687d777f94" testListId="8c84fa94-04c1-424b-9868-57a2d4851a1d" />
    <TestEntry testId="cfb42a71-b2cd-a46f-3626-83223a7a3564" executionId="dea816c4-15ff-45c6-bf19-c780265a04ea" testListId="8c84fa94-04c1-424b-9868-57a2d4851a1d" />
    <TestEntry testId="073b9590-4e2a-f0fe-a907-41d3ee0a5d7d" executionId="223403ef-0cfe-4b1d-b492-0911027e1cd7" testListId="8c84fa94-04c1-424b-9868-57a2d4851a1d" />
    <TestEntry testId="28c21a9c-0d26-9f3f-fb65-cec1bcd21366" executionId="2ef260c3-8cab-41ae-84f9-ed8b1efbf87b" testListId="8c84fa94-04c1-424b-9868-57a2d4851a1d" />
    <TestEntry testId="4176e21e-3bed-0e1f-43d1-64789e7604b5" executionId="c5d3d831-982a-4e34-b7d1-1f25b6317fd0" testListId="8c84fa94-04c1-424b-9868-57a2d4851a1d" />
    <TestEntry testId="073efc47-ffd6-f243-1781-baeaad39232c" executionId="07eb91d9-ab9f-44a1-893b-9f8e8d18f8ae" testListId="8c84fa94-04c1-424b-9868-57a2d4851a1d" />
    <TestEntry testId="08426e46-f8ac-e788-cf6b-d2dc6819a0ee" executionId="07a1e8f6-9559-4407-9f28-97474138b5ff" testListId="8c84fa94-04c1-424b-9868-57a2d4851a1d" />
    <TestEntry testId="df86f00f-fc7f-82bb-2e98-0f5fd88d0fb2" executionId="0f264ca5-7011-4886-ac94-53861d252443" testListId="8c84fa94-04c1-424b-9868-57a2d4851a1d" />
    <TestEntry testId="60d27811-85c7-5f1c-0113-266f1088bb2a" executionId="ff7e6b42-c18d-48e8-a346-1fbc323ad02c" testListId="8c84fa94-04c1-424b-9868-57a2d4851a1d" />
    <TestEntry testId="3810b443-fc14-0a85-87a9-7dc4076647f5" executionId="071d9e39-bd16-4ae8-b960-f2ec649c9aa4" testListId="8c84fa94-04c1-424b-9868-57a2d4851a1d" />
    <TestEntry testId="04aa5b7f-d19d-5d76-9e5e-a2acf7e57e49" executionId="e57a221b-2935-48e7-91ae-5e1080b1eaad" testListId="8c84fa94-04c1-424b-9868-57a2d4851a1d" />
    <TestEntry testId="39a44235-022d-9a82-2172-cfbdc2091976" executionId="fcd2e62b-6c1c-4a9f-a250-4c7585498cc3" testListId="8c84fa94-04c1-424b-9868-57a2d4851a1d" />
    <TestEntry testId="02f53db0-991a-359f-d610-30e447297d40" executionId="bb3b760e-678a-4a30-82ec-fc1179642fdd" testListId="8c84fa94-04c1-424b-9868-57a2d4851a1d" />
    <TestEntry testId="2d873e8b-3ee0-20cc-d993-53a6b832d255" executionId="9bbaff46-d05e-4484-b259-5c87c97d2980" testListId="8c84fa94-04c1-424b-9868-57a2d4851a1d" />
    <TestEntry testId="96f278f6-e316-36f6-0d1f-ea2d41b1169e" executionId="30ea5dec-a6be-4c38-81e9-864656e580e1" testListId="8c84fa94-04c1-424b-9868-57a2d4851a1d" />
    <TestEntry testId="8c40428f-865e-8bb6-cdf5-442667497f79" executionId="21c5f173-5bb1-45c8-b295-0f3bc360a9c0" testListId="8c84fa94-04c1-424b-9868-57a2d4851a1d" />
    <TestEntry testId="078ab748-b8d1-23ac-7965-0eac1d44e8a7" executionId="04615683-2bc5-49ed-8565-ff8b231b2832" testListId="8c84fa94-04c1-424b-9868-57a2d4851a1d" />
    <TestEntry testId="49182284-688f-b6bf-3e98-f11e22dd83a3" executionId="41c08f44-1b98-452a-adb9-1b59448def48" testListId="8c84fa94-04c1-424b-9868-57a2d4851a1d" />
    <TestEntry testId="70ff7346-92e0-e686-de87-28a64e4006ab" executionId="de854520-936b-4ae3-a15a-3613f9ea6453" testListId="8c84fa94-04c1-424b-9868-57a2d4851a1d" />
    <TestEntry testId="6213b4f0-620c-fe41-81ee-8abe489fd074" executionId="b9871663-9930-4b59-8638-4428fa522c61" testListId="8c84fa94-04c1-424b-9868-57a2d4851a1d" />
    <TestEntry testId="cf99dfe6-939a-c41e-e7dc-b14169ae8f47" executionId="a7a0e935-e851-4b33-aca9-6f13cbae5cbc" testListId="8c84fa94-04c1-424b-9868-57a2d4851a1d" />
    <TestEntry testId="34928cbd-9128-2391-a994-b18f4c8d9697" executionId="40187e54-ba7c-409d-8b49-818b6f10d5a4" testListId="8c84fa94-04c1-424b-9868-57a2d4851a1d" />
    <TestEntry testId="67ccbffb-b1e2-b488-c840-5ba407c0dbff" executionId="5f3e92f4-60f3-479b-a7d2-a728e0242478" testListId="8c84fa94-04c1-424b-9868-57a2d4851a1d" />
    <TestEntry testId="aea4fa80-2b37-cef9-2d6f-d2650a531490" executionId="c734506b-f866-4350-9367-e8c7912bff5d" testListId="8c84fa94-04c1-424b-9868-57a2d4851a1d" />
    <TestEntry testId="d4ee1acc-68a8-4c27-58b2-385b43ec0359" executionId="1b85fd6d-00e6-475c-be9a-26d84dad3788" testListId="8c84fa94-04c1-424b-9868-57a2d4851a1d" />
    <TestEntry testId="d630b9e0-9127-6583-3066-44eecdba41d6" executionId="60170011-c8f3-4725-b7e8-dbd53aa0d107" testListId="8c84fa94-04c1-424b-9868-57a2d4851a1d" />
    <TestEntry testId="1dae9e94-2934-353e-824c-c7d50d3e238e" executionId="a92bd6b3-a640-4e4e-91ee-24c56c11288d" testListId="8c84fa94-04c1-424b-9868-57a2d4851a1d" />
    <TestEntry testId="333169cc-e7ba-17b6-b343-470e45baa60e" executionId="aa7ef101-08ad-42dd-b644-97c060562d7a" testListId="8c84fa94-04c1-424b-9868-57a2d4851a1d" />
    <TestEntry testId="94780b55-9109-6904-196a-7b78843a1aa6" executionId="7250e6f0-08d3-46a2-9176-9b6c8fcb048c" testListId="8c84fa94-04c1-424b-9868-57a2d4851a1d" />
    <TestEntry testId="911d415f-fe4f-e149-d954-d4c2e5a12d9f" executionId="0b147e06-e2e6-4a18-a206-3a2e6caee06c" testListId="8c84fa94-04c1-424b-9868-57a2d4851a1d" />
    <TestEntry testId="515c2d6b-3db2-4bac-ee00-52fcefb78ced" executionId="a856c215-a12c-4097-800c-8aed11b18229" testListId="8c84fa94-04c1-424b-9868-57a2d4851a1d" />
    <TestEntry testId="3c2da785-82af-ec17-4179-7387cf285e6b" executionId="23859079-0d95-442b-94aa-b492bd51f4e3" testListId="8c84fa94-04c1-424b-9868-57a2d4851a1d" />
    <TestEntry testId="a4a72342-fbec-7b35-051f-baa2443fdf98" executionId="60706950-ac96-4a8c-819c-b0be15843ccf" testListId="8c84fa94-04c1-424b-9868-57a2d4851a1d" />
    <TestEntry testId="1721f392-dec8-671e-725a-753da94d3b41" executionId="66b318f6-a405-4f17-8e50-702318b2c9d9" testListId="8c84fa94-04c1-424b-9868-57a2d4851a1d" />
    <TestEntry testId="ec344fda-0569-6a1c-0386-3f94231c8610" executionId="b3f341bb-5a73-49bc-8e08-95eef6429ec2" testListId="8c84fa94-04c1-424b-9868-57a2d4851a1d" />
    <TestEntry testId="fdeeb4bd-905c-6308-f87a-1559471c5093" executionId="30c069df-870f-4668-93ff-fcb4efb1ec33" testListId="8c84fa94-04c1-424b-9868-57a2d4851a1d" />
    <TestEntry testId="673d327b-2777-a30b-05ff-f6af95132a4b" executionId="1bd5e44d-3c7b-4f24-bb3e-58f0d29f3bdc" testListId="8c84fa94-04c1-424b-9868-57a2d4851a1d" />
    <TestEntry testId="66aeb339-0a64-8b27-65f7-2efbd310f47f" executionId="17497fe1-a016-4c0b-9d07-872189cbdb11" testListId="8c84fa94-04c1-424b-9868-57a2d4851a1d" />
    <TestEntry testId="d040cf72-be26-be54-401a-c77aecb24f7f" executionId="48b839df-6527-49c9-aea3-84491a052f4b" testListId="8c84fa94-04c1-424b-9868-57a2d4851a1d" />
    <TestEntry testId="8d557add-99b8-91f9-5815-624e95976023" executionId="24fced46-516c-499c-a8c8-0ac6a340d085" testListId="8c84fa94-04c1-424b-9868-57a2d4851a1d" />
    <TestEntry testId="751fffba-97bd-e59a-2920-a0caaa615d7a" executionId="b0eee20e-466d-41ce-8c79-bdfac5352ed5" testListId="8c84fa94-04c1-424b-9868-57a2d4851a1d" />
    <TestEntry testId="b9b79f32-7db0-b23c-0d30-478c356d43fa" executionId="9884e8cc-8574-4eb2-92d6-84a9fdec48d5" testListId="8c84fa94-04c1-424b-9868-57a2d4851a1d" />
    <TestEntry testId="567d2e48-501b-3392-1c76-fc66544b869b" executionId="947b61c7-0790-45bf-8d00-243cf17e1b17" testListId="8c84fa94-04c1-424b-9868-57a2d4851a1d" />
    <TestEntry testId="b31ef4d2-5602-eb1e-253f-175648143113" executionId="27218c4a-3a10-4a00-9ce9-8b89684de76e" testListId="8c84fa94-04c1-424b-9868-57a2d4851a1d" />
    <TestEntry testId="f0b4131f-6e05-7b55-eb73-d2c4fa674739" executionId="baa0ce76-8fe6-49c1-b864-2f4a77d1cdd6" testListId="8c84fa94-04c1-424b-9868-57a2d4851a1d" />
    <TestEntry testId="46c74af9-b4bb-dae7-3ccc-bb03cf530ff6" executionId="7229c435-77ad-4350-a79a-9f04aa859a63" testListId="8c84fa94-04c1-424b-9868-57a2d4851a1d" />
    <TestEntry testId="6dbdca43-9319-d210-277b-6493f1c9f9ce" executionId="40479f3a-9031-480b-a61a-7c088d5427f9" testListId="8c84fa94-04c1-424b-9868-57a2d4851a1d" />
    <TestEntry testId="fa93a9cd-3d3b-1463-bfa9-78bd38580a6e" executionId="d4e3d047-fe3f-4edd-9222-95067e5b62ee" testListId="8c84fa94-04c1-424b-9868-57a2d4851a1d" />
    <TestEntry testId="20aeb469-98d8-c2de-6e55-9073f971c498" executionId="77048d96-04a9-4d02-82a7-a72ca146a8a8" testListId="8c84fa94-04c1-424b-9868-57a2d4851a1d" />
    <TestEntry testId="414fb10f-2725-358f-00d9-3ce39cd66d89" executionId="fc9f947f-95d6-4b16-b48d-78665a266035" testListId="8c84fa94-04c1-424b-9868-57a2d4851a1d" />
    <TestEntry testId="c25a389d-5b67-057e-468b-cbc8ecc15981" executionId="1993843d-6ac1-41e8-9893-1dab84990e72" testListId="8c84fa94-04c1-424b-9868-57a2d4851a1d" />
    <TestEntry testId="4cb91836-1e4a-ffc8-790b-44ada6ea38db" executionId="0ecc3104-829b-485a-8b14-d47924f74f1d" testListId="8c84fa94-04c1-424b-9868-57a2d4851a1d" />
    <TestEntry testId="3f11e2df-9756-be9a-47a4-c942a6ff7a88" executionId="e0bdc3e7-1c86-4521-ae92-47c69a738339" testListId="8c84fa94-04c1-424b-9868-57a2d4851a1d" />
    <TestEntry testId="9f445f1f-27c1-7ccd-76da-faccabad58b1" executionId="511bba53-7428-4830-b1d4-d0dd25180366" testListId="8c84fa94-04c1-424b-9868-57a2d4851a1d" />
    <TestEntry testId="adcdcadd-95d0-40b7-0b03-417693a770b0" executionId="cbf53d02-5bf9-4574-8c55-8ea0dd2d2822" testListId="8c84fa94-04c1-424b-9868-57a2d4851a1d" />
    <TestEntry testId="a1c703ba-82fa-1dbe-29aa-cd8afb938d97" executionId="6d0a6b0c-f0e1-4a1b-b68f-d251714bf890" testListId="8c84fa94-04c1-424b-9868-57a2d4851a1d" />
    <TestEntry testId="713d1eb4-07c4-9d48-fa9d-b89126102513" executionId="9362dff7-d088-4c97-849e-4721f252f0a3" testListId="8c84fa94-04c1-424b-9868-57a2d4851a1d" />
    <TestEntry testId="1bf999dc-7cde-7f7d-6f65-a788e2a11dcf" executionId="f9878617-f230-4295-a742-51ca234b1510" testListId="8c84fa94-04c1-424b-9868-57a2d4851a1d" />
    <TestEntry testId="dcb0ad96-244c-47e4-ed72-d4f1983beb04" executionId="c187dbf2-c201-41f8-a252-481a6ff6bda3" testListId="8c84fa94-04c1-424b-9868-57a2d4851a1d" />
    <TestEntry testId="03a9031f-5cbf-1fec-5d37-f5c9cb01aedb" executionId="9ba82ac1-345c-4504-9968-9e0ea15858a1" testListId="8c84fa94-04c1-424b-9868-57a2d4851a1d" />
    <TestEntry testId="72bfd66c-820b-7b22-89d7-fb1313337520" executionId="3db19e4f-3d97-4002-97de-735d39081b7c" testListId="8c84fa94-04c1-424b-9868-57a2d4851a1d" />
    <TestEntry testId="2a842a20-2008-6fe2-0fcb-90bffc627dd1" executionId="5d76953c-22c7-4082-b890-8f3f6dae1153" testListId="8c84fa94-04c1-424b-9868-57a2d4851a1d" />
    <TestEntry testId="33025ef4-ee4d-c905-42b6-49c50be54108" executionId="54f9f1d6-2e38-450a-af16-ecbd30cb58c9" testListId="8c84fa94-04c1-424b-9868-57a2d4851a1d" />
    <TestEntry testId="5aeda280-edc4-ef6b-f4c2-14df09850ea7" executionId="92ec80f0-822a-4b73-a199-03db092b2bc3" testListId="8c84fa94-04c1-424b-9868-57a2d4851a1d" />
    <TestEntry testId="d7e62602-5566-e3db-1e81-fac05f88f175" executionId="b4125a29-4f20-477d-ae24-219493cdb221" testListId="8c84fa94-04c1-424b-9868-57a2d4851a1d" />
    <TestEntry testId="12b9166f-75c8-fa6e-d789-b260c9a265f8" executionId="9a76533e-564a-4666-9288-9ca59f74244a" testListId="8c84fa94-04c1-424b-9868-57a2d4851a1d" />
    <TestEntry testId="49706a8f-f682-ba60-b0c0-c61cf46bcb0b" executionId="1334900e-f036-4d39-bc2f-3f3a4f5fab54" testListId="8c84fa94-04c1-424b-9868-57a2d4851a1d" />
    <TestEntry testId="9615a11a-e394-f1c4-aa23-8cbdfa1a9ecd" executionId="cbbee987-3424-4aef-a544-8213327bdedc" testListId="8c84fa94-04c1-424b-9868-57a2d4851a1d" />
    <TestEntry testId="9484f870-2805-013a-1555-451fbc7e7dbe" executionId="81aa58cb-f2f9-41f8-805b-f38d9e977b8c" testListId="8c84fa94-04c1-424b-9868-57a2d4851a1d" />
    <TestEntry testId="0e267a33-685f-2657-60cf-463dec1b6cca" executionId="426d0de7-8672-4860-98d5-b731f64e840f" testListId="8c84fa94-04c1-424b-9868-57a2d4851a1d" />
    <TestEntry testId="38c98fb5-506f-0c7c-c934-5b7056613cd6" executionId="fc17501d-96a1-4124-baca-234b6bfa154d" testListId="8c84fa94-04c1-424b-9868-57a2d4851a1d" />
    <TestEntry testId="831ac67b-bc18-a7fe-4a07-24eccc942db7" executionId="855f51d6-dfe4-42f7-b286-3bff6debcff6" testListId="8c84fa94-04c1-424b-9868-57a2d4851a1d" />
    <TestEntry testId="0d71d7e7-81b3-d869-27de-42d054255ed9" executionId="a979a14b-3c02-4b6d-b1de-7c8c2f4e7241" testListId="8c84fa94-04c1-424b-9868-57a2d4851a1d" />
    <TestEntry testId="0891d49a-6182-3b3f-1ec0-e80a13f0945b" executionId="5a90e952-1d1f-407f-9909-17981210c0a5" testListId="8c84fa94-04c1-424b-9868-57a2d4851a1d" />
    <TestEntry testId="018d51c8-cce4-5237-aa82-a58523713a32" executionId="9b815a24-b4b7-4285-838b-0ca2f13c98f7" testListId="8c84fa94-04c1-424b-9868-57a2d4851a1d" />
    <TestEntry testId="0809de29-b552-6fb1-1687-91ea9062ed99" executionId="804904e5-2c99-4ee4-ad61-083828af72b4" testListId="8c84fa94-04c1-424b-9868-57a2d4851a1d" />
    <TestEntry testId="9791377b-9ff9-397e-954a-720a77b1d2bd" executionId="bda24eae-f497-4325-961c-9185ec153bc7" testListId="8c84fa94-04c1-424b-9868-57a2d4851a1d" />
    <TestEntry testId="3ebc7f07-f490-cc05-6fc4-b73f5e003b39" executionId="11415bbd-aaa9-4e8b-baa9-a7f53cb3723b" testListId="8c84fa94-04c1-424b-9868-57a2d4851a1d" />
  </TestEntries>
  <TestLists>
    <TestList name="Results Not in a List" id="8c84fa94-04c1-424b-9868-57a2d4851a1d" />
    <TestList name="All Loaded Results" id="19431567-8539-422a-85d7-44ee4e166bda" />
  </TestLists>
  <ResultSummary outcome="Completed">
    <Counters total="511" executed="511" passed="511" failed="0" error="0" timeout="0" aborted="0" inconclusive="0" passedButRunAborted="0" notRunnable="0" notExecuted="0" disconnected="0" warning="0" completed="0" inProgress="0" pending="0" />
    <Output>
      <StdOut>[xUnit.net 00:00:00.00] xUnit.net VSTest Adapter v2.8.2+699d445a1a (64-bit .NET 10.0.10)
[xUnit.net 00:00:00.43]   Discovering: StreamsForge.Host.Tests
[xUnit.net 00:00:00.60]   Discovered:  StreamsForge.Host.Tests
[xUnit.net 00:00:00.61]   Starting:    StreamsForge.Host.Tests
[xUnit.net 00:00:46.58]   Finished:    StreamsForge.Host.Tests
</StdOut>
    </Output>
  </ResultSummary>
</TestRun>